2019-08-13 03:23:34 INFO  cic.cs.unb.ca.jnetpcap.worker.TrafficFlowWorker    Pcap is listening...
2019-08-13 03:23:38 DEBUG cic.cs.unb.ca.jnetpcap.FlowGenerator    FlagFIN current has 17 flow
2019-08-13 03:23:39 DEBUG cic.cs.unb.ca.jnetpcap.FlowGenerator    FlagFIN current has 19 flow
2019-08-13 03:23:39 DEBUG cic.cs.unb.ca.jnetpcap.FlowGenerator    FlagFIN current has 21 flow
2019-08-13 03:23:39 DEBUG cic.cs.unb.ca.jnetpcap.FlowGenerator    FlagFIN current has 23 flow
2019-08-13 03:23:43 DEBUG cic.cs.unb.ca.jnetpcap.FlowGenerator    FlagFIN current has 25 flow
2019-08-13 03:23:43 DEBUG cic.cs.unb.ca.jnetpcap.FlowGenerator    FlagFIN current has 27 flow
2019-08-13 03:23:54 DEBUG cic.cs.unb.ca.jnetpcap.FlowGenerator    FlagFIN current has 45 flow
2019-08-13 03:23:54 DEBUG cic.cs.unb.ca.jnetpcap.FlowGenerator    FlagFIN current has 47 flow
2019-08-13 03:23:54 DEBUG cic.cs.unb.ca.jnetpcap.FlowGenerator    FlagFIN current has 49 flow
2019-08-13 03:23:54 DEBUG cic.cs.unb.ca.jnetpcap.FlowGenerator    FlagFIN current has 51 flow
2019-08-13 03:23:54 INFO  cic.cs.unb.ca.flow.ui.FlowMonitorPane    Pcap stop listening
2019-08-13 03:23:54 INFO  cic.cs.unb.ca.flow.ui.FlowMonitorPane    path:D:\CIC-IDS-2017\CICFlowMeter-4.0\bin\data\daily\2019-08-13_Flow.csv
2019-08-13 03:23:56 DEBUG cic.cs.unb.ca.jnetpcap.worker.TrafficFlowWorker    break Packet loop
2019-08-13 04:01:59 INFO  cic.cs.unb.ca.jnetpcap.worker.TrafficFlowWorker    Pcap is listening...
2019-08-13 04:02:01 DEBUG cic.cs.unb.ca.jnetpcap.FlowGenerator    FlagFIN current has 10 flow
2019-08-13 04:02:03 DEBUG cic.cs.unb.ca.jnetpcap.FlowGenerator    FlagFIN current has 13 flow
2019-08-13 04:02:03 DEBUG cic.cs.unb.ca.jnetpcap.FlowGenerator    FlagFIN current has 15 flow
2019-08-13 04:02:03 DEBUG cic.cs.unb.ca.jnetpcap.FlowGenerator    FlagFIN current has 17 flow
2019-08-13 04:02:12 DEBUG cic.cs.unb.ca.jnetpcap.FlowGenerator    FlagFIN current has 19 flow
2019-08-13 04:02:12 DEBUG cic.cs.unb.ca.jnetpcap.FlowGenerator    FlagFIN current has 21 flow
2019-08-13 04:02:12 DEBUG cic.cs.unb.ca.jnetpcap.FlowGenerator    FlagFIN current has 24 flow
2019-08-13 04:02:17 DEBUG cic.cs.unb.ca.jnetpcap.FlowGenerator    FlagFIN current has 36 flow
2019-08-13 04:02:17 DEBUG cic.cs.unb.ca.jnetpcap.FlowGenerator    FlagFIN current has 38 flow
2019-08-13 04:02:17 DEBUG cic.cs.unb.ca.jnetpcap.FlowGenerator    FlagFIN current has 40 flow
2019-08-13 04:02:18 DEBUG cic.cs.unb.ca.jnetpcap.FlowGenerator    FlagFIN current has 42 flow
2019-08-13 04:02:26 DEBUG cic.cs.unb.ca.jnetpcap.FlowGenerator    FlagFIN current has 44 flow
2019-08-13 04:02:27 DEBUG cic.cs.unb.ca.jnetpcap.FlowGenerator    FlagFIN current has 46 flow
2019-08-13 04:02:27 DEBUG cic.cs.unb.ca.jnetpcap.FlowGenerator    FlagFIN current has 53 flow
2019-08-13 04:02:27 DEBUG cic.cs.unb.ca.jnetpcap.FlowGenerator    FlagFIN current has 53 flow
2019-08-13 04:02:31 DEBUG cic.cs.unb.ca.jnetpcap.FlowGenerator    FlagFIN current has 54 flow
2019-08-13 04:02:31 DEBUG cic.cs.unb.ca.jnetpcap.worker.InsertCsvRow    D:\CIC-IDS-2017\CICFlowMeter-4.0\bin\data\daily\2019-08-13_Flow.csv (The process cannot access the file because it is being used by another process)
2019-08-13 04:02:33 DEBUG cic.cs.unb.ca.jnetpcap.FlowGenerator    FlagFIN current has 58 flow
2019-08-13 04:02:33 DEBUG cic.cs.unb.ca.jnetpcap.FlowGenerator    FlagFIN current has 60 flow
2019-08-13 04:02:33 DEBUG cic.cs.unb.ca.jnetpcap.FlowGenerator    FlagFIN current has 62 flow
2019-08-13 04:02:33 DEBUG cic.cs.unb.ca.jnetpcap.worker.InsertCsvRow    D:\CIC-IDS-2017\CICFlowMeter-4.0\bin\data\daily\2019-08-13_Flow.csv (The process cannot access the file because it is being used by another process)
2019-08-13 04:02:33 DEBUG cic.cs.unb.ca.jnetpcap.worker.InsertCsvRow    D:\CIC-IDS-2017\CICFlowMeter-4.0\bin\data\daily\2019-08-13_Flow.csv (The process cannot access the file because it is being used by another process)
2019-08-13 04:02:33 DEBUG cic.cs.unb.ca.jnetpcap.worker.InsertCsvRow    D:\CIC-IDS-2017\CICFlowMeter-4.0\bin\data\daily\2019-08-13_Flow.csv (The process cannot access the file because it is being used by another process)
2019-08-13 04:02:34 DEBUG cic.cs.unb.ca.jnetpcap.FlowGenerator    FlagFIN current has 64 flow
2019-08-13 04:02:34 DEBUG cic.cs.unb.ca.jnetpcap.worker.InsertCsvRow    D:\CIC-IDS-2017\CICFlowMeter-4.0\bin\data\daily\2019-08-13_Flow.csv (The process cannot access the file because it is being used by another process)
2019-08-13 04:02:34 DEBUG cic.cs.unb.ca.jnetpcap.FlowGenerator    FlagFIN current has 66 flow
2019-08-13 04:02:34 DEBUG cic.cs.unb.ca.jnetpcap.worker.InsertCsvRow    D:\CIC-IDS-2017\CICFlowMeter-4.0\bin\data\daily\2019-08-13_Flow.csv (The process cannot access the file because it is being used by another process)
2019-08-13 04:02:35 DEBUG cic.cs.unb.ca.jnetpcap.FlowGenerator    FlagFIN current has 68 flow
2019-08-13 04:02:35 DEBUG cic.cs.unb.ca.jnetpcap.worker.InsertCsvRow    D:\CIC-IDS-2017\CICFlowMeter-4.0\bin\data\daily\2019-08-13_Flow.csv (The process cannot access the file because it is being used by another process)
2019-08-13 04:02:49 DEBUG cic.cs.unb.ca.jnetpcap.FlowGenerator    FlagFIN current has 81 flow
2019-08-13 04:02:49 DEBUG cic.cs.unb.ca.jnetpcap.FlowGenerator    FlagFIN current has 83 flow
2019-08-13 04:02:49 DEBUG cic.cs.unb.ca.jnetpcap.worker.InsertCsvRow    D:\CIC-IDS-2017\CICFlowMeter-4.0\bin\data\daily\2019-08-13_Flow.csv (The process cannot access the file because it is being used by another process)
2019-08-13 04:02:49 DEBUG cic.cs.unb.ca.jnetpcap.worker.InsertCsvRow    D:\CIC-IDS-2017\CICFlowMeter-4.0\bin\data\daily\2019-08-13_Flow.csv (The process cannot access the file because it is being used by another process)
2019-08-13 04:02:49 DEBUG cic.cs.unb.ca.jnetpcap.FlowGenerator    FlagFIN current has 85 flow
2019-08-13 04:02:49 DEBUG cic.cs.unb.ca.jnetpcap.worker.InsertCsvRow    D:\CIC-IDS-2017\CICFlowMeter-4.0\bin\data\daily\2019-08-13_Flow.csv (The process cannot access the file because it is being used by another process)
2019-08-13 04:02:52 DEBUG cic.cs.unb.ca.jnetpcap.FlowGenerator    FlagFIN current has 87 flow
2019-08-13 04:02:52 DEBUG cic.cs.unb.ca.jnetpcap.FlowGenerator    FlagFIN current has 89 flow
2019-08-13 04:02:52 DEBUG cic.cs.unb.ca.jnetpcap.worker.InsertCsvRow    D:\CIC-IDS-2017\CICFlowMeter-4.0\bin\data\daily\2019-08-13_Flow.csv (The process cannot access the file because it is being used by another process)
2019-08-13 04:02:52 DEBUG cic.cs.unb.ca.jnetpcap.worker.InsertCsvRow    D:\CIC-IDS-2017\CICFlowMeter-4.0\bin\data\daily\2019-08-13_Flow.csv (The process cannot access the file because it is being used by another process)
2019-08-13 04:02:52 DEBUG cic.cs.unb.ca.jnetpcap.FlowGenerator    FlagFIN current has 91 flow
2019-08-13 04:02:52 DEBUG cic.cs.unb.ca.jnetpcap.worker.InsertCsvRow    D:\CIC-IDS-2017\CICFlowMeter-4.0\bin\data\daily\2019-08-13_Flow.csv (The process cannot access the file because it is being used by another process)
2019-08-13 04:02:56 DEBUG cic.cs.unb.ca.jnetpcap.FlowGenerator    FlagFIN current has 107 flow
2019-08-13 04:02:56 DEBUG cic.cs.unb.ca.jnetpcap.FlowGenerator    FlagFIN current has 108 flow
2019-08-13 04:03:05 DEBUG cic.cs.unb.ca.jnetpcap.FlowGenerator    FlagFIN current has 115 flow
2019-08-13 04:03:05 DEBUG cic.cs.unb.ca.jnetpcap.FlowGenerator    FlagFIN current has 117 flow
2019-08-13 04:03:06 DEBUG cic.cs.unb.ca.jnetpcap.FlowGenerator    FlagFIN current has 119 flow
2019-08-13 04:03:06 DEBUG cic.cs.unb.ca.jnetpcap.FlowGenerator    FlagFIN current has 121 flow
2019-08-13 04:03:06 DEBUG cic.cs.unb.ca.jnetpcap.FlowGenerator    FlagFIN current has 123 flow
2019-08-13 04:03:19 DEBUG cic.cs.unb.ca.jnetpcap.FlowGenerator    FlagFIN current has 125 flow
2019-08-13 04:03:19 DEBUG cic.cs.unb.ca.jnetpcap.FlowGenerator    FlagFIN current has 128 flow
2019-08-13 04:03:21 DEBUG cic.cs.unb.ca.jnetpcap.FlowGenerator    FlagFIN current has 138 flow
2019-08-13 04:03:21 DEBUG cic.cs.unb.ca.jnetpcap.FlowGenerator    FlagFIN current has 140 flow
2019-08-13 04:03:21 INFO  cic.cs.unb.ca.flow.ui.FlowMonitorPane    Pcap stop listening
2019-08-13 04:03:21 INFO  cic.cs.unb.ca.flow.ui.FlowMonitorPane    path:D:\CIC-IDS-2017\CICFlowMeter-4.0\bin\data\daily\2019-08-13_Flow.csv
2019-08-13 04:03:25 DEBUG cic.cs.unb.ca.jnetpcap.FlowGenerator    FlagFIN current has 142 flow
2019-08-13 04:03:25 DEBUG cic.cs.unb.ca.jnetpcap.worker.TrafficFlowWorker    break Packet loop
