2019-09-29 00:06:01 INFO  cic.cs.unb.ca.jnetpcap.worker.TrafficFlowWorker    Pcap is listening...
2019-09-29 00:06:31 DEBUG cic.cs.unb.ca.jnetpcap.FlowGenerator    FlagFIN current has 257 flow
2019-09-29 00:06:31 DEBUG cic.cs.unb.ca.jnetpcap.FlowGenerator    FlagFIN current has 257 flow
2019-09-29 00:06:31 DEBUG cic.cs.unb.ca.jnetpcap.FlowGenerator    FlagFIN current has 258 flow
2019-09-29 00:06:31 DEBUG cic.cs.unb.ca.jnetpcap.FlowGenerator    FlagFIN current has 259 flow
2019-09-29 00:06:49 DEBUG cic.cs.unb.ca.jnetpcap.FlowGenerator    FlagFIN current has 399 flow
2019-09-29 00:07:00 DEBUG cic.cs.unb.ca.jnetpcap.FlowGenerator    FlagFIN current has 532 flow
2019-09-29 00:07:00 DEBUG cic.cs.unb.ca.jnetpcap.FlowGenerator    FlagFIN current has 532 flow
2019-09-29 00:07:00 DEBUG cic.cs.unb.ca.jnetpcap.FlowGenerator    FlagFIN current has 533 flow
2019-09-29 00:07:01 DEBUG cic.cs.unb.ca.jnetpcap.FlowGenerator    FlagFIN current has 533 flow
2019-09-29 00:07:32 DEBUG cic.cs.unb.ca.jnetpcap.FlowGenerator    FlagFIN current has 725 flow
2019-09-29 00:07:32 DEBUG cic.cs.unb.ca.jnetpcap.FlowGenerator    FlagFIN current has 725 flow
2019-09-29 00:07:32 DEBUG cic.cs.unb.ca.jnetpcap.FlowGenerator    FlagFIN current has 726 flow
2019-09-29 00:07:39 INFO  cic.cs.unb.ca.flow.ui.FlowMonitorPane    Pcap stop listening
2019-09-29 00:07:39 INFO  cic.cs.unb.ca.flow.ui.FlowMonitorPane    path:C:\Users\Wilfred Wulbou\Desktop\BSCS4\CS402\IDS\ids\CICFlowMeter-4.0\bin\data\daily\2019-09-29_Flow.csv
2019-09-29 00:07:39 DEBUG cic.cs.unb.ca.jnetpcap.worker.TrafficFlowWorker    break Packet loop
2019-09-29 00:08:01 INFO  cic.cs.unb.ca.jnetpcap.worker.TrafficFlowWorker    Pcap is listening...
2019-09-29 00:08:10 INFO  cic.cs.unb.ca.flow.ui.FlowMonitorPane    Pcap stop listening
2019-09-29 00:08:10 INFO  cic.cs.unb.ca.flow.ui.FlowMonitorPane    path:C:\Users\Wilfred Wulbou\Desktop\BSCS4\CS402\IDS\ids\CICFlowMeter-4.0\bin\data\daily\2019-09-29_Flow.csv
2019-09-29 00:08:11 DEBUG cic.cs.unb.ca.jnetpcap.worker.TrafficFlowWorker    break Packet loop
2019-09-29 00:08:35 INFO  cic.cs.unb.ca.jnetpcap.worker.TrafficFlowWorker    Pcap is listening...
2019-09-29 00:09:00 DEBUG cic.cs.unb.ca.jnetpcap.FlowGenerator    FlagFIN current has 419 flow
2019-09-29 00:09:00 DEBUG cic.cs.unb.ca.jnetpcap.FlowGenerator    FlagFIN current has 419 flow
2019-09-29 00:09:00 DEBUG cic.cs.unb.ca.jnetpcap.FlowGenerator    FlagFIN current has 420 flow
2019-09-29 00:09:00 DEBUG cic.cs.unb.ca.jnetpcap.FlowGenerator    FlagFIN current has 420 flow
2019-09-29 00:09:31 DEBUG cic.cs.unb.ca.jnetpcap.FlowGenerator    FlagFIN current has 774 flow
2019-09-29 00:09:31 DEBUG cic.cs.unb.ca.jnetpcap.FlowGenerator    FlagFIN current has 774 flow
2019-09-29 00:09:31 DEBUG cic.cs.unb.ca.jnetpcap.FlowGenerator    FlagFIN current has 802 flow
2019-09-29 00:09:31 DEBUG cic.cs.unb.ca.jnetpcap.FlowGenerator    FlagFIN current has 802 flow
2019-09-29 00:09:39 INFO  cic.cs.unb.ca.flow.ui.FlowMonitorPane    Pcap stop listening
2019-09-29 00:09:39 INFO  cic.cs.unb.ca.flow.ui.FlowMonitorPane    path:C:\Users\Wilfred Wulbou\Desktop\BSCS4\CS402\IDS\ids\CICFlowMeter-4.0\bin\data\daily\2019-09-29_Flow.csv
2019-09-29 00:09:46 DEBUG cic.cs.unb.ca.jnetpcap.worker.TrafficFlowWorker    break Packet loop
2019-09-29 00:38:26 INFO  cic.cs.unb.ca.jnetpcap.worker.TrafficFlowWorker    Pcap is listening...
2019-09-29 00:42:27 INFO  cic.cs.unb.ca.flow.ui.FlowMonitorPane    path:C:\Users\Wilfred Wulbou\Desktop\BSCS4\CS402\IDS\ids\CICFlowMeter-4.0\bin\data\daily\2019-09-29_Flow.csv
2019-09-29 00:47:15 INFO  cic.cs.unb.ca.flow.ui.FlowMonitorPane    path:C:\Users\Wilfred Wulbou\Desktop\BSCS4\CS402\IDS\ids\CICFlowMeter-4.0\bin\data\daily\2019-09-29_Flow.csv
2019-09-29 00:48:43 INFO  cic.cs.unb.ca.jnetpcap.worker.TrafficFlowWorker    Pcap is listening...
2019-09-29 00:48:47 DEBUG cic.cs.unb.ca.jnetpcap.FlowGenerator    FlagFIN current has 9 flow
2019-09-29 00:48:47 DEBUG cic.cs.unb.ca.jnetpcap.FlowGenerator    FlagFIN current has 9 flow
2019-09-29 00:48:47 DEBUG cic.cs.unb.ca.jnetpcap.FlowGenerator    FlagFIN current has 9 flow
2019-09-29 00:48:47 DEBUG cic.cs.unb.ca.jnetpcap.FlowGenerator    FlagFIN current has 10 flow
2019-09-29 00:49:15 DEBUG cic.cs.unb.ca.jnetpcap.FlowGenerator    FlagFIN current has 32 flow
2019-09-29 00:49:15 DEBUG cic.cs.unb.ca.jnetpcap.FlowGenerator    FlagFIN current has 32 flow
2019-09-29 00:49:20 DEBUG cic.cs.unb.ca.jnetpcap.FlowGenerator    FlagFIN current has 34 flow
2019-09-29 00:49:20 DEBUG cic.cs.unb.ca.jnetpcap.FlowGenerator    FlagFIN current has 34 flow
2019-09-29 00:49:26 INFO  cic.cs.unb.ca.flow.ui.FlowMonitorPane    Pcap stop listening
2019-09-29 00:49:26 INFO  cic.cs.unb.ca.flow.ui.FlowMonitorPane    path:C:\Users\Wilfred Wulbou\Desktop\BSCS4\CS402\IDS\ids\CICFlowMeter-4.0\bin\data\daily\2019-09-29_Flow.csv
2019-09-29 00:49:29 DEBUG cic.cs.unb.ca.jnetpcap.worker.TrafficFlowWorker    break Packet loop
2019-09-29 00:51:30 INFO  cic.cs.unb.ca.jnetpcap.worker.TrafficFlowWorker    Pcap is listening...
2019-09-29 00:51:41 DEBUG cic.cs.unb.ca.jnetpcap.FlowGenerator    FlagFIN current has 18 flow
2019-09-29 00:51:46 DEBUG cic.cs.unb.ca.jnetpcap.FlowGenerator    FlagFIN current has 27 flow
2019-09-29 00:51:46 DEBUG cic.cs.unb.ca.jnetpcap.FlowGenerator    FlagFIN current has 27 flow
2019-09-29 00:51:47 DEBUG cic.cs.unb.ca.jnetpcap.FlowGenerator    FlagFIN current has 28 flow
2019-09-29 00:51:47 DEBUG cic.cs.unb.ca.jnetpcap.FlowGenerator    FlagFIN current has 28 flow
2019-09-29 00:52:17 DEBUG cic.cs.unb.ca.jnetpcap.FlowGenerator    FlagFIN current has 112 flow
2019-09-29 00:52:17 DEBUG cic.cs.unb.ca.jnetpcap.FlowGenerator    FlagFIN current has 112 flow
2019-09-29 00:52:18 DEBUG cic.cs.unb.ca.jnetpcap.FlowGenerator    FlagFIN current has 113 flow
2019-09-29 00:52:18 DEBUG cic.cs.unb.ca.jnetpcap.FlowGenerator    FlagFIN current has 113 flow
2019-09-29 00:52:45 DEBUG cic.cs.unb.ca.jnetpcap.FlowGenerator    FlagFIN current has 176 flow
2019-09-29 00:52:45 DEBUG cic.cs.unb.ca.jnetpcap.FlowGenerator    FlagFIN current has 176 flow
2019-09-29 00:52:49 DEBUG cic.cs.unb.ca.jnetpcap.FlowGenerator    FlagFIN current has 177 flow
2019-09-29 00:53:14 DEBUG cic.cs.unb.ca.jnetpcap.FlowGenerator    FlagFIN current has 191 flow
2019-09-29 00:53:17 DEBUG cic.cs.unb.ca.jnetpcap.FlowGenerator    FlagFIN current has 192 flow
2019-09-29 00:53:17 DEBUG cic.cs.unb.ca.jnetpcap.FlowGenerator    FlagFIN current has 193 flow
2019-09-29 00:53:17 DEBUG cic.cs.unb.ca.jnetpcap.FlowGenerator    FlagFIN current has 193 flow
2019-09-29 00:53:48 DEBUG cic.cs.unb.ca.jnetpcap.FlowGenerator    FlagFIN current has 208 flow
2019-09-29 00:53:48 DEBUG cic.cs.unb.ca.jnetpcap.FlowGenerator    FlagFIN current has 208 flow
2019-09-29 00:53:48 DEBUG cic.cs.unb.ca.jnetpcap.FlowGenerator    FlagFIN current has 209 flow
2019-09-29 00:53:48 DEBUG cic.cs.unb.ca.jnetpcap.FlowGenerator    FlagFIN current has 209 flow
2019-09-29 00:54:19 DEBUG cic.cs.unb.ca.jnetpcap.FlowGenerator    FlagFIN current has 226 flow
2019-09-29 00:54:19 DEBUG cic.cs.unb.ca.jnetpcap.FlowGenerator    FlagFIN current has 227 flow
2019-09-29 00:54:19 DEBUG cic.cs.unb.ca.jnetpcap.FlowGenerator    FlagFIN current has 227 flow
2019-09-29 00:54:45 INFO  cic.cs.unb.ca.flow.ui.FlowMonitorPane    Pcap stop listening
2019-09-29 00:54:45 INFO  cic.cs.unb.ca.flow.ui.FlowMonitorPane    path:C:\Users\Wilfred Wulbou\Desktop\BSCS4\CS402\IDS\ids\CICFlowMeter-4.0\bin\data\daily\2019-09-29_Flow.csv
2019-09-29 00:54:45 DEBUG cic.cs.unb.ca.jnetpcap.worker.TrafficFlowWorker    break Packet loop
