2019-07-12 13:03:47 DEBUG swing.common.SwingUtils    D:\CIC-IDS-2017\CICFlowMeter-4.0\bin\logs (Access is denied)
2019-07-12 14:54:03 DEBUG cic.cs.unb.ca.flow.ui.FlowOfflinePane    offline select input D:\CIC-IDS-2017\localpcap\capture01.pcapng
2019-07-12 14:54:11 DEBUG cic.cs.unb.ca.flow.ui.FlowOfflinePane    offline select output D:\CIC-IDS-2017\localpcap
2019-07-12 14:55:03 INFO  cic.cs.unb.ca.ifm.Cmd    Please select pcap!
2019-07-12 14:55:11 INFO  cic.cs.unb.ca.ifm.Cmd    Please select pcap!
2019-07-12 14:56:42 DEBUG cic.cs.unb.ca.flow.ui.FlowOfflinePane    offline select input D:\CIC-IDS-2017\localpcap\capture01.pcap
2019-07-12 14:56:46 DEBUG cic.cs.unb.ca.flow.ui.FlowOfflinePane    offline select output D:\CIC-IDS-2017\localpcap
2019-07-12 14:56:56 DEBUG cic.cs.unb.ca.jnetpcap.worker.ReadPcapFileWorker    Working on... D:\CIC-IDS-2017\localpcap\capture01.pcap
2019-07-12 14:56:57 DEBUG cic.cs.unb.ca.jnetpcap.PacketReader    null
********************************************************************************
0000:*33 33 00 01  00 03 42 d4  de db f2 88* 86 dd 60 00    33....B.......`.
0010: 00 00 00 1e  11 01 fe 80  00 00 00 00  00 00 05 15    ................
0020: f8 0d 18 0e  e6 69 ff 02  00 00 00 00  00 00 00 00    .....i..........
0030: 00 00 00 01  00 03 ce 27  14 eb 00 1e  cc ec 7d b4    .......'......}.
0040: 00 00 00 01  00 00 00 00  00 00 04 77  70 61 64 00    ...........wpad.
0050: 00 01 00 01*                                          ....            


2019-07-12 14:56:57 DEBUG cic.cs.unb.ca.jnetpcap.PacketReader    null
********************************************************************************
0000:*33 33 00 01  00 03 42 d4  de db f2 88* 86 dd 60 00    33....B.......`.
0010: 00 00 00 1e  11 01 fe 80  00 00 00 00  00 00 05 15    ................
0020: f8 0d 18 0e  e6 69 ff 02  00 00 00 00  00 00 00 00    .....i..........
0030: 00 00 00 01  00 03 da e4  14 eb 00 1e  ea 5d 53 6b    .............]Sk
0040: 00 00 00 01  00 00 00 00  00 00 04 77  70 61 64 00    ...........wpad.
0050: 00 1c 00 01*                                          ....            


2019-07-12 14:56:57 DEBUG cic.cs.unb.ca.jnetpcap.PacketReader    null
********************************************************************************
0000:*33 33 00 01  00 03 24 77  03 56 09 50* 86 dd 60 00    33....$w.V.P..`.
0010: 00 00 00 20  11 01 fe 80  00 00 00 00  00 00 94 db    ... ............
0020: 54 12 05 f2  d4 2f ff 02  00 00 00 00  00 00 00 00    T..../..........
0030: 00 00 00 01  00 03 f7 a2  14 eb 00 20  23 73 b0 e6    ........... #s..
0040: 00 00 00 01  00 00 00 00  00 00 06 69  73 61 74 61    ...........isata
0050: 70 00 00 01  00 01*                                   p.....          


2019-07-12 14:56:57 DEBUG cic.cs.unb.ca.jnetpcap.PacketReader    null
********************************************************************************
0000:*33 33 00 01  00 03 24 77  03 56 09 50* 86 dd 60 00    33....$w.V.P..`.
0010: 00 00 00 20  11 01 fe 80  00 00 00 00  00 00 94 db    ... ............
0020: 54 12 05 f2  d4 2f ff 02  00 00 00 00  00 00 00 00    T..../..........
0030: 00 00 00 01  00 03 f7 a2  14 eb 00 20  23 73 b0 e6    ........... #s..
0040: 00 00 00 01  00 00 00 00  00 00 06 69  73 61 74 61    ...........isata
0050: 70 00 00 01  00 01*                                   p.....          


2019-07-12 14:56:57 DEBUG cic.cs.unb.ca.jnetpcap.PacketReader    null
********************************************************************************
0000:*33 33 00 01  00 03 24 77  03 56 09 50* 86 dd 60 00    33....$w.V.P..`.
0010: 00 00 00 20  11 01 fe 80  00 00 00 00  00 00 94 db    ... ............
0020: 54 12 05 f2  d4 2f ff 02  00 00 00 00  00 00 00 00    T..../..........
0030: 00 00 00 01  00 03 ee 7b  14 eb 00 20  6e 86 6e fa    .......{... n.n.
0040: 00 00 00 01  00 00 00 00  00 00 06 69  73 61 74 61    ...........isata
0050: 70 00 00 01  00 01*                                   p.....          


2019-07-12 14:56:57 DEBUG cic.cs.unb.ca.jnetpcap.PacketReader    null
********************************************************************************
0000:*33 33 00 01  00 03 24 77  03 56 09 50* 86 dd 60 00    33....$w.V.P..`.
0010: 00 00 00 20  11 01 fe 80  00 00 00 00  00 00 94 db    ... ............
0020: 54 12 05 f2  d4 2f ff 02  00 00 00 00  00 00 00 00    T..../..........
0030: 00 00 00 01  00 03 ee 7b  14 eb 00 20  6e 86 6e fa    .......{... n.n.
0040: 00 00 00 01  00 00 00 00  00 00 06 69  73 61 74 61    ...........isata
0050: 70 00 00 01  00 01*                                   p.....          


2019-07-12 14:56:57 DEBUG cic.cs.unb.ca.jnetpcap.PacketReader    null
********************************************************************************
0000:*33 33 00 01  00 03 42 d4  de db f2 88* 86 dd 60 00    33....B.......`.
0010: 00 00 00 20  11 01 fe 80  00 00 00 00  00 00 05 15    ... ............
0020: f8 0d 18 0e  e6 69 ff 02  00 00 00 00  00 00 00 00    .....i..........
0030: 00 00 00 01  00 03 c6 85  14 eb 00 20  8c 40 40 ab    ........... .@@.
0040: 00 00 00 01  00 00 00 00  00 00 06 69  73 61 74 61    ...........isata
0050: 70 00 00 01  00 01*                                   p.....          


2019-07-12 14:56:57 DEBUG cic.cs.unb.ca.jnetpcap.PacketReader    null
********************************************************************************
0000:*33 33 00 01  00 03 08 d4  0c e6 05 6e* 86 dd 60 00    33.........n..`.
0010: 00 00 00 20  11 01 fe 80  00 00 00 00  00 00 88 83    ... ............
0020: af 30 f7 e3  f2 c2 ff 02  00 00 00 00  00 00 00 00    .0..............
0030: 00 00 00 01  00 03 c3 59  14 eb 00 20  3d 5b 6b fc    .......Y... =[k.
0040: 00 00 00 01  00 00 00 00  00 00 06 69  73 61 74 61    ...........isata
0050: 70 00 00 01  00 01*                                   p.....          


2019-07-12 14:56:57 DEBUG cic.cs.unb.ca.jnetpcap.PacketReader    null
********************************************************************************
0000:*33 33 00 01  00 03 00 db  df 76 17 bd* 86 dd 60 00    33.......v....`.
0010: 00 00 00 20  11 01 fe 80  00 00 00 00  00 00 5d 0a    ... ..........].
0020: 0b 17 4d b1  5d 67 ff 02  00 00 00 00  00 00 00 00    ..M.]g..........
0030: 00 00 00 01  00 03 e3 e7  14 eb 00 20  e1 45 b6 a4    ........... .E..
0040: 00 00 00 01  00 00 00 00  00 00 06 69  73 61 74 61    ...........isata
0050: 70 00 00 01  00 01*                                   p.....          


2019-07-12 14:56:57 DEBUG cic.cs.unb.ca.jnetpcap.PacketReader    null
********************************************************************************
0000:*33 33 00 01  00 03 08 d4  0c e6 05 6e* 86 dd 60 00    33.........n..`.
0010: 00 00 00 20  11 01 fe 80  00 00 00 00  00 00 88 83    ... ............
0020: af 30 f7 e3  f2 c2 ff 02  00 00 00 00  00 00 00 00    .0..............
0030: 00 00 00 01  00 03 c3 59  14 eb 00 20  3d 5b 6b fc    .......Y... =[k.
0040: 00 00 00 01  00 00 00 00  00 00 06 69  73 61 74 61    ...........isata
0050: 70 00 00 01  00 01*                                   p.....          


2019-07-12 14:56:57 DEBUG cic.cs.unb.ca.jnetpcap.PacketReader    null
********************************************************************************
0000:*33 33 00 00  00 16 08 d4  0c e5 bb 63* 86 dd 60 00    33.........c..`.
0010: 00 00 00 24  00 01 fe 80  00 00 00 00  00 00 44 1e    ...$..........D.
0020: 40 aa b5 a6  95 03 ff 02  00 00 00 00  00 00 00 00    @...............
0030: 00 00 00 00  00 16 3a 00  05 02 00 00  01 00 8f 00    ......:.........
0040: a1 94 00 00  00 01 03 00  00 00 ff 02  00 00 00 00    ................
0050: 00 00 00 00  00 00 00 01  00 03*                      ..........      


2019-07-12 14:56:57 DEBUG cic.cs.unb.ca.jnetpcap.PacketReader    null
********************************************************************************
0000:*33 33 00 00  00 16 08 d4  0c e5 bb 63* 86 dd 60 00    33.........c..`.
0010: 00 00 00 24  00 01 fe 80  00 00 00 00  00 00 44 1e    ...$..........D.
0020: 40 aa b5 a6  95 03 ff 02  00 00 00 00  00 00 00 00    @...............
0030: 00 00 00 00  00 16 3a 00  05 02 00 00  01 00 8f 00    ......:.........
0040: a0 94 00 00  00 01 04 00  00 00 ff 02  00 00 00 00    ................
0050: 00 00 00 00  00 00 00 01  00 03*                      ..........      


2019-07-12 14:56:57 DEBUG cic.cs.unb.ca.jnetpcap.PacketReader    null
********************************************************************************
0000:*33 33 00 00  00 16 08 d4  0c e5 bb 63* 86 dd 60 00    33.........c..`.
0010: 00 00 00 24  00 01 fe 80  00 00 00 00  00 00 44 1e    ...$..........D.
0020: 40 aa b5 a6  95 03 ff 02  00 00 00 00  00 00 00 00    @...............
0030: 00 00 00 00  00 16 3a 00  05 02 00 00  01 00 8f 00    ......:.........
0040: a1 94 00 00  00 01 03 00  00 00 ff 02  00 00 00 00    ................
0050: 00 00 00 00  00 00 00 01  00 03*                      ..........      


2019-07-12 14:56:57 DEBUG cic.cs.unb.ca.jnetpcap.PacketReader    null
********************************************************************************
0000:*33 33 00 00  00 16 08 d4  0c e5 bb 63* 86 dd 60 00    33.........c..`.
0010: 00 00 00 24  00 01 fe 80  00 00 00 00  00 00 44 1e    ...$..........D.
0020: 40 aa b5 a6  95 03 ff 02  00 00 00 00  00 00 00 00    @...............
0030: 00 00 00 00  00 16 3a 00  05 02 00 00  01 00 8f 00    ......:.........
0040: a0 94 00 00  00 01 04 00  00 00 ff 02  00 00 00 00    ................
0050: 00 00 00 00  00 00 00 01  00 03*                      ..........      


2019-07-12 14:56:57 DEBUG cic.cs.unb.ca.jnetpcap.PacketReader    null
********************************************************************************
0000:*33 33 00 00  00 fb 08 d4  0c e5 bb 63* 86 dd 60 08    33.........c..`.
0010: 3d b4 00 2d  11 01 fe 80  00 00 00 00  00 00 44 1e    =..-..........D.
0020: 40 aa b5 a6  95 03 ff 02  00 00 00 00  00 00 00 00    @...............
0030: 00 00 00 00  00 fb 14 e9  14 e9 00 2d  b9 0f 00 00    ...........-....
0040: 00 00 00 01  00 00 00 00  00 00 0d 44  65 6c 6c 2d    ...........Dell-
0050: 4c 61 74 69  74 75 64 65  05 6c 6f 63  61 6c 00 00    Latitude.local..
0060: ff 00 01*                                             ...             


2019-07-12 14:56:57 DEBUG cic.cs.unb.ca.jnetpcap.PacketReader    null
********************************************************************************
0000:*33 33 00 00  00 fb 08 d4  0c e5 bb 63* 86 dd 60 08    33.........c..`.
0010: 3d b4 00 53  11 01 fe 80  00 00 00 00  00 00 44 1e    =..S..........D.
0020: 40 aa b5 a6  95 03 ff 02  00 00 00 00  00 00 00 00    @...............
0030: 00 00 00 00  00 fb 14 e9  14 e9 00 53  fe a9 00 00    ...........S....
0040: 84 00 00 00  00 02 00 00  00 00 0d 44  65 6c 6c 2d    ...........Dell-
0050: 4c 61 74 69  74 75 64 65  05 6c 6f 63  61 6c 00 00    Latitude.local..
0060: 1c 00 01 00  00 00 3c 00  10 fe 80 00  00 00 00 00    ......<.........
0070: 00 44 1e 40  aa b5 a6 95  03 c0 0c 00  01 00 01 00    .D.@............
0080: 00 00 3c 00  04 0a 80 80  0a*                         ..<......       


2019-07-12 14:56:57 DEBUG cic.cs.unb.ca.jnetpcap.PacketReader    null
********************************************************************************
0000:*33 33 00 01  00 03 08 d4  0c e5 bb 63* 86 dd 60 02    33.........c..`.
0010: 8c 8a 00 27  11 01 fe 80  00 00 00 00  00 00 44 1e    ...'..........D.
0020: 40 aa b5 a6  95 03 ff 02  00 00 00 00  00 00 00 00    @...............
0030: 00 00 00 01  00 03 e6 56  14 eb 00 27  10 de ae 00    .......V...'....
0040: 00 00 00 01  00 00 00 00  00 00 0d 44  65 6c 6c 2d    ...........Dell-
0050: 4c 61 74 69  74 75 64 65  00 00 ff 00  01*            Latitude.....   


2019-07-12 14:56:57 DEBUG cic.cs.unb.ca.jnetpcap.PacketReader    null
********************************************************************************
0000:*33 33 00 00  00 16 08 d4  0c e5 bb 63* 86 dd 60 00    33.........c..`.
0010: 00 00 00 24  00 01 fe 80  00 00 00 00  00 00 44 1e    ...$..........D.
0020: 40 aa b5 a6  95 03 ff 02  00 00 00 00  00 00 00 00    @...............
0030: 00 00 00 00  00 16 3a 00  05 02 00 00  01 00 8f 00    ......:.........
0040: a0 94 00 00  00 01 04 00  00 00 ff 02  00 00 00 00    ................
0050: 00 00 00 00  00 00 00 01  00 03*                      ..........      


2019-07-12 14:56:57 DEBUG cic.cs.unb.ca.jnetpcap.FlowGenerator    FlagFIN current has 27 flow
2019-07-12 14:56:57 DEBUG cic.cs.unb.ca.jnetpcap.FlowGenerator    FlagFIN current has 27 flow
2019-07-12 14:56:57 DEBUG cic.cs.unb.ca.jnetpcap.FlowGenerator    FlagFIN current has 27 flow
2019-07-12 14:56:57 DEBUG cic.cs.unb.ca.jnetpcap.FlowGenerator    FlagFIN current has 26 flow
2019-07-12 14:56:57 DEBUG cic.cs.unb.ca.jnetpcap.FlowGenerator    FlagFIN current has 27 flow
2019-07-12 14:56:57 DEBUG cic.cs.unb.ca.jnetpcap.FlowGenerator    FlagFIN current has 26 flow
2019-07-12 14:56:57 DEBUG cic.cs.unb.ca.jnetpcap.FlowGenerator    FlagFIN current has 33 flow
2019-07-12 14:56:57 DEBUG cic.cs.unb.ca.jnetpcap.PacketReader    null
********************************************************************************
0000:*33 33 00 01  00 03 00 db  df 0d 09 8f* 86 dd 60 00    33............`.
0010: 00 00 00 20  11 01 fe 80  00 00 00 00  00 00 5c 0e    ... ..........\.
0020: 58 d8 ec d7  6d 83 ff 02  00 00 00 00  00 00 00 00    X...m...........
0030: 00 00 00 01  00 03 d9 2f  14 eb 00 20  d4 89 d2 10    ......./... ....
0040: 00 00 00 01  00 00 00 00  00 00 06 69  73 61 74 61    ...........isata
0050: 70 00 00 01  00 01*                                   p.....          


2019-07-12 14:56:57 DEBUG cic.cs.unb.ca.jnetpcap.PacketReader    null
********************************************************************************
0000:*33 33 00 01  00 03 00 db  df 0d 09 8f* 86 dd 60 00    33............`.
0010: 00 00 00 20  11 01 fe 80  00 00 00 00  00 00 5c 0e    ... ..........\.
0020: 58 d8 ec d7  6d 83 ff 02  00 00 00 00  00 00 00 00    X...m...........
0030: 00 00 00 01  00 03 d9 2f  14 eb 00 20  d4 89 d2 10    ......./... ....
0040: 00 00 00 01  00 00 00 00  00 00 06 69  73 61 74 61    ...........isata
0050: 70 00 00 01  00 01*                                   p.....          


2019-07-12 14:56:57 DEBUG cic.cs.unb.ca.jnetpcap.FlowGenerator    FlagFIN current has 36 flow
2019-07-12 14:56:57 DEBUG cic.cs.unb.ca.jnetpcap.FlowGenerator    FlagFIN current has 35 flow
2019-07-12 14:56:57 DEBUG cic.cs.unb.ca.jnetpcap.FlowGenerator    FlagFIN current has 35 flow
2019-07-12 14:56:57 DEBUG cic.cs.unb.ca.jnetpcap.FlowGenerator    FlagFIN current has 37 flow
2019-07-12 14:56:57 DEBUG cic.cs.unb.ca.jnetpcap.FlowGenerator    FlagFIN current has 36 flow
2019-07-12 14:56:57 DEBUG cic.cs.unb.ca.jnetpcap.FlowGenerator    FlagFIN current has 36 flow
2019-07-12 14:56:57 DEBUG cic.cs.unb.ca.jnetpcap.FlowGenerator    FlagFIN current has 36 flow
2019-07-12 14:56:57 DEBUG cic.cs.unb.ca.jnetpcap.FlowGenerator    FlagFIN current has 36 flow
2019-07-12 14:56:57 DEBUG cic.cs.unb.ca.jnetpcap.FlowGenerator    FlagFIN current has 37 flow
2019-07-12 14:56:57 DEBUG cic.cs.unb.ca.jnetpcap.FlowGenerator    FlagFIN current has 37 flow
2019-07-12 14:56:57 DEBUG cic.cs.unb.ca.jnetpcap.PacketReader    null
********************************************************************************
0000:*33 33 00 01  00 03 70 1c  e7 76 41 89* 86 dd 60 00    33....p..vA...`.
0010: 00 00 00 1e  11 01 fe 80  00 00 00 00  00 00 15 94    ................
0020: 40 10 6a 66  b4 77 ff 02  00 00 00 00  00 00 00 00    @.jf.w..........
0030: 00 00 00 01  00 03 ee 76  14 eb 00 1e  34 92 7c d8    .......v....4.|.
0040: 00 00 00 01  00 00 00 00  00 00 04 77  70 61 64 00    ...........wpad.
0050: 00 01 00 01*                                          ....            


2019-07-12 14:56:57 DEBUG cic.cs.unb.ca.jnetpcap.PacketReader    null
********************************************************************************
0000:*33 33 00 01  00 03 24 77  03 56 09 50* 86 dd 60 00    33....$w.V.P..`.
0010: 00 00 00 20  11 01 fe 80  00 00 00 00  00 00 94 db    ... ............
0020: 54 12 05 f2  d4 2f ff 02  00 00 00 00  00 00 00 00    T..../..........
0030: 00 00 00 01  00 03 c1 7c  14 eb 00 20  76 6f 94 10    .......|... vo..
0040: 00 00 00 01  00 00 00 00  00 00 06 69  73 61 74 61    ...........isata
0050: 70 00 00 01  00 01*                                   p.....          


2019-07-12 14:56:57 DEBUG cic.cs.unb.ca.jnetpcap.PacketReader    null
********************************************************************************
0000:*33 33 00 01  00 03 24 77  03 56 09 50* 86 dd 60 00    33....$w.V.P..`.
0010: 00 00 00 20  11 01 fe 80  00 00 00 00  00 00 94 db    ... ............
0020: 54 12 05 f2  d4 2f ff 02  00 00 00 00  00 00 00 00    T..../..........
0030: 00 00 00 01  00 03 c1 7c  14 eb 00 20  76 6f 94 10    .......|... vo..
0040: 00 00 00 01  00 00 00 00  00 00 06 69  73 61 74 61    ...........isata
0050: 70 00 00 01  00 01*                                   p.....          


2019-07-12 14:56:57 DEBUG cic.cs.unb.ca.jnetpcap.PacketReader    null
********************************************************************************
0000:*33 33 00 01  00 03 70 1c  e7 76 41 89* 86 dd 60 00    33....p..vA...`.
0010: 00 00 00 1e  11 01 fe 80  00 00 00 00  00 00 15 94    ................
0020: 40 10 6a 66  b4 77 ff 02  00 00 00 00  00 00 00 00    @.jf.w..........
0030: 00 00 00 01  00 03 e5 15  14 eb 00 1e  ef c1 ca ee    ................
0040: 00 00 00 01  00 00 00 00  00 00 04 77  70 61 64 00    ...........wpad.
0050: 00 1c 00 01*                                          ....            


2019-07-12 14:56:57 DEBUG cic.cs.unb.ca.jnetpcap.PacketReader    null
********************************************************************************
0000:*33 33 00 01  00 03 70 1c  e7 76 41 89* 86 dd 60 00    33....p..vA...`.
0010: 00 00 00 1e  11 01 fe 80  00 00 00 00  00 00 15 94    ................
0020: 40 10 6a 66  b4 77 ff 02  00 00 00 00  00 00 00 00    @.jf.w..........
0030: 00 00 00 01  00 03 ee 76  14 eb 00 1e  34 92 7c d8    .......v....4.|.
0040: 00 00 00 01  00 00 00 00  00 00 04 77  70 61 64 00    ...........wpad.
0050: 00 01 00 01*                                          ....            


2019-07-12 14:56:57 DEBUG cic.cs.unb.ca.jnetpcap.PacketReader    null
********************************************************************************
0000:*33 33 00 00  00 01 70 1c  e7 76 41 89* 86 dd 60 00    33....p..vA...`.
0010: 00 00 00 20  3a ff fe 80  00 00 00 00  00 00 15 94    ... :...........
0020: 40 10 6a 66  b4 77 ff 02  00 00 00 00  00 00 00 00    @.jf.w..........
0030: 00 00 00 00  00 01 88 00  d7 7c 20 00  00 00 fe 80    .........| .....
0040: 00 00 00 00  00 00 15 94  40 10 6a 66  b4 77 02 01    ........@.jf.w..
0050: 70 1c e7 76  41 89*                                   p..vA.          


2019-07-12 14:56:57 DEBUG cic.cs.unb.ca.jnetpcap.PacketReader    null
********************************************************************************
0000:*33 33 00 01  00 03 70 1c  e7 76 41 89* 86 dd 60 00    33....p..vA...`.
0010: 00 00 00 29  11 01 fe 80  00 00 00 00  00 00 15 94    ...)............
0020: 40 10 6a 66  b4 77 ff 02  00 00 00 00  00 00 00 00    @.jf.w..........
0030: 00 00 00 01  00 03 d7 4e  14 eb 00 29  17 62 9c 9f    .......N...).b..
0040: 00 00 00 01  00 00 00 00  00 00 0f 44  45 53 4b 54    ...........DESKT
0050: 4f 50 2d 52  35 4c 51 45  4a 35 00 00  ff 00 01*      OP-R5LQEJ5..... 


2019-07-12 14:56:57 DEBUG cic.cs.unb.ca.jnetpcap.PacketReader    null
********************************************************************************
0000:*33 33 00 01  00 03 70 1c  e7 76 41 89* 86 dd 60 00    33....p..vA...`.
0010: 00 00 00 29  11 01 fe 80  00 00 00 00  00 00 15 94    ...)............
0020: 40 10 6a 66  b4 77 ff 02  00 00 00 00  00 00 00 00    @.jf.w..........
0030: 00 00 00 01  00 03 d7 4e  14 eb 00 29  17 62 9c 9f    .......N...).b..
0040: 00 00 00 01  00 00 00 00  00 00 0f 44  45 53 4b 54    ...........DESKT
0050: 4f 50 2d 52  35 4c 51 45  4a 35 00 00  ff 00 01*      OP-R5LQEJ5..... 


2019-07-12 14:56:57 DEBUG cic.cs.unb.ca.jnetpcap.PacketReader    null
********************************************************************************
0000:*33 33 00 01  00 03 00 db  df 0d 09 8f* 86 dd 60 00    33............`.
0010: 00 00 00 20  11 01 fe 80  00 00 00 00  00 00 5c 0e    ... ..........\.
0020: 58 d8 ec d7  6d 83 ff 02  00 00 00 00  00 00 00 00    X...m...........
0030: 00 00 00 01  00 03 cc 2b  14 eb 00 20  96 4c 1d 52    .......+... .L.R
0040: 00 00 00 01  00 00 00 00  00 00 06 69  73 61 74 61    ...........isata
0050: 70 00 00 01  00 01*                                   p.....          


2019-07-12 14:56:57 DEBUG cic.cs.unb.ca.jnetpcap.PacketReader    null
********************************************************************************
0000:*33 33 00 01  00 03 00 db  df 0d 09 8f* 86 dd 60 00    33............`.
0010: 00 00 00 20  11 01 fe 80  00 00 00 00  00 00 5c 0e    ... ..........\.
0020: 58 d8 ec d7  6d 83 ff 02  00 00 00 00  00 00 00 00    X...m...........
0030: 00 00 00 01  00 03 cc 2b  14 eb 00 20  96 4c 1d 52    .......+... .L.R
0040: 00 00 00 01  00 00 00 00  00 00 06 69  73 61 74 61    ...........isata
0050: 70 00 00 01  00 01*                                   p.....          


2019-07-12 14:56:57 DEBUG cic.cs.unb.ca.jnetpcap.PacketReader    null
********************************************************************************
0000:*33 33 00 01  00 03 00 db  df 0d 09 8f* 86 dd 60 00    33............`.
0010: 00 00 00 20  11 01 fe 80  00 00 00 00  00 00 5c 0e    ... ..........\.
0020: 58 d8 ec d7  6d 83 ff 02  00 00 00 00  00 00 00 00    X...m...........
0030: 00 00 00 01  00 03 ca 18  14 eb 00 20  30 54 85 5d    ........... 0T.]
0040: 00 00 00 01  00 00 00 00  00 00 06 69  73 61 74 61    ...........isata
0050: 70 00 00 01  00 01*                                   p.....          


2019-07-12 14:56:57 DEBUG cic.cs.unb.ca.jnetpcap.PacketReader    null
********************************************************************************
0000:*33 33 00 01  00 03 00 db  df 0d 09 8f* 86 dd 60 00    33............`.
0010: 00 00 00 20  11 01 fe 80  00 00 00 00  00 00 5c 0e    ... ..........\.
0020: 58 d8 ec d7  6d 83 ff 02  00 00 00 00  00 00 00 00    X...m...........
0030: 00 00 00 01  00 03 ca 18  14 eb 00 20  30 54 85 5d    ........... 0T.]
0040: 00 00 00 01  00 00 00 00  00 00 06 69  73 61 74 61    ...........isata
0050: 70 00 00 01  00 01*                                   p.....          


2019-07-12 14:56:57 DEBUG cic.cs.unb.ca.jnetpcap.PacketReader    null
********************************************************************************
0000:*33 33 00 01  00 03 70 1c  e7 76 41 89* 86 dd 60 00    33....p..vA...`.
0010: 00 00 00 1e  11 01 fe 80  00 00 00 00  00 00 15 94    ................
0020: 40 10 6a 66  b4 77 ff 02  00 00 00 00  00 00 00 00    @.jf.w..........
0030: 00 00 00 01  00 03 dd 04  14 eb 00 1e  36 7a 8c 62    ............6z.b
0040: 00 00 00 01  00 00 00 00  00 00 04 77  70 61 64 00    ...........wpad.
0050: 00 01 00 01*                                          ....            


2019-07-12 14:56:57 DEBUG cic.cs.unb.ca.jnetpcap.PacketReader    null
********************************************************************************
0000:*33 33 00 01  00 03 70 1c  e7 76 41 89* 86 dd 60 00    33....p..vA...`.
0010: 00 00 00 1e  11 01 fe 80  00 00 00 00  00 00 15 94    ................
0020: 40 10 6a 66  b4 77 ff 02  00 00 00 00  00 00 00 00    @.jf.w..........
0030: 00 00 00 01  00 03 fc 4d  14 eb 00 1e  ea 3c b9 3b    .......M.....<.;
0040: 00 00 00 01  00 00 00 00  00 00 04 77  70 61 64 00    ...........wpad.
0050: 00 1c 00 01*                                          ....            


2019-07-12 14:56:57 DEBUG cic.cs.unb.ca.jnetpcap.PacketReader    null
********************************************************************************
0000:*33 33 00 01  00 03 c0 38  96 26 84 df* 86 dd 60 00    33.....8.&....`.
0010: 00 00 00 20  11 01 fe 80  00 00 00 00  00 00 1c 45    ... ...........E
0020: 5c 30 3e 83  a7 b0 ff 02  00 00 00 00  00 00 00 00    \0>.............
0030: 00 00 00 01  00 03 fa c9  14 eb 00 20  0a 9e 2a fb    ........... ..*.
0040: 00 00 00 01  00 00 00 00  00 00 06 69  73 61 74 61    ...........isata
0050: 70 00 00 01  00 01*                                   p.....          


2019-07-12 14:56:57 DEBUG cic.cs.unb.ca.jnetpcap.PacketReader    null
********************************************************************************
0000:*33 33 00 01  00 03 08 d4  0c e6 05 6e* 86 dd 60 00    33.........n..`.
0010: 00 00 00 20  11 01 fe 80  00 00 00 00  00 00 88 83    ... ............
0020: af 30 f7 e3  f2 c2 ff 02  00 00 00 00  00 00 00 00    .0..............
0030: 00 00 00 01  00 03 cc 17  14 eb 00 20  c7 73 d9 25    ........... .s.%
0040: 00 00 00 01  00 00 00 00  00 00 06 69  73 61 74 61    ...........isata
0050: 70 00 00 01  00 01*                                   p.....          


2019-07-12 14:56:57 DEBUG cic.cs.unb.ca.jnetpcap.PacketReader    null
********************************************************************************
0000:*33 33 00 01  00 03 c0 38  96 26 84 df* 86 dd 60 00    33.....8.&....`.
0010: 00 00 00 20  11 01 fe 80  00 00 00 00  00 00 1c 45    ... ...........E
0020: 5c 30 3e 83  a7 b0 ff 02  00 00 00 00  00 00 00 00    \0>.............
0030: 00 00 00 01  00 03 e9 50  14 eb 00 20  b2 02 95 0f    .......P... ....
0040: 00 00 00 01  00 00 00 00  00 00 06 69  73 61 74 61    ...........isata
0050: 70 00 00 01  00 01*                                   p.....          


2019-07-12 14:56:57 DEBUG cic.cs.unb.ca.jnetpcap.FlowGenerator    FlagFIN current has 51 flow
2019-07-12 14:56:57 DEBUG cic.cs.unb.ca.jnetpcap.FlowGenerator    FlagFIN current has 51 flow
2019-07-12 14:56:57 DEBUG cic.cs.unb.ca.jnetpcap.PacketReader    null
********************************************************************************
0000:*33 33 00 01  00 03 00 db  df 76 17 bd* 86 dd 60 00    33.......v....`.
0010: 00 00 00 20  11 01 fe 80  00 00 00 00  00 00 5d 0a    ... ..........].
0020: 0b 17 4d b1  5d 67 ff 02  00 00 00 00  00 00 00 00    ..M.]g..........
0030: 00 00 00 01  00 03 c7 15  14 eb 00 20  7a cb 39 f1    ........... z.9.
0040: 00 00 00 01  00 00 00 00  00 00 06 69  73 61 74 61    ...........isata
0050: 70 00 00 01  00 01*                                   p.....          


2019-07-12 14:56:57 DEBUG cic.cs.unb.ca.jnetpcap.PacketReader    null
********************************************************************************
0000:*33 33 00 01  00 03 08 d4  0c e6 05 6e* 86 dd 60 00    33.........n..`.
0010: 00 00 00 20  11 01 fe 80  00 00 00 00  00 00 88 83    ... ............
0020: af 30 f7 e3  f2 c2 ff 02  00 00 00 00  00 00 00 00    .0..............
0030: 00 00 00 01  00 03 f6 9a  14 eb 00 20  28 62 4d b4    ........... (bM.
0040: 00 00 00 01  00 00 00 00  00 00 06 69  73 61 74 61    ...........isata
0050: 70 00 00 01  00 01*                                   p.....          


2019-07-12 14:56:57 DEBUG cic.cs.unb.ca.jnetpcap.PacketReader    null
********************************************************************************
0000:*33 33 00 01  00 03 08 d4  0c e6 05 6e* 86 dd 60 00    33.........n..`.
0010: 00 00 00 20  11 01 fe 80  00 00 00 00  00 00 88 83    ... ............
0020: af 30 f7 e3  f2 c2 ff 02  00 00 00 00  00 00 00 00    .0..............
0030: 00 00 00 01  00 03 f6 9a  14 eb 00 20  28 62 4d b4    ........... (bM.
0040: 00 00 00 01  00 00 00 00  00 00 06 69  73 61 74 61    ...........isata
0050: 70 00 00 01  00 01*                                   p.....          


2019-07-12 14:56:57 DEBUG cic.cs.unb.ca.jnetpcap.PacketReader    null
********************************************************************************
0000:*33 33 00 01  00 03 c0 38  96 26 84 df* 86 dd 60 00    33.....8.&....`.
0010: 00 00 00 20  11 01 fe 80  00 00 00 00  00 00 1c 45    ... ...........E
0020: 5c 30 3e 83  a7 b0 ff 02  00 00 00 00  00 00 00 00    \0>.............
0030: 00 00 00 01  00 03 c9 14  14 eb 00 20  0a a3 5c ab    ........... ..\.
0040: 00 00 00 01  00 00 00 00  00 00 06 69  73 61 74 61    ...........isata
0050: 70 00 00 01  00 01*                                   p.....          


2019-07-12 14:56:57 DEBUG cic.cs.unb.ca.jnetpcap.PacketReader    Read All packets on D:\CIC-IDS-2017\localpcap\capture01.pcap
2019-07-12 14:57:06 DEBUG cic.cs.unb.ca.jnetpcap.worker.ReadPcapFileWorker    Working on... D:\CIC-IDS-2017\localpcap\capture01.pcap
2019-07-12 14:57:06 DEBUG cic.cs.unb.ca.jnetpcap.PacketReader    null
********************************************************************************
0000:*33 33 00 01  00 03 42 d4  de db f2 88* 86 dd 60 00    33....B.......`.
0010: 00 00 00 1e  11 01 fe 80  00 00 00 00  00 00 05 15    ................
0020: f8 0d 18 0e  e6 69 ff 02  00 00 00 00  00 00 00 00    .....i..........
0030: 00 00 00 01  00 03 ce 27  14 eb 00 1e  cc ec 7d b4    .......'......}.
0040: 00 00 00 01  00 00 00 00  00 00 04 77  70 61 64 00    ...........wpad.
0050: 00 01 00 01*                                          ....            


2019-07-12 14:57:06 DEBUG cic.cs.unb.ca.jnetpcap.PacketReader    null
********************************************************************************
0000:*33 33 00 01  00 03 42 d4  de db f2 88* 86 dd 60 00    33....B.......`.
0010: 00 00 00 1e  11 01 fe 80  00 00 00 00  00 00 05 15    ................
0020: f8 0d 18 0e  e6 69 ff 02  00 00 00 00  00 00 00 00    .....i..........
0030: 00 00 00 01  00 03 da e4  14 eb 00 1e  ea 5d 53 6b    .............]Sk
0040: 00 00 00 01  00 00 00 00  00 00 04 77  70 61 64 00    ...........wpad.
0050: 00 1c 00 01*                                          ....            


2019-07-12 14:57:06 DEBUG cic.cs.unb.ca.jnetpcap.PacketReader    null
********************************************************************************
0000:*33 33 00 01  00 03 24 77  03 56 09 50* 86 dd 60 00    33....$w.V.P..`.
0010: 00 00 00 20  11 01 fe 80  00 00 00 00  00 00 94 db    ... ............
0020: 54 12 05 f2  d4 2f ff 02  00 00 00 00  00 00 00 00    T..../..........
0030: 00 00 00 01  00 03 f7 a2  14 eb 00 20  23 73 b0 e6    ........... #s..
0040: 00 00 00 01  00 00 00 00  00 00 06 69  73 61 74 61    ...........isata
0050: 70 00 00 01  00 01*                                   p.....          


2019-07-12 14:57:06 DEBUG cic.cs.unb.ca.jnetpcap.PacketReader    null
********************************************************************************
0000:*33 33 00 01  00 03 24 77  03 56 09 50* 86 dd 60 00    33....$w.V.P..`.
0010: 00 00 00 20  11 01 fe 80  00 00 00 00  00 00 94 db    ... ............
0020: 54 12 05 f2  d4 2f ff 02  00 00 00 00  00 00 00 00    T..../..........
0030: 00 00 00 01  00 03 f7 a2  14 eb 00 20  23 73 b0 e6    ........... #s..
0040: 00 00 00 01  00 00 00 00  00 00 06 69  73 61 74 61    ...........isata
0050: 70 00 00 01  00 01*                                   p.....          


2019-07-12 14:57:06 DEBUG cic.cs.unb.ca.jnetpcap.PacketReader    null
********************************************************************************
0000:*33 33 00 01  00 03 24 77  03 56 09 50* 86 dd 60 00    33....$w.V.P..`.
0010: 00 00 00 20  11 01 fe 80  00 00 00 00  00 00 94 db    ... ............
0020: 54 12 05 f2  d4 2f ff 02  00 00 00 00  00 00 00 00    T..../..........
0030: 00 00 00 01  00 03 ee 7b  14 eb 00 20  6e 86 6e fa    .......{... n.n.
0040: 00 00 00 01  00 00 00 00  00 00 06 69  73 61 74 61    ...........isata
0050: 70 00 00 01  00 01*                                   p.....          


2019-07-12 14:57:06 DEBUG cic.cs.unb.ca.jnetpcap.PacketReader    null
********************************************************************************
0000:*33 33 00 01  00 03 24 77  03 56 09 50* 86 dd 60 00    33....$w.V.P..`.
0010: 00 00 00 20  11 01 fe 80  00 00 00 00  00 00 94 db    ... ............
0020: 54 12 05 f2  d4 2f ff 02  00 00 00 00  00 00 00 00    T..../..........
0030: 00 00 00 01  00 03 ee 7b  14 eb 00 20  6e 86 6e fa    .......{... n.n.
0040: 00 00 00 01  00 00 00 00  00 00 06 69  73 61 74 61    ...........isata
0050: 70 00 00 01  00 01*                                   p.....          


2019-07-12 14:57:06 DEBUG cic.cs.unb.ca.jnetpcap.PacketReader    null
********************************************************************************
0000:*33 33 00 01  00 03 42 d4  de db f2 88* 86 dd 60 00    33....B.......`.
0010: 00 00 00 20  11 01 fe 80  00 00 00 00  00 00 05 15    ... ............
0020: f8 0d 18 0e  e6 69 ff 02  00 00 00 00  00 00 00 00    .....i..........
0030: 00 00 00 01  00 03 c6 85  14 eb 00 20  8c 40 40 ab    ........... .@@.
0040: 00 00 00 01  00 00 00 00  00 00 06 69  73 61 74 61    ...........isata
0050: 70 00 00 01  00 01*                                   p.....          


2019-07-12 14:57:06 DEBUG cic.cs.unb.ca.jnetpcap.PacketReader    null
********************************************************************************
0000:*33 33 00 01  00 03 08 d4  0c e6 05 6e* 86 dd 60 00    33.........n..`.
0010: 00 00 00 20  11 01 fe 80  00 00 00 00  00 00 88 83    ... ............
0020: af 30 f7 e3  f2 c2 ff 02  00 00 00 00  00 00 00 00    .0..............
0030: 00 00 00 01  00 03 c3 59  14 eb 00 20  3d 5b 6b fc    .......Y... =[k.
0040: 00 00 00 01  00 00 00 00  00 00 06 69  73 61 74 61    ...........isata
0050: 70 00 00 01  00 01*                                   p.....          


2019-07-12 14:57:06 DEBUG cic.cs.unb.ca.jnetpcap.PacketReader    null
********************************************************************************
0000:*33 33 00 01  00 03 00 db  df 76 17 bd* 86 dd 60 00    33.......v....`.
0010: 00 00 00 20  11 01 fe 80  00 00 00 00  00 00 5d 0a    ... ..........].
0020: 0b 17 4d b1  5d 67 ff 02  00 00 00 00  00 00 00 00    ..M.]g..........
0030: 00 00 00 01  00 03 e3 e7  14 eb 00 20  e1 45 b6 a4    ........... .E..
0040: 00 00 00 01  00 00 00 00  00 00 06 69  73 61 74 61    ...........isata
0050: 70 00 00 01  00 01*                                   p.....          


2019-07-12 14:57:06 DEBUG cic.cs.unb.ca.jnetpcap.PacketReader    null
********************************************************************************
0000:*33 33 00 01  00 03 08 d4  0c e6 05 6e* 86 dd 60 00    33.........n..`.
0010: 00 00 00 20  11 01 fe 80  00 00 00 00  00 00 88 83    ... ............
0020: af 30 f7 e3  f2 c2 ff 02  00 00 00 00  00 00 00 00    .0..............
0030: 00 00 00 01  00 03 c3 59  14 eb 00 20  3d 5b 6b fc    .......Y... =[k.
0040: 00 00 00 01  00 00 00 00  00 00 06 69  73 61 74 61    ...........isata
0050: 70 00 00 01  00 01*                                   p.....          


2019-07-12 14:57:06 DEBUG cic.cs.unb.ca.jnetpcap.PacketReader    null
********************************************************************************
0000:*33 33 00 00  00 16 08 d4  0c e5 bb 63* 86 dd 60 00    33.........c..`.
0010: 00 00 00 24  00 01 fe 80  00 00 00 00  00 00 44 1e    ...$..........D.
0020: 40 aa b5 a6  95 03 ff 02  00 00 00 00  00 00 00 00    @...............
0030: 00 00 00 00  00 16 3a 00  05 02 00 00  01 00 8f 00    ......:.........
0040: a1 94 00 00  00 01 03 00  00 00 ff 02  00 00 00 00    ................
0050: 00 00 00 00  00 00 00 01  00 03*                      ..........      


2019-07-12 14:57:06 DEBUG cic.cs.unb.ca.jnetpcap.PacketReader    null
********************************************************************************
0000:*33 33 00 00  00 16 08 d4  0c e5 bb 63* 86 dd 60 00    33.........c..`.
0010: 00 00 00 24  00 01 fe 80  00 00 00 00  00 00 44 1e    ...$..........D.
0020: 40 aa b5 a6  95 03 ff 02  00 00 00 00  00 00 00 00    @...............
0030: 00 00 00 00  00 16 3a 00  05 02 00 00  01 00 8f 00    ......:.........
0040: a0 94 00 00  00 01 04 00  00 00 ff 02  00 00 00 00    ................
0050: 00 00 00 00  00 00 00 01  00 03*                      ..........      


2019-07-12 14:57:06 DEBUG cic.cs.unb.ca.jnetpcap.PacketReader    null
********************************************************************************
0000:*33 33 00 00  00 16 08 d4  0c e5 bb 63* 86 dd 60 00    33.........c..`.
0010: 00 00 00 24  00 01 fe 80  00 00 00 00  00 00 44 1e    ...$..........D.
0020: 40 aa b5 a6  95 03 ff 02  00 00 00 00  00 00 00 00    @...............
0030: 00 00 00 00  00 16 3a 00  05 02 00 00  01 00 8f 00    ......:.........
0040: a1 94 00 00  00 01 03 00  00 00 ff 02  00 00 00 00    ................
0050: 00 00 00 00  00 00 00 01  00 03*                      ..........      


2019-07-12 14:57:06 DEBUG cic.cs.unb.ca.jnetpcap.PacketReader    null
********************************************************************************
0000:*33 33 00 00  00 16 08 d4  0c e5 bb 63* 86 dd 60 00    33.........c..`.
0010: 00 00 00 24  00 01 fe 80  00 00 00 00  00 00 44 1e    ...$..........D.
0020: 40 aa b5 a6  95 03 ff 02  00 00 00 00  00 00 00 00    @...............
0030: 00 00 00 00  00 16 3a 00  05 02 00 00  01 00 8f 00    ......:.........
0040: a0 94 00 00  00 01 04 00  00 00 ff 02  00 00 00 00    ................
0050: 00 00 00 00  00 00 00 01  00 03*                      ..........      


2019-07-12 14:57:06 DEBUG cic.cs.unb.ca.jnetpcap.PacketReader    null
********************************************************************************
0000:*33 33 00 00  00 fb 08 d4  0c e5 bb 63* 86 dd 60 08    33.........c..`.
0010: 3d b4 00 2d  11 01 fe 80  00 00 00 00  00 00 44 1e    =..-..........D.
0020: 40 aa b5 a6  95 03 ff 02  00 00 00 00  00 00 00 00    @...............
0030: 00 00 00 00  00 fb 14 e9  14 e9 00 2d  b9 0f 00 00    ...........-....
0040: 00 00 00 01  00 00 00 00  00 00 0d 44  65 6c 6c 2d    ...........Dell-
0050: 4c 61 74 69  74 75 64 65  05 6c 6f 63  61 6c 00 00    Latitude.local..
0060: ff 00 01*                                             ...             


2019-07-12 14:57:06 DEBUG cic.cs.unb.ca.jnetpcap.PacketReader    null
********************************************************************************
0000:*33 33 00 00  00 fb 08 d4  0c e5 bb 63* 86 dd 60 08    33.........c..`.
0010: 3d b4 00 53  11 01 fe 80  00 00 00 00  00 00 44 1e    =..S..........D.
0020: 40 aa b5 a6  95 03 ff 02  00 00 00 00  00 00 00 00    @...............
0030: 00 00 00 00  00 fb 14 e9  14 e9 00 53  fe a9 00 00    ...........S....
0040: 84 00 00 00  00 02 00 00  00 00 0d 44  65 6c 6c 2d    ...........Dell-
0050: 4c 61 74 69  74 75 64 65  05 6c 6f 63  61 6c 00 00    Latitude.local..
0060: 1c 00 01 00  00 00 3c 00  10 fe 80 00  00 00 00 00    ......<.........
0070: 00 44 1e 40  aa b5 a6 95  03 c0 0c 00  01 00 01 00    .D.@............
0080: 00 00 3c 00  04 0a 80 80  0a*                         ..<......       


2019-07-12 14:57:06 DEBUG cic.cs.unb.ca.jnetpcap.PacketReader    null
********************************************************************************
0000:*33 33 00 01  00 03 08 d4  0c e5 bb 63* 86 dd 60 02    33.........c..`.
0010: 8c 8a 00 27  11 01 fe 80  00 00 00 00  00 00 44 1e    ...'..........D.
0020: 40 aa b5 a6  95 03 ff 02  00 00 00 00  00 00 00 00    @...............
0030: 00 00 00 01  00 03 e6 56  14 eb 00 27  10 de ae 00    .......V...'....
0040: 00 00 00 01  00 00 00 00  00 00 0d 44  65 6c 6c 2d    ...........Dell-
0050: 4c 61 74 69  74 75 64 65  00 00 ff 00  01*            Latitude.....   


2019-07-12 14:57:06 DEBUG cic.cs.unb.ca.jnetpcap.PacketReader    null
********************************************************************************
0000:*33 33 00 00  00 16 08 d4  0c e5 bb 63* 86 dd 60 00    33.........c..`.
0010: 00 00 00 24  00 01 fe 80  00 00 00 00  00 00 44 1e    ...$..........D.
0020: 40 aa b5 a6  95 03 ff 02  00 00 00 00  00 00 00 00    @...............
0030: 00 00 00 00  00 16 3a 00  05 02 00 00  01 00 8f 00    ......:.........
0040: a0 94 00 00  00 01 04 00  00 00 ff 02  00 00 00 00    ................
0050: 00 00 00 00  00 00 00 01  00 03*                      ..........      


2019-07-12 14:57:06 DEBUG cic.cs.unb.ca.jnetpcap.FlowGenerator    FlagFIN current has 27 flow
2019-07-12 14:57:06 DEBUG cic.cs.unb.ca.jnetpcap.FlowGenerator    FlagFIN current has 27 flow
2019-07-12 14:57:06 DEBUG cic.cs.unb.ca.jnetpcap.FlowGenerator    FlagFIN current has 27 flow
2019-07-12 14:57:06 DEBUG cic.cs.unb.ca.jnetpcap.FlowGenerator    FlagFIN current has 26 flow
2019-07-12 14:57:06 DEBUG cic.cs.unb.ca.jnetpcap.FlowGenerator    FlagFIN current has 27 flow
2019-07-12 14:57:06 DEBUG cic.cs.unb.ca.jnetpcap.FlowGenerator    FlagFIN current has 26 flow
2019-07-12 14:57:06 DEBUG cic.cs.unb.ca.jnetpcap.FlowGenerator    FlagFIN current has 33 flow
2019-07-12 14:57:06 DEBUG cic.cs.unb.ca.jnetpcap.PacketReader    null
********************************************************************************
0000:*33 33 00 01  00 03 00 db  df 0d 09 8f* 86 dd 60 00    33............`.
0010: 00 00 00 20  11 01 fe 80  00 00 00 00  00 00 5c 0e    ... ..........\.
0020: 58 d8 ec d7  6d 83 ff 02  00 00 00 00  00 00 00 00    X...m...........
0030: 00 00 00 01  00 03 d9 2f  14 eb 00 20  d4 89 d2 10    ......./... ....
0040: 00 00 00 01  00 00 00 00  00 00 06 69  73 61 74 61    ...........isata
0050: 70 00 00 01  00 01*                                   p.....          


2019-07-12 14:57:06 DEBUG cic.cs.unb.ca.jnetpcap.PacketReader    null
********************************************************************************
0000:*33 33 00 01  00 03 00 db  df 0d 09 8f* 86 dd 60 00    33............`.
0010: 00 00 00 20  11 01 fe 80  00 00 00 00  00 00 5c 0e    ... ..........\.
0020: 58 d8 ec d7  6d 83 ff 02  00 00 00 00  00 00 00 00    X...m...........
0030: 00 00 00 01  00 03 d9 2f  14 eb 00 20  d4 89 d2 10    ......./... ....
0040: 00 00 00 01  00 00 00 00  00 00 06 69  73 61 74 61    ...........isata
0050: 70 00 00 01  00 01*                                   p.....          


2019-07-12 14:57:06 DEBUG cic.cs.unb.ca.jnetpcap.FlowGenerator    FlagFIN current has 36 flow
2019-07-12 14:57:06 DEBUG cic.cs.unb.ca.jnetpcap.FlowGenerator    FlagFIN current has 35 flow
2019-07-12 14:57:06 DEBUG cic.cs.unb.ca.jnetpcap.FlowGenerator    FlagFIN current has 35 flow
2019-07-12 14:57:06 DEBUG cic.cs.unb.ca.jnetpcap.FlowGenerator    FlagFIN current has 37 flow
2019-07-12 14:57:06 DEBUG cic.cs.unb.ca.jnetpcap.FlowGenerator    FlagFIN current has 36 flow
2019-07-12 14:57:06 DEBUG cic.cs.unb.ca.jnetpcap.FlowGenerator    FlagFIN current has 36 flow
2019-07-12 14:57:06 DEBUG cic.cs.unb.ca.jnetpcap.FlowGenerator    FlagFIN current has 36 flow
2019-07-12 14:57:06 DEBUG cic.cs.unb.ca.jnetpcap.FlowGenerator    FlagFIN current has 36 flow
2019-07-12 14:57:06 DEBUG cic.cs.unb.ca.jnetpcap.FlowGenerator    FlagFIN current has 37 flow
2019-07-12 14:57:06 DEBUG cic.cs.unb.ca.jnetpcap.FlowGenerator    FlagFIN current has 37 flow
2019-07-12 14:57:06 DEBUG cic.cs.unb.ca.jnetpcap.PacketReader    null
********************************************************************************
0000:*33 33 00 01  00 03 70 1c  e7 76 41 89* 86 dd 60 00    33....p..vA...`.
0010: 00 00 00 1e  11 01 fe 80  00 00 00 00  00 00 15 94    ................
0020: 40 10 6a 66  b4 77 ff 02  00 00 00 00  00 00 00 00    @.jf.w..........
0030: 00 00 00 01  00 03 ee 76  14 eb 00 1e  34 92 7c d8    .......v....4.|.
0040: 00 00 00 01  00 00 00 00  00 00 04 77  70 61 64 00    ...........wpad.
0050: 00 01 00 01*                                          ....            


2019-07-12 14:57:06 DEBUG cic.cs.unb.ca.jnetpcap.PacketReader    null
********************************************************************************
0000:*33 33 00 01  00 03 24 77  03 56 09 50* 86 dd 60 00    33....$w.V.P..`.
0010: 00 00 00 20  11 01 fe 80  00 00 00 00  00 00 94 db    ... ............
0020: 54 12 05 f2  d4 2f ff 02  00 00 00 00  00 00 00 00    T..../..........
0030: 00 00 00 01  00 03 c1 7c  14 eb 00 20  76 6f 94 10    .......|... vo..
0040: 00 00 00 01  00 00 00 00  00 00 06 69  73 61 74 61    ...........isata
0050: 70 00 00 01  00 01*                                   p.....          


2019-07-12 14:57:06 DEBUG cic.cs.unb.ca.jnetpcap.PacketReader    null
********************************************************************************
0000:*33 33 00 01  00 03 24 77  03 56 09 50* 86 dd 60 00    33....$w.V.P..`.
0010: 00 00 00 20  11 01 fe 80  00 00 00 00  00 00 94 db    ... ............
0020: 54 12 05 f2  d4 2f ff 02  00 00 00 00  00 00 00 00    T..../..........
0030: 00 00 00 01  00 03 c1 7c  14 eb 00 20  76 6f 94 10    .......|... vo..
0040: 00 00 00 01  00 00 00 00  00 00 06 69  73 61 74 61    ...........isata
0050: 70 00 00 01  00 01*                                   p.....          


2019-07-12 14:57:06 DEBUG cic.cs.unb.ca.jnetpcap.PacketReader    null
********************************************************************************
0000:*33 33 00 01  00 03 70 1c  e7 76 41 89* 86 dd 60 00    33....p..vA...`.
0010: 00 00 00 1e  11 01 fe 80  00 00 00 00  00 00 15 94    ................
0020: 40 10 6a 66  b4 77 ff 02  00 00 00 00  00 00 00 00    @.jf.w..........
0030: 00 00 00 01  00 03 e5 15  14 eb 00 1e  ef c1 ca ee    ................
0040: 00 00 00 01  00 00 00 00  00 00 04 77  70 61 64 00    ...........wpad.
0050: 00 1c 00 01*                                          ....            


2019-07-12 14:57:06 DEBUG cic.cs.unb.ca.jnetpcap.PacketReader    null
********************************************************************************
0000:*33 33 00 01  00 03 70 1c  e7 76 41 89* 86 dd 60 00    33....p..vA...`.
0010: 00 00 00 1e  11 01 fe 80  00 00 00 00  00 00 15 94    ................
0020: 40 10 6a 66  b4 77 ff 02  00 00 00 00  00 00 00 00    @.jf.w..........
0030: 00 00 00 01  00 03 ee 76  14 eb 00 1e  34 92 7c d8    .......v....4.|.
0040: 00 00 00 01  00 00 00 00  00 00 04 77  70 61 64 00    ...........wpad.
0050: 00 01 00 01*                                          ....            


2019-07-12 14:57:06 DEBUG cic.cs.unb.ca.jnetpcap.PacketReader    null
********************************************************************************
0000:*33 33 00 00  00 01 70 1c  e7 76 41 89* 86 dd 60 00    33....p..vA...`.
0010: 00 00 00 20  3a ff fe 80  00 00 00 00  00 00 15 94    ... :...........
0020: 40 10 6a 66  b4 77 ff 02  00 00 00 00  00 00 00 00    @.jf.w..........
0030: 00 00 00 00  00 01 88 00  d7 7c 20 00  00 00 fe 80    .........| .....
0040: 00 00 00 00  00 00 15 94  40 10 6a 66  b4 77 02 01    ........@.jf.w..
0050: 70 1c e7 76  41 89*                                   p..vA.          


2019-07-12 14:57:06 DEBUG cic.cs.unb.ca.jnetpcap.PacketReader    null
********************************************************************************
0000:*33 33 00 01  00 03 70 1c  e7 76 41 89* 86 dd 60 00    33....p..vA...`.
0010: 00 00 00 29  11 01 fe 80  00 00 00 00  00 00 15 94    ...)............
0020: 40 10 6a 66  b4 77 ff 02  00 00 00 00  00 00 00 00    @.jf.w..........
0030: 00 00 00 01  00 03 d7 4e  14 eb 00 29  17 62 9c 9f    .......N...).b..
0040: 00 00 00 01  00 00 00 00  00 00 0f 44  45 53 4b 54    ...........DESKT
0050: 4f 50 2d 52  35 4c 51 45  4a 35 00 00  ff 00 01*      OP-R5LQEJ5..... 


2019-07-12 14:57:06 DEBUG cic.cs.unb.ca.jnetpcap.PacketReader    null
********************************************************************************
0000:*33 33 00 01  00 03 70 1c  e7 76 41 89* 86 dd 60 00    33....p..vA...`.
0010: 00 00 00 29  11 01 fe 80  00 00 00 00  00 00 15 94    ...)............
0020: 40 10 6a 66  b4 77 ff 02  00 00 00 00  00 00 00 00    @.jf.w..........
0030: 00 00 00 01  00 03 d7 4e  14 eb 00 29  17 62 9c 9f    .......N...).b..
0040: 00 00 00 01  00 00 00 00  00 00 0f 44  45 53 4b 54    ...........DESKT
0050: 4f 50 2d 52  35 4c 51 45  4a 35 00 00  ff 00 01*      OP-R5LQEJ5..... 


2019-07-12 14:57:06 DEBUG cic.cs.unb.ca.jnetpcap.PacketReader    null
********************************************************************************
0000:*33 33 00 01  00 03 00 db  df 0d 09 8f* 86 dd 60 00    33............`.
0010: 00 00 00 20  11 01 fe 80  00 00 00 00  00 00 5c 0e    ... ..........\.
0020: 58 d8 ec d7  6d 83 ff 02  00 00 00 00  00 00 00 00    X...m...........
0030: 00 00 00 01  00 03 cc 2b  14 eb 00 20  96 4c 1d 52    .......+... .L.R
0040: 00 00 00 01  00 00 00 00  00 00 06 69  73 61 74 61    ...........isata
0050: 70 00 00 01  00 01*                                   p.....          


2019-07-12 14:57:06 DEBUG cic.cs.unb.ca.jnetpcap.PacketReader    null
********************************************************************************
0000:*33 33 00 01  00 03 00 db  df 0d 09 8f* 86 dd 60 00    33............`.
0010: 00 00 00 20  11 01 fe 80  00 00 00 00  00 00 5c 0e    ... ..........\.
0020: 58 d8 ec d7  6d 83 ff 02  00 00 00 00  00 00 00 00    X...m...........
0030: 00 00 00 01  00 03 cc 2b  14 eb 00 20  96 4c 1d 52    .......+... .L.R
0040: 00 00 00 01  00 00 00 00  00 00 06 69  73 61 74 61    ...........isata
0050: 70 00 00 01  00 01*                                   p.....          


2019-07-12 14:57:06 DEBUG cic.cs.unb.ca.jnetpcap.PacketReader    null
********************************************************************************
0000:*33 33 00 01  00 03 00 db  df 0d 09 8f* 86 dd 60 00    33............`.
0010: 00 00 00 20  11 01 fe 80  00 00 00 00  00 00 5c 0e    ... ..........\.
0020: 58 d8 ec d7  6d 83 ff 02  00 00 00 00  00 00 00 00    X...m...........
0030: 00 00 00 01  00 03 ca 18  14 eb 00 20  30 54 85 5d    ........... 0T.]
0040: 00 00 00 01  00 00 00 00  00 00 06 69  73 61 74 61    ...........isata
0050: 70 00 00 01  00 01*                                   p.....          


2019-07-12 14:57:06 DEBUG cic.cs.unb.ca.jnetpcap.PacketReader    null
********************************************************************************
0000:*33 33 00 01  00 03 00 db  df 0d 09 8f* 86 dd 60 00    33............`.
0010: 00 00 00 20  11 01 fe 80  00 00 00 00  00 00 5c 0e    ... ..........\.
0020: 58 d8 ec d7  6d 83 ff 02  00 00 00 00  00 00 00 00    X...m...........
0030: 00 00 00 01  00 03 ca 18  14 eb 00 20  30 54 85 5d    ........... 0T.]
0040: 00 00 00 01  00 00 00 00  00 00 06 69  73 61 74 61    ...........isata
0050: 70 00 00 01  00 01*                                   p.....          


2019-07-12 14:57:06 DEBUG cic.cs.unb.ca.jnetpcap.PacketReader    null
********************************************************************************
0000:*33 33 00 01  00 03 70 1c  e7 76 41 89* 86 dd 60 00    33....p..vA...`.
0010: 00 00 00 1e  11 01 fe 80  00 00 00 00  00 00 15 94    ................
0020: 40 10 6a 66  b4 77 ff 02  00 00 00 00  00 00 00 00    @.jf.w..........
0030: 00 00 00 01  00 03 dd 04  14 eb 00 1e  36 7a 8c 62    ............6z.b
0040: 00 00 00 01  00 00 00 00  00 00 04 77  70 61 64 00    ...........wpad.
0050: 00 01 00 01*                                          ....            


2019-07-12 14:57:06 DEBUG cic.cs.unb.ca.jnetpcap.PacketReader    null
********************************************************************************
0000:*33 33 00 01  00 03 70 1c  e7 76 41 89* 86 dd 60 00    33....p..vA...`.
0010: 00 00 00 1e  11 01 fe 80  00 00 00 00  00 00 15 94    ................
0020: 40 10 6a 66  b4 77 ff 02  00 00 00 00  00 00 00 00    @.jf.w..........
0030: 00 00 00 01  00 03 fc 4d  14 eb 00 1e  ea 3c b9 3b    .......M.....<.;
0040: 00 00 00 01  00 00 00 00  00 00 04 77  70 61 64 00    ...........wpad.
0050: 00 1c 00 01*                                          ....            


2019-07-12 14:57:06 DEBUG cic.cs.unb.ca.jnetpcap.PacketReader    null
********************************************************************************
0000:*33 33 00 01  00 03 c0 38  96 26 84 df* 86 dd 60 00    33.....8.&....`.
0010: 00 00 00 20  11 01 fe 80  00 00 00 00  00 00 1c 45    ... ...........E
0020: 5c 30 3e 83  a7 b0 ff 02  00 00 00 00  00 00 00 00    \0>.............
0030: 00 00 00 01  00 03 fa c9  14 eb 00 20  0a 9e 2a fb    ........... ..*.
0040: 00 00 00 01  00 00 00 00  00 00 06 69  73 61 74 61    ...........isata
0050: 70 00 00 01  00 01*                                   p.....          


2019-07-12 14:57:06 DEBUG cic.cs.unb.ca.jnetpcap.PacketReader    null
********************************************************************************
0000:*33 33 00 01  00 03 08 d4  0c e6 05 6e* 86 dd 60 00    33.........n..`.
0010: 00 00 00 20  11 01 fe 80  00 00 00 00  00 00 88 83    ... ............
0020: af 30 f7 e3  f2 c2 ff 02  00 00 00 00  00 00 00 00    .0..............
0030: 00 00 00 01  00 03 cc 17  14 eb 00 20  c7 73 d9 25    ........... .s.%
0040: 00 00 00 01  00 00 00 00  00 00 06 69  73 61 74 61    ...........isata
0050: 70 00 00 01  00 01*                                   p.....          


2019-07-12 14:57:06 DEBUG cic.cs.unb.ca.jnetpcap.PacketReader    null
********************************************************************************
0000:*33 33 00 01  00 03 c0 38  96 26 84 df* 86 dd 60 00    33.....8.&....`.
0010: 00 00 00 20  11 01 fe 80  00 00 00 00  00 00 1c 45    ... ...........E
0020: 5c 30 3e 83  a7 b0 ff 02  00 00 00 00  00 00 00 00    \0>.............
0030: 00 00 00 01  00 03 e9 50  14 eb 00 20  b2 02 95 0f    .......P... ....
0040: 00 00 00 01  00 00 00 00  00 00 06 69  73 61 74 61    ...........isata
0050: 70 00 00 01  00 01*                                   p.....          


2019-07-12 14:57:06 DEBUG cic.cs.unb.ca.jnetpcap.FlowGenerator    FlagFIN current has 51 flow
2019-07-12 14:57:06 DEBUG cic.cs.unb.ca.jnetpcap.FlowGenerator    FlagFIN current has 51 flow
2019-07-12 14:57:06 DEBUG cic.cs.unb.ca.jnetpcap.PacketReader    null
********************************************************************************
0000:*33 33 00 01  00 03 00 db  df 76 17 bd* 86 dd 60 00    33.......v....`.
0010: 00 00 00 20  11 01 fe 80  00 00 00 00  00 00 5d 0a    ... ..........].
0020: 0b 17 4d b1  5d 67 ff 02  00 00 00 00  00 00 00 00    ..M.]g..........
0030: 00 00 00 01  00 03 c7 15  14 eb 00 20  7a cb 39 f1    ........... z.9.
0040: 00 00 00 01  00 00 00 00  00 00 06 69  73 61 74 61    ...........isata
0050: 70 00 00 01  00 01*                                   p.....          


2019-07-12 14:57:06 DEBUG cic.cs.unb.ca.jnetpcap.PacketReader    null
********************************************************************************
0000:*33 33 00 01  00 03 08 d4  0c e6 05 6e* 86 dd 60 00    33.........n..`.
0010: 00 00 00 20  11 01 fe 80  00 00 00 00  00 00 88 83    ... ............
0020: af 30 f7 e3  f2 c2 ff 02  00 00 00 00  00 00 00 00    .0..............
0030: 00 00 00 01  00 03 f6 9a  14 eb 00 20  28 62 4d b4    ........... (bM.
0040: 00 00 00 01  00 00 00 00  00 00 06 69  73 61 74 61    ...........isata
0050: 70 00 00 01  00 01*                                   p.....          


2019-07-12 14:57:06 DEBUG cic.cs.unb.ca.jnetpcap.PacketReader    null
********************************************************************************
0000:*33 33 00 01  00 03 08 d4  0c e6 05 6e* 86 dd 60 00    33.........n..`.
0010: 00 00 00 20  11 01 fe 80  00 00 00 00  00 00 88 83    ... ............
0020: af 30 f7 e3  f2 c2 ff 02  00 00 00 00  00 00 00 00    .0..............
0030: 00 00 00 01  00 03 f6 9a  14 eb 00 20  28 62 4d b4    ........... (bM.
0040: 00 00 00 01  00 00 00 00  00 00 06 69  73 61 74 61    ...........isata
0050: 70 00 00 01  00 01*                                   p.....          


2019-07-12 14:57:06 DEBUG cic.cs.unb.ca.jnetpcap.PacketReader    null
********************************************************************************
0000:*33 33 00 01  00 03 c0 38  96 26 84 df* 86 dd 60 00    33.....8.&....`.
0010: 00 00 00 20  11 01 fe 80  00 00 00 00  00 00 1c 45    ... ...........E
0020: 5c 30 3e 83  a7 b0 ff 02  00 00 00 00  00 00 00 00    \0>.............
0030: 00 00 00 01  00 03 c9 14  14 eb 00 20  0a a3 5c ab    ........... ..\.
0040: 00 00 00 01  00 00 00 00  00 00 06 69  73 61 74 61    ...........isata
0050: 70 00 00 01  00 01*                                   p.....          


2019-07-12 14:57:06 DEBUG cic.cs.unb.ca.jnetpcap.PacketReader    Read All packets on D:\CIC-IDS-2017\localpcap\capture01.pcap
