2019-09-28 21:09:01 INFO  cic.cs.unb.ca.jnetpcap.worker.TrafficFlowWorker    Pcap is listening...
2019-09-28 21:11:23 INFO  cic.cs.unb.ca.flow.ui.FlowMonitorPane    Pcap stop listening
2019-09-28 21:11:23 INFO  cic.cs.unb.ca.flow.ui.FlowMonitorPane    path:C:\Users\Wilfred Wulbou\Desktop\BSCS4\CS402\IDS\ids\CICFlowMeter-4.0\bin\data\daily\2019-09-28_Flow.csv
2019-09-28 23:00:29 INFO  cic.cs.unb.ca.jnetpcap.worker.TrafficFlowWorker    Pcap is listening...
2019-09-28 23:00:40 DEBUG cic.cs.unb.ca.jnetpcap.FlowGenerator    FlagFIN current has 57 flow
2019-09-28 23:00:40 DEBUG cic.cs.unb.ca.jnetpcap.FlowGenerator    FlagFIN current has 57 flow
2019-09-28 23:00:40 DEBUG cic.cs.unb.ca.jnetpcap.FlowGenerator    FlagFIN current has 58 flow
2019-09-28 23:00:41 DEBUG cic.cs.unb.ca.jnetpcap.FlowGenerator    FlagFIN current has 58 flow
2019-09-28 23:00:55 DEBUG cic.cs.unb.ca.jnetpcap.FlowGenerator    FlagFIN current has 128 flow
2019-09-28 23:00:59 DEBUG cic.cs.unb.ca.jnetpcap.FlowGenerator    FlagFIN current has 141 flow
2019-09-28 23:00:59 DEBUG cic.cs.unb.ca.jnetpcap.FlowGenerator    FlagFIN current has 141 flow
2019-09-28 23:00:59 DEBUG cic.cs.unb.ca.jnetpcap.FlowGenerator    FlagFIN current has 140 flow
2019-09-28 23:00:59 DEBUG cic.cs.unb.ca.jnetpcap.FlowGenerator    FlagFIN current has 140 flow
2019-09-28 23:00:59 DEBUG cic.cs.unb.ca.jnetpcap.FlowGenerator    FlagFIN current has 141 flow
2019-09-28 23:01:00 DEBUG cic.cs.unb.ca.jnetpcap.FlowGenerator    FlagFIN current has 142 flow
2019-09-28 23:01:00 DEBUG cic.cs.unb.ca.jnetpcap.FlowGenerator    FlagFIN current has 142 flow
2019-09-28 23:01:01 DEBUG cic.cs.unb.ca.jnetpcap.FlowGenerator    FlagFIN current has 145 flow
2019-09-28 23:01:01 DEBUG cic.cs.unb.ca.jnetpcap.FlowGenerator    FlagFIN current has 145 flow
2019-09-28 23:01:01 DEBUG cic.cs.unb.ca.jnetpcap.FlowGenerator    FlagFIN current has 145 flow
2019-09-28 23:01:01 DEBUG cic.cs.unb.ca.jnetpcap.FlowGenerator    FlagFIN current has 144 flow
2019-09-28 23:01:01 DEBUG cic.cs.unb.ca.jnetpcap.FlowGenerator    FlagFIN current has 144 flow
2019-09-28 23:01:01 DEBUG cic.cs.unb.ca.jnetpcap.FlowGenerator    FlagFIN current has 143 flow
2019-09-28 23:01:04 DEBUG cic.cs.unb.ca.jnetpcap.FlowGenerator    FlagFIN current has 153 flow
2019-09-28 23:01:04 DEBUG cic.cs.unb.ca.jnetpcap.FlowGenerator    FlagFIN current has 153 flow
2019-09-28 23:01:35 DEBUG cic.cs.unb.ca.jnetpcap.FlowGenerator    FlagFIN current has 228 flow
2019-09-28 23:01:35 DEBUG cic.cs.unb.ca.jnetpcap.FlowGenerator    FlagFIN current has 228 flow
2019-09-28 23:01:35 DEBUG cic.cs.unb.ca.jnetpcap.FlowGenerator    FlagFIN current has 232 flow
2019-09-28 23:01:35 DEBUG cic.cs.unb.ca.jnetpcap.FlowGenerator    FlagFIN current has 232 flow
2019-09-28 23:01:35 DEBUG cic.cs.unb.ca.jnetpcap.FlowGenerator    FlagFIN current has 235 flow
2019-09-28 23:01:35 DEBUG cic.cs.unb.ca.jnetpcap.FlowGenerator    FlagFIN current has 235 flow
2019-09-28 23:02:02 DEBUG cic.cs.unb.ca.jnetpcap.FlowGenerator    FlagFIN current has 280 flow
2019-09-28 23:02:02 DEBUG cic.cs.unb.ca.jnetpcap.FlowGenerator    FlagFIN current has 280 flow
2019-09-28 23:02:02 DEBUG cic.cs.unb.ca.jnetpcap.FlowGenerator    FlagFIN current has 281 flow
2019-09-28 23:02:02 DEBUG cic.cs.unb.ca.jnetpcap.FlowGenerator    FlagFIN current has 281 flow
2019-09-28 23:02:16 DEBUG cic.cs.unb.ca.jnetpcap.FlowGenerator    FlagFIN current has 291 flow
2019-09-28 23:02:16 DEBUG cic.cs.unb.ca.jnetpcap.FlowGenerator    FlagFIN current has 291 flow
2019-09-28 23:02:35 DEBUG cic.cs.unb.ca.jnetpcap.FlowGenerator    FlagFIN current has 331 flow
2019-09-28 23:02:35 DEBUG cic.cs.unb.ca.jnetpcap.FlowGenerator    FlagFIN current has 331 flow
2019-09-28 23:02:35 DEBUG cic.cs.unb.ca.jnetpcap.FlowGenerator    FlagFIN current has 336 flow
2019-09-28 23:02:35 DEBUG cic.cs.unb.ca.jnetpcap.FlowGenerator    FlagFIN current has 336 flow
2019-09-28 23:02:35 DEBUG cic.cs.unb.ca.jnetpcap.FlowGenerator    FlagFIN current has 338 flow
2019-09-28 23:02:35 DEBUG cic.cs.unb.ca.jnetpcap.FlowGenerator    FlagFIN current has 338 flow
2019-09-28 23:03:00 DEBUG cic.cs.unb.ca.jnetpcap.FlowGenerator    FlagFIN current has 397 flow
2019-09-28 23:03:00 DEBUG cic.cs.unb.ca.jnetpcap.FlowGenerator    FlagFIN current has 397 flow
2019-09-28 23:03:00 DEBUG cic.cs.unb.ca.jnetpcap.FlowGenerator    FlagFIN current has 404 flow
2019-09-28 23:03:00 DEBUG cic.cs.unb.ca.jnetpcap.FlowGenerator    FlagFIN current has 404 flow
2019-09-28 23:03:05 DEBUG cic.cs.unb.ca.jnetpcap.FlowGenerator    FlagFIN current has 405 flow
2019-09-28 23:03:05 DEBUG cic.cs.unb.ca.jnetpcap.FlowGenerator    FlagFIN current has 405 flow
2019-09-28 23:03:39 DEBUG cic.cs.unb.ca.jnetpcap.FlowGenerator    FlagFIN current has 483 flow
2019-09-28 23:03:39 DEBUG cic.cs.unb.ca.jnetpcap.FlowGenerator    FlagFIN current has 483 flow
2019-09-28 23:03:39 DEBUG cic.cs.unb.ca.jnetpcap.FlowGenerator    FlagFIN current has 488 flow
2019-09-28 23:03:39 DEBUG cic.cs.unb.ca.jnetpcap.FlowGenerator    FlagFIN current has 488 flow
2019-09-28 23:03:44 DEBUG cic.cs.unb.ca.jnetpcap.FlowGenerator    FlagFIN current has 489 flow
2019-09-28 23:03:44 DEBUG cic.cs.unb.ca.jnetpcap.FlowGenerator    FlagFIN current has 489 flow
2019-09-28 23:03:54 DEBUG cic.cs.unb.ca.jnetpcap.FlowGenerator    FlagFIN current has 495 flow
2019-09-28 23:03:54 DEBUG cic.cs.unb.ca.jnetpcap.FlowGenerator    FlagFIN current has 495 flow
2019-09-28 23:04:04 DEBUG cic.cs.unb.ca.jnetpcap.FlowGenerator    FlagFIN current has 505 flow
2019-09-28 23:04:04 DEBUG cic.cs.unb.ca.jnetpcap.FlowGenerator    FlagFIN current has 505 flow
2019-09-28 23:04:04 DEBUG cic.cs.unb.ca.jnetpcap.FlowGenerator    FlagFIN current has 506 flow
2019-09-28 23:04:04 DEBUG cic.cs.unb.ca.jnetpcap.FlowGenerator    FlagFIN current has 506 flow
2019-09-28 23:04:06 INFO  cic.cs.unb.ca.flow.ui.FlowMonitorPane    Pcap stop listening
2019-09-28 23:04:06 INFO  cic.cs.unb.ca.flow.ui.FlowMonitorPane    path:C:\Users\Wilfred Wulbou\Desktop\BSCS4\CS402\IDS\ids\CICFlowMeter-4.0\bin\data\daily\2019-09-28_Flow.csv
2019-09-28 23:04:13 DEBUG cic.cs.unb.ca.jnetpcap.worker.TrafficFlowWorker    break Packet loop
