2019-10-02 00:00:51 DEBUG cic.cs.unb.ca.jnetpcap.FlowGenerator    Timeout current has 4100 flow
2019-10-02 00:02:05 DEBUG cic.cs.unb.ca.jnetpcap.FlowGenerator    FlagFIN current has 4159 flow
2019-10-02 00:02:10 DEBUG cic.cs.unb.ca.jnetpcap.FlowGenerator    FlagFIN current has 4170 flow
2019-10-02 00:02:10 DEBUG cic.cs.unb.ca.jnetpcap.FlowGenerator    FlagFIN current has 4170 flow
2019-10-02 00:02:18 DEBUG cic.cs.unb.ca.jnetpcap.FlowGenerator    FlagFIN current has 4176 flow
2019-10-02 00:02:25 DEBUG cic.cs.unb.ca.jnetpcap.FlowGenerator    FlagFIN current has 4183 flow
2019-10-02 00:02:43 DEBUG cic.cs.unb.ca.jnetpcap.FlowGenerator    Timeout current has 4200 flow
2019-10-02 00:03:03 DEBUG cic.cs.unb.ca.jnetpcap.FlowGenerator    FlagFIN current has 4242 flow
2019-10-02 00:03:03 DEBUG cic.cs.unb.ca.jnetpcap.FlowGenerator    FlagFIN current has 4242 flow
2019-10-02 00:09:48 DEBUG cic.cs.unb.ca.jnetpcap.FlowGenerator    FlagFIN current has 4574 flow
2019-10-02 00:09:48 DEBUG cic.cs.unb.ca.jnetpcap.FlowGenerator    FlagFIN current has 4574 flow
2019-10-02 00:14:24 DEBUG cic.cs.unb.ca.jnetpcap.FlowGenerator    Timeout current has 4800 flow
2019-10-02 00:14:45 DEBUG cic.cs.unb.ca.jnetpcap.FlowGenerator    Timeout current has 4850 flow
2019-10-02 00:15:49 DEBUG cic.cs.unb.ca.jnetpcap.FlowGenerator    Timeout current has 4900 flow
2019-10-02 00:15:49 DEBUG cic.cs.unb.ca.jnetpcap.FlowGenerator    Timeout current has 4900 flow
2019-10-02 00:16:40 DEBUG cic.cs.unb.ca.jnetpcap.FlowGenerator    Timeout current has 4950 flow
2019-10-02 00:16:40 DEBUG cic.cs.unb.ca.jnetpcap.FlowGenerator    Timeout current has 4950 flow
2019-10-02 00:16:40 DEBUG cic.cs.unb.ca.jnetpcap.FlowGenerator    Timeout current has 4950 flow
2019-10-02 00:16:40 DEBUG cic.cs.unb.ca.jnetpcap.FlowGenerator    Timeout current has 4950 flow
2019-10-02 00:16:46 DEBUG cic.cs.unb.ca.jnetpcap.FlowGenerator    Timeout current has 4950 flow
2019-10-02 00:23:30 DEBUG cic.cs.unb.ca.jnetpcap.FlowGenerator    FlagFIN current has 5297 flow
2019-10-02 00:23:38 DEBUG cic.cs.unb.ca.jnetpcap.FlowGenerator    FlagFIN current has 5319 flow
2019-10-02 00:23:45 DEBUG cic.cs.unb.ca.jnetpcap.FlowGenerator    FlagFIN current has 5323 flow
2019-10-02 00:23:45 DEBUG cic.cs.unb.ca.jnetpcap.FlowGenerator    FlagFIN current has 5323 flow
2019-10-02 00:23:45 DEBUG cic.cs.unb.ca.jnetpcap.FlowGenerator    FlagFIN current has 5324 flow
2019-10-02 00:23:45 DEBUG cic.cs.unb.ca.jnetpcap.FlowGenerator    FlagFIN current has 5323 flow
2019-10-02 00:23:45 DEBUG cic.cs.unb.ca.jnetpcap.FlowGenerator    FlagFIN current has 5326 flow
2019-10-02 00:23:45 DEBUG cic.cs.unb.ca.jnetpcap.FlowGenerator    FlagFIN current has 5325 flow
2019-10-02 00:23:46 DEBUG cic.cs.unb.ca.jnetpcap.FlowGenerator    FlagFIN current has 5344 flow
2019-10-02 00:23:51 DEBUG cic.cs.unb.ca.jnetpcap.FlowGenerator    FlagFIN current has 5353 flow
2019-10-02 00:23:51 DEBUG cic.cs.unb.ca.jnetpcap.FlowGenerator    FlagFIN current has 5352 flow
2019-10-02 00:24:04 DEBUG cic.cs.unb.ca.jnetpcap.FlowGenerator    FlagFIN current has 5366 flow
2019-10-02 00:24:06 DEBUG cic.cs.unb.ca.jnetpcap.FlowGenerator    FlagFIN current has 5373 flow
2019-10-02 00:24:15 DEBUG cic.cs.unb.ca.jnetpcap.FlowGenerator    FlagFIN current has 5395 flow
2019-10-02 00:24:15 DEBUG cic.cs.unb.ca.jnetpcap.FlowGenerator    FlagFIN current has 5395 flow
2019-10-02 00:24:15 DEBUG cic.cs.unb.ca.jnetpcap.FlowGenerator    Timeout current has 5400 flow
2019-10-02 00:24:20 DEBUG cic.cs.unb.ca.jnetpcap.FlowGenerator    FlagFIN current has 5408 flow
2019-10-02 00:24:36 DEBUG cic.cs.unb.ca.jnetpcap.FlowGenerator    FlagFIN current has 5428 flow
2019-10-02 00:24:46 DEBUG cic.cs.unb.ca.jnetpcap.FlowGenerator    FlagFIN current has 5449 flow
2019-10-02 00:24:49 DEBUG cic.cs.unb.ca.jnetpcap.FlowGenerator    FlagFIN current has 5468 flow
2019-10-02 00:24:55 DEBUG cic.cs.unb.ca.jnetpcap.FlowGenerator    FlagFIN current has 5475 flow
2019-10-02 00:25:26 DEBUG cic.cs.unb.ca.jnetpcap.FlowGenerator    FlagFIN current has 5519 flow
2019-10-02 00:25:36 DEBUG cic.cs.unb.ca.jnetpcap.FlowGenerator    FlagFIN current has 5559 flow
2019-10-02 00:25:58 DEBUG cic.cs.unb.ca.jnetpcap.FlowGenerator    FlagFIN current has 5592 flow
2019-10-02 00:26:16 DEBUG cic.cs.unb.ca.jnetpcap.FlowGenerator    FlagFIN current has 5618 flow
2019-10-02 00:26:24 DEBUG cic.cs.unb.ca.jnetpcap.FlowGenerator    FlagFIN current has 5632 flow
2019-10-02 00:26:39 DEBUG cic.cs.unb.ca.jnetpcap.FlowGenerator    FlagFIN current has 5665 flow
2019-10-02 00:26:39 DEBUG cic.cs.unb.ca.jnetpcap.FlowGenerator    FlagFIN current has 5666 flow
2019-10-02 00:27:19 DEBUG cic.cs.unb.ca.jnetpcap.FlowGenerator    FlagFIN current has 5725 flow
2019-10-02 00:27:26 DEBUG cic.cs.unb.ca.jnetpcap.FlowGenerator    FlagFIN current has 5739 flow
2019-10-02 00:27:32 DEBUG cic.cs.unb.ca.jnetpcap.FlowGenerator    Timeout current has 5750 flow
2019-10-02 00:27:32 DEBUG cic.cs.unb.ca.jnetpcap.FlowGenerator    FlagFIN current has 5751 flow
2019-10-02 00:28:09 DEBUG cic.cs.unb.ca.jnetpcap.FlowGenerator    Timeout current has 5800 flow
2019-10-02 00:28:37 DEBUG cic.cs.unb.ca.jnetpcap.FlowGenerator    FlagFIN current has 5854 flow
2019-10-02 00:28:40 DEBUG cic.cs.unb.ca.jnetpcap.FlowGenerator    FlagFIN current has 5870 flow
2019-10-02 00:28:49 DEBUG cic.cs.unb.ca.jnetpcap.FlowGenerator    FlagFIN current has 5886 flow
2019-10-02 00:29:05 DEBUG cic.cs.unb.ca.jnetpcap.FlowGenerator    Timeout current has 5900 flow
2019-10-02 00:29:25 DEBUG cic.cs.unb.ca.jnetpcap.FlowGenerator    FlagFIN current has 5945 flow
2019-10-02 00:29:39 DEBUG cic.cs.unb.ca.jnetpcap.FlowGenerator    FlagFIN current has 5961 flow
2019-10-02 00:29:55 DEBUG cic.cs.unb.ca.jnetpcap.FlowGenerator    FlagFIN current has 5983 flow
2019-10-02 00:29:58 DEBUG cic.cs.unb.ca.jnetpcap.FlowGenerator    FlagFIN current has 5999 flow
2019-10-02 00:30:10 DEBUG cic.cs.unb.ca.jnetpcap.FlowGenerator    FlagFIN current has 6014 flow
2019-10-02 00:30:42 DEBUG cic.cs.unb.ca.jnetpcap.FlowGenerator    FlagFIN current has 6060 flow
2019-10-02 00:30:53 DEBUG cic.cs.unb.ca.jnetpcap.FlowGenerator    FlagFIN current has 6079 flow
2019-10-02 00:31:19 DEBUG cic.cs.unb.ca.jnetpcap.FlowGenerator    Timeout current has 6150 flow
2019-10-02 00:31:28 DEBUG cic.cs.unb.ca.jnetpcap.FlowGenerator    FlagFIN current has 6180 flow
2019-10-02 00:31:28 DEBUG cic.cs.unb.ca.jnetpcap.FlowGenerator    FlagFIN current has 6180 flow
2019-10-02 00:31:34 DEBUG cic.cs.unb.ca.jnetpcap.FlowGenerator    FlagFIN current has 6198 flow
2019-10-02 00:31:34 DEBUG cic.cs.unb.ca.jnetpcap.FlowGenerator    Timeout current has 6200 flow
2019-10-02 00:31:34 DEBUG cic.cs.unb.ca.jnetpcap.FlowGenerator    FlagFIN current has 6200 flow
2019-10-02 00:31:34 DEBUG cic.cs.unb.ca.jnetpcap.FlowGenerator    Timeout current has 6200 flow
2019-10-02 00:32:02 DEBUG cic.cs.unb.ca.jnetpcap.FlowGenerator    FlagFIN current has 6248 flow
2019-10-02 00:32:09 DEBUG cic.cs.unb.ca.jnetpcap.FlowGenerator    FlagFIN current has 6264 flow
2019-10-02 00:32:14 DEBUG cic.cs.unb.ca.jnetpcap.FlowGenerator    FlagFIN current has 6275 flow
2019-10-02 00:32:41 DEBUG cic.cs.unb.ca.jnetpcap.FlowGenerator    FlagFIN current has 6325 flow
2019-10-02 00:32:44 DEBUG cic.cs.unb.ca.jnetpcap.FlowGenerator    FlagFIN current has 6330 flow
2019-10-02 00:33:57 DEBUG cic.cs.unb.ca.jnetpcap.FlowGenerator    Timeout current has 6400 flow
2019-10-02 00:34:02 DEBUG cic.cs.unb.ca.jnetpcap.FlowGenerator    FlagFIN current has 6412 flow
2019-10-02 00:34:05 DEBUG cic.cs.unb.ca.jnetpcap.FlowGenerator    FlagFIN current has 6422 flow
2019-10-02 00:34:10 DEBUG cic.cs.unb.ca.jnetpcap.FlowGenerator    FlagFIN current has 6441 flow
2019-10-02 00:34:15 DEBUG cic.cs.unb.ca.jnetpcap.FlowGenerator    Timeout current has 6450 flow
2019-10-02 00:35:15 DEBUG cic.cs.unb.ca.jnetpcap.FlowGenerator    FlagFIN current has 6496 flow
2019-10-02 00:35:20 DEBUG cic.cs.unb.ca.jnetpcap.FlowGenerator    Timeout current has 6500 flow
2019-10-02 00:35:20 DEBUG cic.cs.unb.ca.jnetpcap.FlowGenerator    Timeout current has 6500 flow
2019-10-02 00:35:20 DEBUG cic.cs.unb.ca.jnetpcap.FlowGenerator    Timeout current has 6500 flow
2019-10-02 00:35:20 DEBUG cic.cs.unb.ca.jnetpcap.FlowGenerator    Timeout current has 6500 flow
2019-10-02 00:35:21 DEBUG cic.cs.unb.ca.jnetpcap.FlowGenerator    Timeout current has 6500 flow
2019-10-02 00:36:27 DEBUG cic.cs.unb.ca.jnetpcap.FlowGenerator    FlagFIN current has 6580 flow
2019-10-02 00:36:27 DEBUG cic.cs.unb.ca.jnetpcap.FlowGenerator    FlagFIN current has 6580 flow
2019-10-02 00:40:29 DEBUG cic.cs.unb.ca.jnetpcap.FlowGenerator    Timeout current has 6750 flow
2019-10-02 00:42:14 DEBUG cic.cs.unb.ca.jnetpcap.FlowGenerator    FlagFIN current has 6853 flow
2019-10-02 00:42:17 DEBUG cic.cs.unb.ca.jnetpcap.FlowGenerator    FlagFIN current has 6869 flow
2019-10-02 00:42:19 DEBUG cic.cs.unb.ca.jnetpcap.FlowGenerator    FlagFIN current has 6871 flow
2019-10-02 00:42:24 DEBUG cic.cs.unb.ca.jnetpcap.FlowGenerator    FlagFIN current has 6875 flow
2019-10-02 00:42:24 DEBUG cic.cs.unb.ca.jnetpcap.FlowGenerator    FlagFIN current has 6876 flow
2019-10-02 00:42:24 DEBUG cic.cs.unb.ca.jnetpcap.FlowGenerator    FlagFIN current has 6880 flow
2019-10-02 00:42:24 DEBUG cic.cs.unb.ca.jnetpcap.FlowGenerator    FlagFIN current has 6881 flow
2019-10-02 00:42:24 DEBUG cic.cs.unb.ca.jnetpcap.FlowGenerator    FlagFIN current has 6881 flow
2019-10-02 00:42:25 DEBUG cic.cs.unb.ca.jnetpcap.FlowGenerator    FlagFIN current has 6882 flow
2019-10-02 00:42:25 DEBUG cic.cs.unb.ca.jnetpcap.FlowGenerator    FlagFIN current has 6881 flow
2019-10-02 00:42:25 DEBUG cic.cs.unb.ca.jnetpcap.FlowGenerator    FlagFIN current has 6882 flow
2019-10-02 00:42:26 DEBUG cic.cs.unb.ca.jnetpcap.FlowGenerator    FlagFIN current has 6882 flow
2019-10-02 00:42:32 DEBUG cic.cs.unb.ca.jnetpcap.FlowGenerator    FlagFIN current has 6891 flow
2019-10-02 00:43:58 DEBUG cic.cs.unb.ca.jnetpcap.FlowGenerator    FlagFIN current has 6953 flow
2019-10-02 00:43:58 DEBUG cic.cs.unb.ca.jnetpcap.FlowGenerator    FlagFIN current has 6953 flow
2019-10-02 00:47:01 DEBUG cic.cs.unb.ca.jnetpcap.FlowGenerator    Timeout current has 7100 flow
2019-10-02 00:47:01 DEBUG cic.cs.unb.ca.jnetpcap.FlowGenerator    Timeout current has 7100 flow
2019-10-02 00:49:10 DEBUG cic.cs.unb.ca.jnetpcap.FlowGenerator    FlagFIN current has 7230 flow
2019-10-02 00:49:10 DEBUG cic.cs.unb.ca.jnetpcap.FlowGenerator    FlagFIN current has 7232 flow
2019-10-02 00:51:02 DEBUG cic.cs.unb.ca.jnetpcap.FlowGenerator    FlagFIN current has 7314 flow
2019-10-02 00:51:02 DEBUG cic.cs.unb.ca.jnetpcap.FlowGenerator    FlagFIN current has 7316 flow
2019-10-02 00:51:03 DEBUG cic.cs.unb.ca.jnetpcap.FlowGenerator    FlagFIN current has 7317 flow
2019-10-02 00:51:06 DEBUG cic.cs.unb.ca.jnetpcap.FlowGenerator    FlagFIN current has 7323 flow
2019-10-02 00:51:06 DEBUG cic.cs.unb.ca.jnetpcap.FlowGenerator    FlagFIN current has 7323 flow
2019-10-02 00:51:19 DEBUG cic.cs.unb.ca.jnetpcap.FlowGenerator    FlagFIN current has 7341 flow
2019-10-02 00:51:22 DEBUG cic.cs.unb.ca.jnetpcap.FlowGenerator    FlagFIN current has 7341 flow
2019-10-02 00:51:22 DEBUG cic.cs.unb.ca.jnetpcap.FlowGenerator    FlagFIN current has 7341 flow
2019-10-02 00:51:30 DEBUG cic.cs.unb.ca.jnetpcap.FlowGenerator    Timeout current has 7350 flow
2019-10-02 00:54:37 DEBUG cic.cs.unb.ca.jnetpcap.FlowGenerator    FlagFIN current has 7497 flow
2019-10-02 00:54:37 DEBUG cic.cs.unb.ca.jnetpcap.FlowGenerator    FlagFIN current has 7497 flow
2019-10-02 00:54:41 DEBUG cic.cs.unb.ca.jnetpcap.FlowGenerator    Timeout current has 7500 flow
2019-10-02 00:54:41 DEBUG cic.cs.unb.ca.jnetpcap.FlowGenerator    Timeout current has 7500 flow
2019-10-02 00:55:05 DEBUG cic.cs.unb.ca.jnetpcap.FlowGenerator    FlagFIN current has 7525 flow
2019-10-02 00:55:05 DEBUG cic.cs.unb.ca.jnetpcap.FlowGenerator    FlagFIN current has 7525 flow
2019-10-02 00:55:09 DEBUG cic.cs.unb.ca.jnetpcap.FlowGenerator    FlagFIN current has 7528 flow
2019-10-02 00:55:09 DEBUG cic.cs.unb.ca.jnetpcap.FlowGenerator    FlagFIN current has 7528 flow
2019-10-02 00:55:53 DEBUG cic.cs.unb.ca.jnetpcap.FlowGenerator    FlagFIN current has 7570 flow
2019-10-02 00:55:53 DEBUG cic.cs.unb.ca.jnetpcap.FlowGenerator    FlagFIN current has 7570 flow
2019-10-02 00:55:54 DEBUG cic.cs.unb.ca.jnetpcap.FlowGenerator    FlagFIN current has 7570 flow
2019-10-02 00:55:54 DEBUG cic.cs.unb.ca.jnetpcap.FlowGenerator    FlagFIN current has 7570 flow
2019-10-02 00:56:56 DEBUG cic.cs.unb.ca.jnetpcap.FlowGenerator    FlagFIN current has 7623 flow
2019-10-02 00:56:56 DEBUG cic.cs.unb.ca.jnetpcap.FlowGenerator    FlagFIN current has 7622 flow
2019-10-02 00:57:25 DEBUG cic.cs.unb.ca.jnetpcap.FlowGenerator    Timeout current has 7650 flow
2019-10-02 00:57:25 DEBUG cic.cs.unb.ca.jnetpcap.FlowGenerator    Timeout current has 7650 flow
2019-10-02 00:57:25 DEBUG cic.cs.unb.ca.jnetpcap.FlowGenerator    Timeout current has 7650 flow
2019-10-02 00:57:25 DEBUG cic.cs.unb.ca.jnetpcap.FlowGenerator    Timeout current has 7650 flow
2019-10-02 00:58:30 DEBUG cic.cs.unb.ca.jnetpcap.FlowGenerator    Timeout current has 7700 flow
2019-10-02 00:59:31 DEBUG cic.cs.unb.ca.jnetpcap.FlowGenerator    Timeout current has 7750 flow
2019-10-02 01:01:37 DEBUG cic.cs.unb.ca.jnetpcap.FlowGenerator    Timeout current has 7850 flow
2019-10-02 01:02:40 DEBUG cic.cs.unb.ca.jnetpcap.FlowGenerator    Timeout current has 7900 flow
2019-10-02 01:02:40 DEBUG cic.cs.unb.ca.jnetpcap.FlowGenerator    Timeout current has 7900 flow
2019-10-02 01:02:40 DEBUG cic.cs.unb.ca.jnetpcap.FlowGenerator    Timeout current has 7900 flow
2019-10-02 01:02:40 DEBUG cic.cs.unb.ca.jnetpcap.FlowGenerator    Timeout current has 7900 flow
2019-10-02 01:02:40 DEBUG cic.cs.unb.ca.jnetpcap.FlowGenerator    Timeout current has 7900 flow
2019-10-02 01:02:40 DEBUG cic.cs.unb.ca.jnetpcap.FlowGenerator    Timeout current has 7900 flow
2019-10-02 01:02:43 DEBUG cic.cs.unb.ca.jnetpcap.FlowGenerator    Timeout current has 7900 flow
2019-10-02 01:02:43 DEBUG cic.cs.unb.ca.jnetpcap.FlowGenerator    Timeout current has 7900 flow
2019-10-02 01:02:43 DEBUG cic.cs.unb.ca.jnetpcap.FlowGenerator    Timeout current has 7900 flow
2019-10-02 01:06:11 DEBUG cic.cs.unb.ca.jnetpcap.FlowGenerator    FlagFIN current has 8056 flow
2019-10-02 01:06:11 DEBUG cic.cs.unb.ca.jnetpcap.FlowGenerator    FlagFIN current has 8056 flow
2019-10-02 01:06:11 DEBUG cic.cs.unb.ca.jnetpcap.FlowGenerator    FlagFIN current has 8057 flow
2019-10-02 01:06:11 DEBUG cic.cs.unb.ca.jnetpcap.FlowGenerator    FlagFIN current has 8057 flow
2019-10-02 01:06:11 DEBUG cic.cs.unb.ca.jnetpcap.FlowGenerator    FlagFIN current has 8059 flow
2019-10-02 01:06:12 DEBUG cic.cs.unb.ca.jnetpcap.FlowGenerator    FlagFIN current has 8060 flow
2019-10-02 01:06:12 DEBUG cic.cs.unb.ca.jnetpcap.FlowGenerator    FlagFIN current has 8061 flow
2019-10-02 01:06:14 DEBUG cic.cs.unb.ca.jnetpcap.FlowGenerator    FlagFIN current has 8065 flow
2019-10-02 01:06:14 DEBUG cic.cs.unb.ca.jnetpcap.FlowGenerator    FlagFIN current has 8065 flow
2019-10-02 01:06:14 DEBUG cic.cs.unb.ca.jnetpcap.FlowGenerator    FlagFIN current has 8065 flow
2019-10-02 01:06:15 DEBUG cic.cs.unb.ca.jnetpcap.FlowGenerator    FlagFIN current has 8071 flow
2019-10-02 01:06:17 DEBUG cic.cs.unb.ca.jnetpcap.FlowGenerator    FlagFIN current has 8071 flow
2019-10-02 01:06:17 DEBUG cic.cs.unb.ca.jnetpcap.FlowGenerator    FlagFIN current has 8075 flow
2019-10-02 01:06:18 DEBUG cic.cs.unb.ca.jnetpcap.FlowGenerator    FlagFIN current has 8076 flow
2019-10-02 01:06:18 DEBUG cic.cs.unb.ca.jnetpcap.FlowGenerator    FlagFIN current has 8079 flow
2019-10-02 01:06:18 DEBUG cic.cs.unb.ca.jnetpcap.FlowGenerator    FlagFIN current has 8079 flow
2019-10-02 01:06:18 DEBUG cic.cs.unb.ca.jnetpcap.FlowGenerator    FlagFIN current has 8079 flow
2019-10-02 01:06:18 DEBUG cic.cs.unb.ca.jnetpcap.FlowGenerator    FlagFIN current has 8079 flow
2019-10-02 01:06:18 DEBUG cic.cs.unb.ca.jnetpcap.FlowGenerator    FlagFIN current has 8081 flow
2019-10-02 01:06:23 DEBUG cic.cs.unb.ca.jnetpcap.FlowGenerator    FlagFIN current has 8097 flow
2019-10-02 01:06:23 DEBUG cic.cs.unb.ca.jnetpcap.FlowGenerator    FlagFIN current has 8098 flow
2019-10-02 01:06:29 DEBUG cic.cs.unb.ca.jnetpcap.FlowGenerator    FlagFIN current has 8099 flow
2019-10-02 01:06:29 DEBUG cic.cs.unb.ca.jnetpcap.FlowGenerator    Timeout current has 8100 flow
2019-10-02 01:07:21 DEBUG cic.cs.unb.ca.jnetpcap.FlowGenerator    Timeout current has 8150 flow
2019-10-02 01:07:21 DEBUG cic.cs.unb.ca.jnetpcap.FlowGenerator    Timeout current has 8150 flow
2019-10-02 01:07:25 DEBUG cic.cs.unb.ca.jnetpcap.FlowGenerator    FlagFIN current has 8154 flow
2019-10-02 01:07:25 DEBUG cic.cs.unb.ca.jnetpcap.FlowGenerator    FlagFIN current has 8153 flow
2019-10-02 01:07:25 DEBUG cic.cs.unb.ca.jnetpcap.FlowGenerator    FlagFIN current has 8153 flow
2019-10-02 01:07:25 DEBUG cic.cs.unb.ca.jnetpcap.FlowGenerator    FlagFIN current has 8154 flow
2019-10-02 01:08:16 DEBUG cic.cs.unb.ca.jnetpcap.FlowGenerator    FlagFIN current has 8194 flow
2019-10-02 01:08:16 DEBUG cic.cs.unb.ca.jnetpcap.FlowGenerator    FlagFIN current has 8194 flow
2019-10-02 01:08:30 DEBUG cic.cs.unb.ca.jnetpcap.FlowGenerator    Timeout current has 8200 flow
2019-10-02 01:10:43 DEBUG cic.cs.unb.ca.jnetpcap.FlowGenerator    FlagFIN current has 8326 flow
2019-10-02 01:10:46 DEBUG cic.cs.unb.ca.jnetpcap.FlowGenerator    FlagFIN current has 8333 flow
2019-10-02 01:10:46 DEBUG cic.cs.unb.ca.jnetpcap.FlowGenerator    FlagFIN current has 8333 flow
2019-10-02 01:10:52 DEBUG cic.cs.unb.ca.jnetpcap.FlowGenerator    FlagFIN current has 8343 flow
2019-10-02 01:10:56 DEBUG cic.cs.unb.ca.jnetpcap.FlowGenerator    FlagFIN current has 8343 flow
2019-10-02 01:11:09 DEBUG cic.cs.unb.ca.jnetpcap.FlowGenerator    FlagFIN current has 8357 flow
2019-10-02 01:14:55 DEBUG cic.cs.unb.ca.jnetpcap.FlowGenerator    FlagFIN current has 8539 flow
2019-10-02 01:15:00 DEBUG cic.cs.unb.ca.jnetpcap.FlowGenerator    FlagFIN current has 8545 flow
2019-10-02 01:15:18 DEBUG cic.cs.unb.ca.jnetpcap.FlowGenerator    FlagFIN current has 8558 flow
2019-10-02 01:15:36 DEBUG cic.cs.unb.ca.jnetpcap.FlowGenerator    FlagFIN current has 8573 flow
2019-10-02 01:15:38 DEBUG cic.cs.unb.ca.jnetpcap.FlowGenerator    FlagFIN current has 8576 flow
2019-10-02 01:15:40 DEBUG cic.cs.unb.ca.jnetpcap.FlowGenerator    FlagFIN current has 8577 flow
2019-10-02 01:16:07 DEBUG cic.cs.unb.ca.jnetpcap.FlowGenerator    Timeout current has 8600 flow
2019-10-02 01:16:17 DEBUG cic.cs.unb.ca.jnetpcap.FlowGenerator    FlagFIN current has 8605 flow
2019-10-02 01:16:17 DEBUG cic.cs.unb.ca.jnetpcap.FlowGenerator    FlagFIN current has 8605 flow
2019-10-02 01:16:39 DEBUG cic.cs.unb.ca.jnetpcap.FlowGenerator    FlagFIN current has 8661 flow
2019-10-02 01:16:56 DEBUG cic.cs.unb.ca.jnetpcap.FlowGenerator    FlagFIN current has 8672 flow
2019-10-02 01:16:56 DEBUG cic.cs.unb.ca.jnetpcap.FlowGenerator    FlagFIN current has 8672 flow
2019-10-02 01:16:57 DEBUG cic.cs.unb.ca.jnetpcap.FlowGenerator    FlagFIN current has 8673 flow
2019-10-02 01:17:57 DEBUG cic.cs.unb.ca.jnetpcap.FlowGenerator    FlagFIN current has 8675 flow
2019-10-02 01:18:16 DEBUG cic.cs.unb.ca.jnetpcap.FlowGenerator    FlagFIN current has 8698 flow
2019-10-02 01:18:16 DEBUG cic.cs.unb.ca.jnetpcap.FlowGenerator    FlagFIN current has 8698 flow
2019-10-02 01:18:16 DEBUG cic.cs.unb.ca.jnetpcap.FlowGenerator    FlagFIN current has 8699 flow
2019-10-02 01:18:16 DEBUG cic.cs.unb.ca.jnetpcap.FlowGenerator    FlagFIN current has 8705 flow
2019-10-02 01:18:16 DEBUG cic.cs.unb.ca.jnetpcap.FlowGenerator    FlagFIN current has 8705 flow
2019-10-02 01:18:17 DEBUG cic.cs.unb.ca.jnetpcap.FlowGenerator    FlagFIN current has 8711 flow
2019-10-02 01:18:18 DEBUG cic.cs.unb.ca.jnetpcap.FlowGenerator    FlagFIN current has 8712 flow
2019-10-02 01:18:19 DEBUG cic.cs.unb.ca.jnetpcap.FlowGenerator    FlagFIN current has 8717 flow
2019-10-02 01:18:19 DEBUG cic.cs.unb.ca.jnetpcap.FlowGenerator    FlagFIN current has 8717 flow
2019-10-02 01:18:19 DEBUG cic.cs.unb.ca.jnetpcap.FlowGenerator    FlagFIN current has 8721 flow
2019-10-02 01:18:19 DEBUG cic.cs.unb.ca.jnetpcap.FlowGenerator    FlagFIN current has 8721 flow
2019-10-02 01:18:19 DEBUG cic.cs.unb.ca.jnetpcap.FlowGenerator    FlagFIN current has 8721 flow
2019-10-02 01:18:19 DEBUG cic.cs.unb.ca.jnetpcap.FlowGenerator    FlagFIN current has 8721 flow
2019-10-02 01:18:20 DEBUG cic.cs.unb.ca.jnetpcap.FlowGenerator    FlagFIN current has 8724 flow
2019-10-02 01:18:20 DEBUG cic.cs.unb.ca.jnetpcap.FlowGenerator    FlagFIN current has 8725 flow
2019-10-02 01:18:20 DEBUG cic.cs.unb.ca.jnetpcap.FlowGenerator    FlagFIN current has 8726 flow
2019-10-02 01:18:20 DEBUG cic.cs.unb.ca.jnetpcap.FlowGenerator    FlagFIN current has 8725 flow
2019-10-02 01:19:23 DEBUG cic.cs.unb.ca.jnetpcap.FlowGenerator    FlagFIN current has 8767 flow
2019-10-02 01:19:23 DEBUG cic.cs.unb.ca.jnetpcap.FlowGenerator    FlagFIN current has 8766 flow
2019-10-02 01:21:37 DEBUG cic.cs.unb.ca.jnetpcap.FlowGenerator    FlagFIN current has 8810 flow
2019-10-02 01:21:39 DEBUG cic.cs.unb.ca.jnetpcap.FlowGenerator    FlagFIN current has 8810 flow
2019-10-02 01:22:02 DEBUG cic.cs.unb.ca.jnetpcap.FlowGenerator    FlagFIN current has 8847 flow
2019-10-02 01:22:02 DEBUG cic.cs.unb.ca.jnetpcap.FlowGenerator    FlagFIN current has 8848 flow
2019-10-02 01:23:56 DEBUG cic.cs.unb.ca.jnetpcap.FlowGenerator    FlagFIN current has 8944 flow
2019-10-02 01:23:56 DEBUG cic.cs.unb.ca.jnetpcap.FlowGenerator    FlagFIN current has 8944 flow
2019-10-02 01:24:00 DEBUG cic.cs.unb.ca.jnetpcap.FlowGenerator    Timeout current has 8950 flow
2019-10-02 01:25:56 DEBUG cic.cs.unb.ca.jnetpcap.FlowGenerator    FlagFIN current has 9044 flow
2019-10-02 01:26:50 DEBUG cic.cs.unb.ca.jnetpcap.FlowGenerator    FlagFIN current has 9091 flow
2019-10-02 01:26:50 DEBUG cic.cs.unb.ca.jnetpcap.FlowGenerator    FlagFIN current has 9091 flow
2019-10-02 01:26:52 DEBUG cic.cs.unb.ca.jnetpcap.FlowGenerator    FlagFIN current has 9093 flow
2019-10-02 01:26:52 DEBUG cic.cs.unb.ca.jnetpcap.FlowGenerator    FlagFIN current has 9093 flow
2019-10-02 01:27:24 DEBUG cic.cs.unb.ca.jnetpcap.FlowGenerator    Timeout current has 9150 flow
2019-10-02 01:27:57 DEBUG cic.cs.unb.ca.jnetpcap.FlowGenerator    FlagFIN current has 9176 flow
2019-10-02 01:30:06 INFO  cic.cs.unb.ca.flow.ui.FlowMonitorPane    Pcap stop listening
2019-10-02 01:30:06 INFO  cic.cs.unb.ca.flow.ui.FlowMonitorPane    path:C:\Users\Wilfred Wulbou\Desktop\BSCS4\CS402\IDS\ids\CICFlowMeter-4.0\bin\data\daily\2019-10-02_Flow.csv
2019-10-02 01:30:07 DEBUG cic.cs.unb.ca.jnetpcap.worker.TrafficFlowWorker    break Packet loop
2019-10-02 06:49:01 INFO  cic.cs.unb.ca.jnetpcap.worker.TrafficFlowWorker    Pcap is listening...
2019-10-02 06:50:09 INFO  cic.cs.unb.ca.flow.ui.FlowMonitorPane    Pcap stop listening
2019-10-02 06:50:09 INFO  cic.cs.unb.ca.flow.ui.FlowMonitorPane    path:C:\Users\Wilfred Wulbou\Desktop\BSCS4\CS402\IDS\ids\CICFlowMeter-4.0\bin\data\daily\2019-10-02_Flow.csv
2019-10-02 06:50:09 DEBUG cic.cs.unb.ca.jnetpcap.worker.TrafficFlowWorker    break Packet loop
2019-10-02 06:50:12 INFO  cic.cs.unb.ca.jnetpcap.worker.TrafficFlowWorker    Pcap is listening...
2019-10-02 06:50:19 DEBUG cic.cs.unb.ca.jnetpcap.FlowGenerator    FlagFIN current has 42 flow
2019-10-02 06:50:19 DEBUG cic.cs.unb.ca.jnetpcap.FlowGenerator    FlagFIN current has 42 flow
2019-10-02 06:50:19 DEBUG cic.cs.unb.ca.jnetpcap.FlowGenerator    FlagFIN current has 42 flow
2019-10-02 06:50:20 DEBUG cic.cs.unb.ca.jnetpcap.FlowGenerator    FlagFIN current has 52 flow
2019-10-02 06:50:20 DEBUG cic.cs.unb.ca.jnetpcap.FlowGenerator    FlagFIN current has 52 flow
2019-10-02 06:50:20 DEBUG cic.cs.unb.ca.jnetpcap.FlowGenerator    FlagFIN current has 52 flow
2019-10-02 06:50:20 DEBUG cic.cs.unb.ca.jnetpcap.FlowGenerator    FlagFIN current has 53 flow
2019-10-02 06:50:20 DEBUG cic.cs.unb.ca.jnetpcap.FlowGenerator    FlagFIN current has 53 flow
2019-10-02 06:50:20 DEBUG cic.cs.unb.ca.jnetpcap.FlowGenerator    FlagFIN current has 53 flow
2019-10-02 06:50:20 DEBUG cic.cs.unb.ca.jnetpcap.FlowGenerator    FlagFIN current has 54 flow
2019-10-02 06:50:20 DEBUG cic.cs.unb.ca.jnetpcap.FlowGenerator    FlagFIN current has 54 flow
2019-10-02 06:50:20 DEBUG cic.cs.unb.ca.jnetpcap.FlowGenerator    FlagFIN current has 54 flow
2019-10-02 06:50:21 DEBUG cic.cs.unb.ca.jnetpcap.FlowGenerator    FlagFIN current has 55 flow
2019-10-02 06:50:21 DEBUG cic.cs.unb.ca.jnetpcap.FlowGenerator    FlagFIN current has 55 flow
2019-10-02 06:50:21 DEBUG cic.cs.unb.ca.jnetpcap.FlowGenerator    FlagFIN current has 56 flow
2019-10-02 06:50:21 DEBUG cic.cs.unb.ca.jnetpcap.FlowGenerator    FlagFIN current has 58 flow
2019-10-02 06:50:21 DEBUG cic.cs.unb.ca.jnetpcap.FlowGenerator    FlagFIN current has 58 flow
2019-10-02 06:50:21 DEBUG cic.cs.unb.ca.jnetpcap.FlowGenerator    FlagFIN current has 58 flow
2019-10-02 06:50:22 DEBUG cic.cs.unb.ca.jnetpcap.FlowGenerator    FlagFIN current has 59 flow
2019-10-02 06:50:22 DEBUG cic.cs.unb.ca.jnetpcap.FlowGenerator    FlagFIN current has 59 flow
2019-10-02 06:50:22 DEBUG cic.cs.unb.ca.jnetpcap.FlowGenerator    FlagFIN current has 59 flow
2019-10-02 06:50:24 DEBUG cic.cs.unb.ca.jnetpcap.FlowGenerator    FlagFIN current has 60 flow
2019-10-02 06:50:24 DEBUG cic.cs.unb.ca.jnetpcap.FlowGenerator    FlagFIN current has 60 flow
2019-10-02 06:50:24 DEBUG cic.cs.unb.ca.jnetpcap.FlowGenerator    FlagFIN current has 60 flow
2019-10-02 06:50:24 DEBUG cic.cs.unb.ca.jnetpcap.FlowGenerator    FlagFIN current has 67 flow
2019-10-02 06:50:24 DEBUG cic.cs.unb.ca.jnetpcap.FlowGenerator    FlagFIN current has 67 flow
2019-10-02 06:50:24 DEBUG cic.cs.unb.ca.jnetpcap.FlowGenerator    FlagFIN current has 67 flow
2019-10-02 06:50:25 DEBUG cic.cs.unb.ca.jnetpcap.FlowGenerator    FlagFIN current has 68 flow
2019-10-02 06:50:25 DEBUG cic.cs.unb.ca.jnetpcap.FlowGenerator    FlagFIN current has 68 flow
2019-10-02 06:50:26 DEBUG cic.cs.unb.ca.jnetpcap.FlowGenerator    FlagFIN current has 68 flow
2019-10-02 06:50:27 DEBUG cic.cs.unb.ca.jnetpcap.FlowGenerator    FlagFIN current has 69 flow
2019-10-02 06:50:27 DEBUG cic.cs.unb.ca.jnetpcap.FlowGenerator    FlagFIN current has 69 flow
2019-10-02 06:50:27 DEBUG cic.cs.unb.ca.jnetpcap.FlowGenerator    FlagFIN current has 69 flow
2019-10-02 06:50:27 DEBUG cic.cs.unb.ca.jnetpcap.FlowGenerator    FlagFIN current has 70 flow
2019-10-02 06:50:27 DEBUG cic.cs.unb.ca.jnetpcap.FlowGenerator    FlagFIN current has 70 flow
2019-10-02 06:50:28 DEBUG cic.cs.unb.ca.jnetpcap.FlowGenerator    FlagFIN current has 70 flow
2019-10-02 06:50:28 DEBUG cic.cs.unb.ca.jnetpcap.FlowGenerator    FlagFIN current has 78 flow
2019-10-02 06:50:29 DEBUG cic.cs.unb.ca.jnetpcap.FlowGenerator    FlagFIN current has 78 flow
2019-10-02 06:50:29 DEBUG cic.cs.unb.ca.jnetpcap.FlowGenerator    FlagFIN current has 78 flow
2019-10-02 06:50:29 DEBUG cic.cs.unb.ca.jnetpcap.FlowGenerator    FlagFIN current has 79 flow
2019-10-02 06:50:29 DEBUG cic.cs.unb.ca.jnetpcap.FlowGenerator    FlagFIN current has 79 flow
2019-10-02 06:50:29 DEBUG cic.cs.unb.ca.jnetpcap.FlowGenerator    FlagFIN current has 79 flow
2019-10-02 06:50:31 DEBUG cic.cs.unb.ca.jnetpcap.FlowGenerator    FlagFIN current has 82 flow
2019-10-02 06:50:31 DEBUG cic.cs.unb.ca.jnetpcap.FlowGenerator    FlagFIN current has 82 flow
2019-10-02 06:50:31 DEBUG cic.cs.unb.ca.jnetpcap.FlowGenerator    FlagFIN current has 82 flow
2019-10-02 06:50:32 DEBUG cic.cs.unb.ca.jnetpcap.FlowGenerator    FlagFIN current has 83 flow
2019-10-02 06:50:32 DEBUG cic.cs.unb.ca.jnetpcap.FlowGenerator    FlagFIN current has 83 flow
2019-10-02 06:50:32 DEBUG cic.cs.unb.ca.jnetpcap.FlowGenerator    FlagFIN current has 83 flow
2019-10-02 06:50:32 DEBUG cic.cs.unb.ca.jnetpcap.FlowGenerator    FlagFIN current has 96 flow
2019-10-02 06:50:32 DEBUG cic.cs.unb.ca.jnetpcap.FlowGenerator    FlagFIN current has 96 flow
2019-10-02 06:50:33 DEBUG cic.cs.unb.ca.jnetpcap.FlowGenerator    FlagFIN current has 96 flow
2019-10-02 06:50:33 DEBUG cic.cs.unb.ca.jnetpcap.FlowGenerator    FlagFIN current has 96 flow
2019-10-02 06:50:33 DEBUG cic.cs.unb.ca.jnetpcap.FlowGenerator    FlagFIN current has 96 flow
2019-10-02 06:50:33 DEBUG cic.cs.unb.ca.jnetpcap.FlowGenerator    FlagFIN current has 97 flow
2019-10-02 06:50:33 DEBUG cic.cs.unb.ca.jnetpcap.FlowGenerator    FlagFIN current has 97 flow
2019-10-02 06:50:33 DEBUG cic.cs.unb.ca.jnetpcap.FlowGenerator    FlagFIN current has 97 flow
2019-10-02 06:50:34 DEBUG cic.cs.unb.ca.jnetpcap.FlowGenerator    FlagFIN current has 98 flow
2019-10-02 06:50:34 DEBUG cic.cs.unb.ca.jnetpcap.FlowGenerator    FlagFIN current has 98 flow
2019-10-02 06:50:34 DEBUG cic.cs.unb.ca.jnetpcap.FlowGenerator    FlagFIN current has 98 flow
2019-10-02 06:50:47 DEBUG cic.cs.unb.ca.jnetpcap.FlowGenerator    FlagFIN current has 128 flow
2019-10-02 06:50:47 DEBUG cic.cs.unb.ca.jnetpcap.FlowGenerator    FlagFIN current has 128 flow
2019-10-02 06:50:47 DEBUG cic.cs.unb.ca.jnetpcap.FlowGenerator    FlagFIN current has 128 flow
2019-10-02 06:50:50 INFO  cic.cs.unb.ca.flow.ui.FlowMonitorPane    Pcap stop listening
2019-10-02 06:50:50 INFO  cic.cs.unb.ca.flow.ui.FlowMonitorPane    path:C:\Users\Wilfred Wulbou\Desktop\BSCS4\CS402\IDS\ids\CICFlowMeter-4.0\bin\data\daily\2019-10-02_Flow.csv
2019-10-02 06:50:52 DEBUG cic.cs.unb.ca.jnetpcap.worker.TrafficFlowWorker    break Packet loop
2019-10-02 06:51:27 INFO  cic.cs.unb.ca.jnetpcap.worker.TrafficFlowWorker    Pcap is listening...
2019-10-02 06:51:36 DEBUG cic.cs.unb.ca.jnetpcap.FlowGenerator    FlagFIN current has 26 flow
2019-10-02 06:51:36 DEBUG cic.cs.unb.ca.jnetpcap.FlowGenerator    FlagFIN current has 26 flow
2019-10-02 06:52:05 DEBUG cic.cs.unb.ca.jnetpcap.FlowGenerator    FlagFIN current has 202 flow
2019-10-02 06:52:05 DEBUG cic.cs.unb.ca.jnetpcap.FlowGenerator    FlagFIN current has 202 flow
2019-10-02 06:52:22 DEBUG cic.cs.unb.ca.jnetpcap.FlowGenerator    FlagFIN current has 237 flow
2019-10-02 06:52:22 DEBUG cic.cs.unb.ca.jnetpcap.FlowGenerator    FlagFIN current has 237 flow
2019-10-02 06:52:22 DEBUG cic.cs.unb.ca.jnetpcap.FlowGenerator    FlagFIN current has 237 flow
2019-10-02 06:52:22 DEBUG cic.cs.unb.ca.jnetpcap.FlowGenerator    FlagFIN current has 244 flow
2019-10-02 06:52:22 DEBUG cic.cs.unb.ca.jnetpcap.FlowGenerator    FlagFIN current has 244 flow
2019-10-02 06:52:22 DEBUG cic.cs.unb.ca.jnetpcap.FlowGenerator    FlagFIN current has 245 flow
2019-10-02 06:52:29 DEBUG cic.cs.unb.ca.jnetpcap.FlowGenerator    FlagFIN current has 245 flow
2019-10-02 06:52:35 DEBUG cic.cs.unb.ca.jnetpcap.FlowGenerator    FlagFIN current has 275 flow
2019-10-02 06:52:39 DEBUG cic.cs.unb.ca.jnetpcap.FlowGenerator    FlagFIN current has 275 flow
2019-10-02 06:52:39 DEBUG cic.cs.unb.ca.jnetpcap.FlowGenerator    FlagFIN current has 287 flow
2019-10-02 06:52:39 DEBUG cic.cs.unb.ca.jnetpcap.FlowGenerator    FlagFIN current has 287 flow
2019-10-02 06:52:40 DEBUG cic.cs.unb.ca.jnetpcap.FlowGenerator    FlagFIN current has 290 flow
2019-10-02 06:52:40 DEBUG cic.cs.unb.ca.jnetpcap.FlowGenerator    FlagFIN current has 290 flow
2019-10-02 06:52:43 DEBUG cic.cs.unb.ca.jnetpcap.FlowGenerator    FlagFIN current has 300 flow
2019-10-02 06:52:49 DEBUG cic.cs.unb.ca.jnetpcap.FlowGenerator    FlagFIN current has 300 flow
2019-10-02 06:52:49 DEBUG cic.cs.unb.ca.jnetpcap.FlowGenerator    FlagFIN current has 300 flow
2019-10-02 06:52:52 DEBUG cic.cs.unb.ca.jnetpcap.FlowGenerator    FlagFIN current has 316 flow
2019-10-02 06:52:52 DEBUG cic.cs.unb.ca.jnetpcap.FlowGenerator    FlagFIN current has 316 flow
2019-10-02 06:52:52 DEBUG cic.cs.unb.ca.jnetpcap.FlowGenerator    FlagFIN current has 318 flow
2019-10-02 06:52:52 DEBUG cic.cs.unb.ca.jnetpcap.FlowGenerator    FlagFIN current has 318 flow
2019-10-02 06:52:52 DEBUG cic.cs.unb.ca.jnetpcap.FlowGenerator    FlagFIN current has 318 flow
2019-10-02 06:52:55 DEBUG cic.cs.unb.ca.jnetpcap.FlowGenerator    FlagFIN current has 326 flow
2019-10-02 06:52:55 DEBUG cic.cs.unb.ca.jnetpcap.FlowGenerator    FlagFIN current has 326 flow
2019-10-02 06:52:55 DEBUG cic.cs.unb.ca.jnetpcap.FlowGenerator    FlagFIN current has 326 flow
2019-10-02 06:53:11 DEBUG cic.cs.unb.ca.jnetpcap.FlowGenerator    FlagFIN current has 372 flow
2019-10-02 06:53:11 DEBUG cic.cs.unb.ca.jnetpcap.FlowGenerator    FlagFIN current has 372 flow
2019-10-02 06:53:23 DEBUG cic.cs.unb.ca.jnetpcap.FlowGenerator    FlagFIN current has 394 flow
2019-10-02 06:53:23 DEBUG cic.cs.unb.ca.jnetpcap.FlowGenerator    FlagFIN current has 394 flow
2019-10-02 06:53:35 DEBUG cic.cs.unb.ca.jnetpcap.FlowGenerator    FlagFIN current has 410 flow
2019-10-02 06:53:35 DEBUG cic.cs.unb.ca.jnetpcap.FlowGenerator    FlagFIN current has 410 flow
2019-10-02 06:53:55 DEBUG cic.cs.unb.ca.jnetpcap.FlowGenerator    FlagFIN current has 448 flow
2019-10-02 06:53:55 DEBUG cic.cs.unb.ca.jnetpcap.FlowGenerator    FlagFIN current has 448 flow
2019-10-02 06:54:07 DEBUG cic.cs.unb.ca.jnetpcap.FlowGenerator    FlagFIN current has 477 flow
2019-10-02 06:54:07 DEBUG cic.cs.unb.ca.jnetpcap.FlowGenerator    FlagFIN current has 477 flow
2019-10-02 06:54:27 DEBUG cic.cs.unb.ca.jnetpcap.FlowGenerator    FlagFIN current has 517 flow
2019-10-02 06:54:27 DEBUG cic.cs.unb.ca.jnetpcap.FlowGenerator    FlagFIN current has 517 flow
2019-10-02 06:54:35 DEBUG cic.cs.unb.ca.jnetpcap.FlowGenerator    FlagFIN current has 534 flow
2019-10-02 06:54:35 DEBUG cic.cs.unb.ca.jnetpcap.FlowGenerator    FlagFIN current has 534 flow
2019-10-02 06:54:39 DEBUG cic.cs.unb.ca.jnetpcap.FlowGenerator    FlagFIN current has 549 flow
2019-10-02 06:54:39 DEBUG cic.cs.unb.ca.jnetpcap.FlowGenerator    FlagFIN current has 549 flow
2019-10-02 06:55:13 DEBUG cic.cs.unb.ca.jnetpcap.FlowGenerator    FlagFIN current has 711 flow
2019-10-02 06:55:13 DEBUG cic.cs.unb.ca.jnetpcap.FlowGenerator    FlagFIN current has 711 flow
2019-10-02 06:55:13 DEBUG cic.cs.unb.ca.jnetpcap.FlowGenerator    FlagFIN current has 718 flow
2019-10-02 06:55:13 DEBUG cic.cs.unb.ca.jnetpcap.FlowGenerator    FlagFIN current has 718 flow
2019-10-02 06:55:18 DEBUG cic.cs.unb.ca.jnetpcap.FlowGenerator    FlagFIN current has 729 flow
2019-10-02 06:55:18 DEBUG cic.cs.unb.ca.jnetpcap.FlowGenerator    FlagFIN current has 729 flow
2019-10-02 06:55:21 DEBUG cic.cs.unb.ca.jnetpcap.FlowGenerator    FlagFIN current has 737 flow
2019-10-02 06:55:21 DEBUG cic.cs.unb.ca.jnetpcap.FlowGenerator    FlagFIN current has 737 flow
2019-10-02 06:55:27 DEBUG cic.cs.unb.ca.jnetpcap.FlowGenerator    FlagFIN current has 749 flow
2019-10-02 06:55:27 DEBUG cic.cs.unb.ca.jnetpcap.FlowGenerator    FlagFIN current has 749 flow
2019-10-02 06:55:32 DEBUG cic.cs.unb.ca.jnetpcap.FlowGenerator    FlagFIN current has 758 flow
2019-10-02 06:55:32 DEBUG cic.cs.unb.ca.jnetpcap.FlowGenerator    FlagFIN current has 758 flow
2019-10-02 06:55:34 DEBUG cic.cs.unb.ca.jnetpcap.FlowGenerator    FlagFIN current has 765 flow
2019-10-02 06:55:34 DEBUG cic.cs.unb.ca.jnetpcap.FlowGenerator    FlagFIN current has 765 flow
2019-10-02 06:55:34 DEBUG cic.cs.unb.ca.jnetpcap.FlowGenerator    FlagFIN current has 767 flow
2019-10-02 06:55:34 DEBUG cic.cs.unb.ca.jnetpcap.FlowGenerator    FlagFIN current has 767 flow
2019-10-02 06:55:36 DEBUG cic.cs.unb.ca.jnetpcap.FlowGenerator    FlagFIN current has 779 flow
2019-10-02 06:55:36 DEBUG cic.cs.unb.ca.jnetpcap.FlowGenerator    FlagFIN current has 778 flow
2019-10-02 06:55:36 DEBUG cic.cs.unb.ca.jnetpcap.FlowGenerator    FlagFIN current has 777 flow
2019-10-02 06:55:37 DEBUG cic.cs.unb.ca.jnetpcap.FlowGenerator    FlagFIN current has 779 flow
2019-10-02 06:55:37 DEBUG cic.cs.unb.ca.jnetpcap.FlowGenerator    FlagFIN current has 778 flow
2019-10-02 06:55:37 DEBUG cic.cs.unb.ca.jnetpcap.FlowGenerator    FlagFIN current has 780 flow
2019-10-02 06:55:39 DEBUG cic.cs.unb.ca.jnetpcap.FlowGenerator    FlagFIN current has 781 flow
2019-10-02 06:55:39 DEBUG cic.cs.unb.ca.jnetpcap.FlowGenerator    FlagFIN current has 781 flow
2019-10-02 06:55:40 DEBUG cic.cs.unb.ca.jnetpcap.FlowGenerator    FlagFIN current has 788 flow
2019-10-02 06:55:40 DEBUG cic.cs.unb.ca.jnetpcap.FlowGenerator    FlagFIN current has 788 flow
2019-10-02 06:55:41 DEBUG cic.cs.unb.ca.jnetpcap.FlowGenerator    FlagFIN current has 790 flow
2019-10-02 06:55:41 DEBUG cic.cs.unb.ca.jnetpcap.FlowGenerator    FlagFIN current has 790 flow
2019-10-02 06:55:41 DEBUG cic.cs.unb.ca.jnetpcap.FlowGenerator    FlagFIN current has 796 flow
2019-10-02 06:55:41 DEBUG cic.cs.unb.ca.jnetpcap.FlowGenerator    FlagFIN current has 796 flow
2019-10-02 06:55:45 DEBUG cic.cs.unb.ca.jnetpcap.FlowGenerator    FlagFIN current has 801 flow
2019-10-02 06:55:45 DEBUG cic.cs.unb.ca.jnetpcap.FlowGenerator    FlagFIN current has 801 flow
2019-10-02 06:55:45 DEBUG cic.cs.unb.ca.jnetpcap.FlowGenerator    FlagFIN current has 804 flow
2019-10-02 06:55:45 DEBUG cic.cs.unb.ca.jnetpcap.FlowGenerator    FlagFIN current has 804 flow
2019-10-02 06:55:49 DEBUG cic.cs.unb.ca.jnetpcap.FlowGenerator    FlagFIN current has 813 flow
2019-10-02 06:55:49 DEBUG cic.cs.unb.ca.jnetpcap.FlowGenerator    FlagFIN current has 813 flow
2019-10-02 06:55:54 DEBUG cic.cs.unb.ca.jnetpcap.FlowGenerator    FlagFIN current has 822 flow
2019-10-02 06:55:54 DEBUG cic.cs.unb.ca.jnetpcap.FlowGenerator    FlagFIN current has 822 flow
2019-10-02 06:56:00 DEBUG cic.cs.unb.ca.jnetpcap.FlowGenerator    FlagFIN current has 829 flow
2019-10-02 06:56:00 DEBUG cic.cs.unb.ca.jnetpcap.FlowGenerator    FlagFIN current has 829 flow
2019-10-02 06:56:05 DEBUG cic.cs.unb.ca.jnetpcap.FlowGenerator    FlagFIN current has 839 flow
2019-10-02 06:56:05 DEBUG cic.cs.unb.ca.jnetpcap.FlowGenerator    FlagFIN current has 839 flow
2019-10-02 06:56:05 DEBUG cic.cs.unb.ca.jnetpcap.FlowGenerator    FlagFIN current has 850 flow
2019-10-02 06:56:05 DEBUG cic.cs.unb.ca.jnetpcap.FlowGenerator    FlagFIN current has 850 flow
2019-10-02 06:56:11 DEBUG cic.cs.unb.ca.jnetpcap.FlowGenerator    FlagFIN current has 857 flow
2019-10-02 06:56:11 DEBUG cic.cs.unb.ca.jnetpcap.FlowGenerator    FlagFIN current has 857 flow
2019-10-02 06:56:15 DEBUG cic.cs.unb.ca.jnetpcap.FlowGenerator    FlagFIN current has 865 flow
2019-10-02 06:56:15 DEBUG cic.cs.unb.ca.jnetpcap.FlowGenerator    FlagFIN current has 865 flow
2019-10-02 06:56:17 DEBUG cic.cs.unb.ca.jnetpcap.FlowGenerator    FlagFIN current has 873 flow
2019-10-02 06:56:17 DEBUG cic.cs.unb.ca.jnetpcap.FlowGenerator    FlagFIN current has 873 flow
2019-10-02 06:56:17 DEBUG cic.cs.unb.ca.jnetpcap.FlowGenerator    FlagFIN current has 873 flow
2019-10-02 06:56:17 DEBUG cic.cs.unb.ca.jnetpcap.FlowGenerator    FlagFIN current has 875 flow
2019-10-02 06:56:17 DEBUG cic.cs.unb.ca.jnetpcap.FlowGenerator    FlagFIN current has 875 flow
2019-10-02 06:56:24 DEBUG cic.cs.unb.ca.jnetpcap.FlowGenerator    FlagFIN current has 885 flow
2019-10-02 06:56:24 DEBUG cic.cs.unb.ca.jnetpcap.FlowGenerator    FlagFIN current has 885 flow
2019-10-02 06:56:27 DEBUG cic.cs.unb.ca.jnetpcap.FlowGenerator    FlagFIN current has 893 flow
2019-10-02 06:56:27 DEBUG cic.cs.unb.ca.jnetpcap.FlowGenerator    FlagFIN current has 893 flow
2019-10-02 06:56:28 DEBUG cic.cs.unb.ca.jnetpcap.FlowGenerator    FlagFIN current has 900 flow
2019-10-02 06:56:28 DEBUG cic.cs.unb.ca.jnetpcap.FlowGenerator    FlagFIN current has 900 flow
2019-10-02 06:56:28 DEBUG cic.cs.unb.ca.jnetpcap.FlowGenerator    FlagFIN current has 901 flow
2019-10-02 06:56:32 DEBUG cic.cs.unb.ca.jnetpcap.FlowGenerator    FlagFIN current has 905 flow
2019-10-02 06:56:32 DEBUG cic.cs.unb.ca.jnetpcap.FlowGenerator    FlagFIN current has 905 flow
2019-10-02 06:56:32 DEBUG cic.cs.unb.ca.jnetpcap.FlowGenerator    FlagFIN current has 930 flow
2019-10-02 06:56:32 DEBUG cic.cs.unb.ca.jnetpcap.FlowGenerator    FlagFIN current has 930 flow
2019-10-02 06:56:32 DEBUG cic.cs.unb.ca.jnetpcap.FlowGenerator    FlagFIN current has 930 flow
2019-10-02 06:56:32 DEBUG cic.cs.unb.ca.jnetpcap.FlowGenerator    FlagFIN current has 930 flow
2019-10-02 06:56:48 DEBUG cic.cs.unb.ca.jnetpcap.FlowGenerator    FlagFIN current has 1029 flow
2019-10-02 06:56:48 DEBUG cic.cs.unb.ca.jnetpcap.FlowGenerator    FlagFIN current has 1029 flow
2019-10-02 06:56:53 DEBUG cic.cs.unb.ca.jnetpcap.FlowGenerator    FlagFIN current has 1038 flow
2019-10-02 06:56:53 DEBUG cic.cs.unb.ca.jnetpcap.FlowGenerator    FlagFIN current has 1038 flow
2019-10-02 06:56:59 DEBUG cic.cs.unb.ca.jnetpcap.FlowGenerator    FlagFIN current has 1048 flow
2019-10-02 06:56:59 DEBUG cic.cs.unb.ca.jnetpcap.FlowGenerator    FlagFIN current has 1048 flow
2019-10-02 06:56:59 DEBUG cic.cs.unb.ca.jnetpcap.FlowGenerator    FlagFIN current has 1051 flow
2019-10-02 06:56:59 DEBUG cic.cs.unb.ca.jnetpcap.FlowGenerator    FlagFIN current has 1051 flow
2019-10-02 06:57:03 DEBUG cic.cs.unb.ca.jnetpcap.FlowGenerator    FlagFIN current has 1067 flow
2019-10-02 06:57:03 DEBUG cic.cs.unb.ca.jnetpcap.FlowGenerator    FlagFIN current has 1067 flow
2019-10-02 06:57:06 DEBUG cic.cs.unb.ca.jnetpcap.FlowGenerator    FlagFIN current has 1076 flow
2019-10-02 06:57:06 DEBUG cic.cs.unb.ca.jnetpcap.FlowGenerator    FlagFIN current has 1076 flow
2019-10-02 06:57:09 DEBUG cic.cs.unb.ca.jnetpcap.FlowGenerator    FlagFIN current has 1080 flow
2019-10-02 06:57:09 DEBUG cic.cs.unb.ca.jnetpcap.FlowGenerator    FlagFIN current has 1080 flow
2019-10-02 06:57:12 DEBUG cic.cs.unb.ca.jnetpcap.FlowGenerator    FlagFIN current has 1088 flow
2019-10-02 06:57:12 DEBUG cic.cs.unb.ca.jnetpcap.FlowGenerator    FlagFIN current has 1088 flow
2019-10-02 06:57:15 DEBUG cic.cs.unb.ca.jnetpcap.FlowGenerator    FlagFIN current has 1097 flow
2019-10-02 06:57:15 DEBUG cic.cs.unb.ca.jnetpcap.FlowGenerator    FlagFIN current has 1097 flow
2019-10-02 06:57:15 DEBUG cic.cs.unb.ca.jnetpcap.FlowGenerator    FlagFIN current has 1098 flow
2019-10-02 06:57:15 DEBUG cic.cs.unb.ca.jnetpcap.FlowGenerator    FlagFIN current has 1098 flow
2019-10-02 06:57:22 DEBUG cic.cs.unb.ca.jnetpcap.FlowGenerator    FlagFIN current has 1109 flow
2019-10-02 06:57:22 DEBUG cic.cs.unb.ca.jnetpcap.FlowGenerator    FlagFIN current has 1109 flow
2019-10-02 06:57:23 DEBUG cic.cs.unb.ca.jnetpcap.FlowGenerator    FlagFIN current has 1121 flow
2019-10-02 06:57:23 DEBUG cic.cs.unb.ca.jnetpcap.FlowGenerator    FlagFIN current has 1121 flow
2019-10-02 06:57:27 DEBUG cic.cs.unb.ca.jnetpcap.FlowGenerator    FlagFIN current has 1130 flow
2019-10-02 06:57:27 DEBUG cic.cs.unb.ca.jnetpcap.FlowGenerator    FlagFIN current has 1130 flow
2019-10-02 06:57:31 DEBUG cic.cs.unb.ca.jnetpcap.FlowGenerator    FlagFIN current has 1137 flow
2019-10-02 06:57:31 DEBUG cic.cs.unb.ca.jnetpcap.FlowGenerator    FlagFIN current has 1137 flow
2019-10-02 06:57:36 DEBUG cic.cs.unb.ca.jnetpcap.FlowGenerator    FlagFIN current has 1143 flow
2019-10-02 06:57:36 DEBUG cic.cs.unb.ca.jnetpcap.FlowGenerator    FlagFIN current has 1143 flow
2019-10-02 06:57:36 DEBUG cic.cs.unb.ca.jnetpcap.FlowGenerator    FlagFIN current has 1145 flow
2019-10-02 06:57:36 DEBUG cic.cs.unb.ca.jnetpcap.FlowGenerator    FlagFIN current has 1145 flow
2019-10-02 06:57:43 DEBUG cic.cs.unb.ca.jnetpcap.FlowGenerator    FlagFIN current has 1155 flow
2019-10-02 06:57:43 DEBUG cic.cs.unb.ca.jnetpcap.FlowGenerator    FlagFIN current has 1155 flow
2019-10-02 06:57:48 DEBUG cic.cs.unb.ca.jnetpcap.FlowGenerator    FlagFIN current has 1163 flow
2019-10-02 06:57:48 DEBUG cic.cs.unb.ca.jnetpcap.FlowGenerator    FlagFIN current has 1163 flow
2019-10-02 06:57:48 DEBUG cic.cs.unb.ca.jnetpcap.FlowGenerator    FlagFIN current has 1171 flow
2019-10-02 06:57:48 DEBUG cic.cs.unb.ca.jnetpcap.FlowGenerator    FlagFIN current has 1171 flow
2019-10-02 06:57:52 DEBUG cic.cs.unb.ca.jnetpcap.FlowGenerator    FlagFIN current has 1178 flow
2019-10-02 06:57:52 DEBUG cic.cs.unb.ca.jnetpcap.FlowGenerator    FlagFIN current has 1178 flow
2019-10-02 06:57:56 DEBUG cic.cs.unb.ca.jnetpcap.FlowGenerator    FlagFIN current has 1188 flow
2019-10-02 06:57:56 DEBUG cic.cs.unb.ca.jnetpcap.FlowGenerator    FlagFIN current has 1188 flow
2019-10-02 06:58:01 DEBUG cic.cs.unb.ca.jnetpcap.FlowGenerator    FlagFIN current has 1196 flow
2019-10-02 06:58:01 DEBUG cic.cs.unb.ca.jnetpcap.FlowGenerator    FlagFIN current has 1196 flow
2019-10-02 06:58:04 DEBUG cic.cs.unb.ca.jnetpcap.FlowGenerator    FlagFIN current has 1204 flow
2019-10-02 06:58:04 DEBUG cic.cs.unb.ca.jnetpcap.FlowGenerator    FlagFIN current has 1204 flow
2019-10-02 06:58:04 DEBUG cic.cs.unb.ca.jnetpcap.FlowGenerator    FlagFIN current has 1208 flow
2019-10-02 06:58:06 DEBUG cic.cs.unb.ca.jnetpcap.FlowGenerator    FlagFIN current has 1208 flow
2019-10-02 06:58:06 DEBUG cic.cs.unb.ca.jnetpcap.FlowGenerator    FlagFIN current has 1216 flow
2019-10-02 06:58:06 DEBUG cic.cs.unb.ca.jnetpcap.FlowGenerator    FlagFIN current has 1217 flow
2019-10-02 06:58:08 DEBUG cic.cs.unb.ca.jnetpcap.FlowGenerator    FlagFIN current has 1220 flow
2019-10-02 06:58:08 DEBUG cic.cs.unb.ca.jnetpcap.FlowGenerator    FlagFIN current has 1220 flow
2019-10-02 06:58:11 DEBUG cic.cs.unb.ca.jnetpcap.FlowGenerator    FlagFIN current has 1221 flow
2019-10-02 06:58:11 DEBUG cic.cs.unb.ca.jnetpcap.FlowGenerator    FlagFIN current has 1221 flow
2019-10-02 06:58:11 DEBUG cic.cs.unb.ca.jnetpcap.FlowGenerator    FlagFIN current has 1245 flow
2019-10-02 06:58:13 DEBUG cic.cs.unb.ca.jnetpcap.FlowGenerator    FlagFIN current has 1245 flow
2019-10-02 06:58:18 DEBUG cic.cs.unb.ca.jnetpcap.FlowGenerator    FlagFIN current has 1326 flow
2019-10-02 06:58:18 DEBUG cic.cs.unb.ca.jnetpcap.FlowGenerator    FlagFIN current has 1327 flow
2019-10-02 06:58:29 DEBUG cic.cs.unb.ca.jnetpcap.FlowGenerator    FlagFIN current has 1339 flow
2019-10-02 06:58:29 DEBUG cic.cs.unb.ca.jnetpcap.FlowGenerator    FlagFIN current has 1339 flow
2019-10-02 06:58:29 DEBUG cic.cs.unb.ca.jnetpcap.FlowGenerator    FlagFIN current has 1340 flow
2019-10-02 06:58:29 DEBUG cic.cs.unb.ca.jnetpcap.FlowGenerator    FlagFIN current has 1340 flow
2019-10-02 06:58:37 DEBUG cic.cs.unb.ca.jnetpcap.FlowGenerator    FlagFIN current has 1345 flow
2019-10-02 06:58:37 DEBUG cic.cs.unb.ca.jnetpcap.FlowGenerator    FlagFIN current has 1345 flow
2019-10-02 06:58:37 DEBUG cic.cs.unb.ca.jnetpcap.FlowGenerator    FlagFIN current has 1353 flow
2019-10-02 06:58:37 DEBUG cic.cs.unb.ca.jnetpcap.FlowGenerator    FlagFIN current has 1353 flow
2019-10-02 06:58:37 DEBUG cic.cs.unb.ca.jnetpcap.FlowGenerator    FlagFIN current has 1358 flow
2019-10-02 06:58:37 DEBUG cic.cs.unb.ca.jnetpcap.FlowGenerator    FlagFIN current has 1358 flow
2019-10-02 06:58:46 DEBUG cic.cs.unb.ca.jnetpcap.FlowGenerator    FlagFIN current has 1361 flow
2019-10-02 06:58:46 DEBUG cic.cs.unb.ca.jnetpcap.FlowGenerator    FlagFIN current has 1361 flow
2019-10-02 06:58:46 DEBUG cic.cs.unb.ca.jnetpcap.FlowGenerator    FlagFIN current has 1364 flow
2019-10-02 06:58:46 DEBUG cic.cs.unb.ca.jnetpcap.FlowGenerator    FlagFIN current has 1364 flow
2019-10-02 06:58:49 DEBUG cic.cs.unb.ca.jnetpcap.FlowGenerator    FlagFIN current has 1380 flow
2019-10-02 06:58:49 DEBUG cic.cs.unb.ca.jnetpcap.FlowGenerator    FlagFIN current has 1380 flow
2019-10-02 06:58:55 DEBUG cic.cs.unb.ca.jnetpcap.FlowGenerator    FlagFIN current has 1384 flow
2019-10-02 06:58:55 DEBUG cic.cs.unb.ca.jnetpcap.FlowGenerator    FlagFIN current has 1384 flow
2019-10-02 06:59:01 DEBUG cic.cs.unb.ca.jnetpcap.FlowGenerator    FlagFIN current has 1387 flow
2019-10-02 06:59:01 DEBUG cic.cs.unb.ca.jnetpcap.FlowGenerator    FlagFIN current has 1387 flow
2019-10-02 06:59:01 DEBUG cic.cs.unb.ca.jnetpcap.FlowGenerator    FlagFIN current has 1389 flow
2019-10-02 06:59:01 DEBUG cic.cs.unb.ca.jnetpcap.FlowGenerator    FlagFIN current has 1389 flow
2019-10-02 06:59:09 DEBUG cic.cs.unb.ca.jnetpcap.FlowGenerator    FlagFIN current has 1391 flow
2019-10-02 06:59:09 DEBUG cic.cs.unb.ca.jnetpcap.FlowGenerator    FlagFIN current has 1391 flow
2019-10-02 06:59:10 DEBUG cic.cs.unb.ca.jnetpcap.FlowGenerator    FlagFIN current has 1394 flow
2019-10-02 06:59:10 DEBUG cic.cs.unb.ca.jnetpcap.FlowGenerator    FlagFIN current has 1394 flow
2019-10-02 06:59:10 DEBUG cic.cs.unb.ca.jnetpcap.FlowGenerator    FlagFIN current has 1400 flow
2019-10-02 06:59:10 DEBUG cic.cs.unb.ca.jnetpcap.FlowGenerator    FlagFIN current has 1400 flow
2019-10-02 06:59:10 DEBUG cic.cs.unb.ca.jnetpcap.FlowGenerator    FlagFIN current has 1401 flow
2019-10-02 06:59:10 DEBUG cic.cs.unb.ca.jnetpcap.FlowGenerator    FlagFIN current has 1400 flow
2019-10-02 06:59:14 DEBUG cic.cs.unb.ca.jnetpcap.FlowGenerator    FlagFIN current has 1409 flow
2019-10-02 06:59:14 DEBUG cic.cs.unb.ca.jnetpcap.FlowGenerator    FlagFIN current has 1409 flow
2019-10-02 06:59:19 DEBUG cic.cs.unb.ca.jnetpcap.FlowGenerator    FlagFIN current has 1412 flow
2019-10-02 06:59:19 DEBUG cic.cs.unb.ca.jnetpcap.FlowGenerator    FlagFIN current has 1412 flow
2019-10-02 06:59:25 DEBUG cic.cs.unb.ca.jnetpcap.FlowGenerator    FlagFIN current has 1413 flow
2019-10-02 06:59:25 DEBUG cic.cs.unb.ca.jnetpcap.FlowGenerator    FlagFIN current has 1413 flow
2019-10-02 06:59:25 DEBUG cic.cs.unb.ca.jnetpcap.FlowGenerator    FlagFIN current has 1416 flow
2019-10-02 06:59:26 DEBUG cic.cs.unb.ca.jnetpcap.FlowGenerator    FlagFIN current has 1416 flow
2019-10-02 06:59:27 DEBUG cic.cs.unb.ca.jnetpcap.FlowGenerator    FlagFIN current has 1420 flow
2019-10-02 06:59:27 DEBUG cic.cs.unb.ca.jnetpcap.FlowGenerator    FlagFIN current has 1420 flow
2019-10-02 06:59:30 DEBUG cic.cs.unb.ca.jnetpcap.FlowGenerator    FlagFIN current has 1435 flow
2019-10-02 06:59:30 DEBUG cic.cs.unb.ca.jnetpcap.FlowGenerator    FlagFIN current has 1435 flow
2019-10-02 06:59:36 DEBUG cic.cs.unb.ca.jnetpcap.FlowGenerator    FlagFIN current has 1453 flow
2019-10-02 06:59:36 DEBUG cic.cs.unb.ca.jnetpcap.FlowGenerator    FlagFIN current has 1453 flow
2019-10-02 06:59:36 DEBUG cic.cs.unb.ca.jnetpcap.FlowGenerator    FlagFIN current has 1470 flow
2019-10-02 06:59:36 DEBUG cic.cs.unb.ca.jnetpcap.FlowGenerator    FlagFIN current has 1470 flow
2019-10-02 06:59:36 DEBUG cic.cs.unb.ca.jnetpcap.FlowGenerator    FlagFIN current has 1470 flow
2019-10-02 06:59:36 DEBUG cic.cs.unb.ca.jnetpcap.FlowGenerator    FlagFIN current has 1470 flow
2019-10-02 06:59:36 DEBUG cic.cs.unb.ca.jnetpcap.FlowGenerator    FlagFIN current has 1470 flow
2019-10-02 06:59:36 DEBUG cic.cs.unb.ca.jnetpcap.FlowGenerator    FlagFIN current has 1470 flow
2019-10-02 06:59:36 DEBUG cic.cs.unb.ca.jnetpcap.FlowGenerator    FlagFIN current has 1470 flow
2019-10-02 06:59:36 DEBUG cic.cs.unb.ca.jnetpcap.FlowGenerator    FlagFIN current has 1470 flow
2019-10-02 06:59:37 DEBUG cic.cs.unb.ca.jnetpcap.FlowGenerator    FlagFIN current has 1472 flow
2019-10-02 06:59:37 DEBUG cic.cs.unb.ca.jnetpcap.FlowGenerator    FlagFIN current has 1472 flow
2019-10-02 06:59:37 DEBUG cic.cs.unb.ca.jnetpcap.FlowGenerator    FlagFIN current has 1473 flow
2019-10-02 06:59:37 DEBUG cic.cs.unb.ca.jnetpcap.FlowGenerator    FlagFIN current has 1473 flow
2019-10-02 07:01:17 DEBUG cic.cs.unb.ca.jnetpcap.FlowGenerator    FlagFIN current has 1543 flow
2019-10-02 07:01:17 DEBUG cic.cs.unb.ca.jnetpcap.FlowGenerator    FlagFIN current has 1542 flow
2019-10-02 07:01:17 DEBUG cic.cs.unb.ca.jnetpcap.FlowGenerator    FlagFIN current has 1541 flow
2019-10-02 07:01:17 DEBUG cic.cs.unb.ca.jnetpcap.FlowGenerator    FlagFIN current has 1543 flow
2019-10-02 07:01:17 DEBUG cic.cs.unb.ca.jnetpcap.FlowGenerator    FlagFIN current has 1542 flow
2019-10-02 07:01:17 DEBUG cic.cs.unb.ca.jnetpcap.FlowGenerator    FlagFIN current has 1541 flow
2019-10-02 07:03:14 DEBUG cic.cs.unb.ca.jnetpcap.FlowGenerator    FlagFIN current has 1660 flow
2019-10-02 07:03:14 DEBUG cic.cs.unb.ca.jnetpcap.FlowGenerator    FlagFIN current has 1659 flow
2019-10-02 07:03:14 DEBUG cic.cs.unb.ca.jnetpcap.FlowGenerator    FlagFIN current has 1660 flow
2019-10-02 07:03:14 DEBUG cic.cs.unb.ca.jnetpcap.FlowGenerator    FlagFIN current has 1659 flow
2019-10-02 07:04:15 DEBUG cic.cs.unb.ca.jnetpcap.FlowGenerator    FlagFIN current has 1716 flow
2019-10-02 07:04:15 DEBUG cic.cs.unb.ca.jnetpcap.FlowGenerator    FlagFIN current has 1715 flow
2019-10-02 07:04:15 DEBUG cic.cs.unb.ca.jnetpcap.FlowGenerator    FlagFIN current has 1714 flow
2019-10-02 07:04:15 DEBUG cic.cs.unb.ca.jnetpcap.FlowGenerator    FlagFIN current has 1716 flow
2019-10-02 07:04:15 DEBUG cic.cs.unb.ca.jnetpcap.FlowGenerator    FlagFIN current has 1715 flow
2019-10-02 07:05:15 DEBUG cic.cs.unb.ca.jnetpcap.FlowGenerator    FlagFIN current has 1716 flow
2019-10-02 07:10:25 DEBUG cic.cs.unb.ca.jnetpcap.FlowGenerator    FlagFIN current has 1957 flow
2019-10-02 07:10:25 DEBUG cic.cs.unb.ca.jnetpcap.FlowGenerator    FlagFIN current has 1957 flow
2019-10-02 07:10:25 DEBUG cic.cs.unb.ca.jnetpcap.FlowGenerator    FlagFIN current has 1958 flow
2019-10-02 07:10:25 DEBUG cic.cs.unb.ca.jnetpcap.FlowGenerator    FlagFIN current has 1958 flow
2019-10-02 07:12:05 DEBUG cic.cs.unb.ca.jnetpcap.FlowGenerator    FlagFIN current has 2020 flow
2019-10-02 07:12:05 DEBUG cic.cs.unb.ca.jnetpcap.FlowGenerator    FlagFIN current has 2019 flow
2019-10-02 07:12:05 DEBUG cic.cs.unb.ca.jnetpcap.FlowGenerator    FlagFIN current has 2018 flow
2019-10-02 07:12:05 DEBUG cic.cs.unb.ca.jnetpcap.FlowGenerator    FlagFIN current has 2020 flow
2019-10-02 07:12:05 DEBUG cic.cs.unb.ca.jnetpcap.FlowGenerator    FlagFIN current has 2019 flow
2019-10-02 07:12:05 DEBUG cic.cs.unb.ca.jnetpcap.FlowGenerator    FlagFIN current has 2020 flow
2019-10-02 07:15:21 DEBUG cic.cs.unb.ca.jnetpcap.FlowGenerator    Timeout current has 2100 flow
2019-10-02 07:15:55 DEBUG cic.cs.unb.ca.jnetpcap.FlowGenerator    FlagFIN current has 2136 flow
2019-10-02 07:15:55 DEBUG cic.cs.unb.ca.jnetpcap.FlowGenerator    FlagFIN current has 2135 flow
2019-10-02 07:15:55 DEBUG cic.cs.unb.ca.jnetpcap.FlowGenerator    FlagFIN current has 2135 flow
2019-10-02 07:15:55 DEBUG cic.cs.unb.ca.jnetpcap.FlowGenerator    FlagFIN current has 2136 flow
2019-10-02 07:15:55 DEBUG cic.cs.unb.ca.jnetpcap.FlowGenerator    FlagFIN current has 2138 flow
2019-10-02 07:15:55 DEBUG cic.cs.unb.ca.jnetpcap.FlowGenerator    FlagFIN current has 2138 flow
2019-10-02 07:16:00 DEBUG cic.cs.unb.ca.jnetpcap.FlowGenerator    FlagFIN current has 2153 flow
2019-10-02 07:16:00 DEBUG cic.cs.unb.ca.jnetpcap.FlowGenerator    FlagFIN current has 2153 flow
2019-10-02 07:16:00 DEBUG cic.cs.unb.ca.jnetpcap.FlowGenerator    FlagFIN current has 2154 flow
2019-10-02 07:16:00 DEBUG cic.cs.unb.ca.jnetpcap.FlowGenerator    FlagFIN current has 2154 flow
2019-10-02 07:16:14 DEBUG cic.cs.unb.ca.jnetpcap.FlowGenerator    FlagFIN current has 2179 flow
2019-10-02 07:16:14 DEBUG cic.cs.unb.ca.jnetpcap.FlowGenerator    FlagFIN current has 2179 flow
2019-10-02 07:16:14 DEBUG cic.cs.unb.ca.jnetpcap.FlowGenerator    FlagFIN current has 2179 flow
2019-10-02 07:16:14 DEBUG cic.cs.unb.ca.jnetpcap.FlowGenerator    FlagFIN current has 2179 flow
2019-10-02 07:16:14 DEBUG cic.cs.unb.ca.jnetpcap.FlowGenerator    FlagFIN current has 2178 flow
2019-10-02 07:16:14 DEBUG cic.cs.unb.ca.jnetpcap.FlowGenerator    FlagFIN current has 2179 flow
2019-10-02 07:16:14 DEBUG cic.cs.unb.ca.jnetpcap.FlowGenerator    FlagFIN current has 2178 flow
2019-10-02 07:16:15 DEBUG cic.cs.unb.ca.jnetpcap.FlowGenerator    FlagFIN current has 2182 flow
2019-10-02 07:16:15 DEBUG cic.cs.unb.ca.jnetpcap.FlowGenerator    FlagFIN current has 2182 flow
2019-10-02 07:18:09 DEBUG cic.cs.unb.ca.jnetpcap.FlowGenerator    FlagFIN current has 2286 flow
2019-10-02 07:18:09 DEBUG cic.cs.unb.ca.jnetpcap.FlowGenerator    FlagFIN current has 2285 flow
2019-10-02 07:18:09 DEBUG cic.cs.unb.ca.jnetpcap.FlowGenerator    FlagFIN current has 2284 flow
2019-10-02 07:19:09 DEBUG cic.cs.unb.ca.jnetpcap.FlowGenerator    FlagFIN current has 2286 flow
2019-10-02 07:19:09 DEBUG cic.cs.unb.ca.jnetpcap.FlowGenerator    FlagFIN current has 2286 flow
2019-10-02 07:19:09 DEBUG cic.cs.unb.ca.jnetpcap.FlowGenerator    FlagFIN current has 2285 flow
2019-10-02 07:21:44 INFO  cic.cs.unb.ca.jnetpcap.worker.TrafficFlowWorker    Pcap is listening...
2019-10-02 07:22:04 DEBUG cic.cs.unb.ca.jnetpcap.FlowGenerator    FlagFIN current has 35 flow
2019-10-02 07:22:04 DEBUG cic.cs.unb.ca.jnetpcap.FlowGenerator    FlagFIN current has 35 flow
2019-10-02 07:22:04 DEBUG cic.cs.unb.ca.jnetpcap.FlowGenerator    FlagFIN current has 34 flow
2019-10-02 07:22:04 DEBUG cic.cs.unb.ca.jnetpcap.FlowGenerator    FlagFIN current has 34 flow
2019-10-02 07:22:04 DEBUG cic.cs.unb.ca.jnetpcap.FlowGenerator    FlagFIN current has 33 flow
2019-10-02 07:22:04 DEBUG cic.cs.unb.ca.jnetpcap.FlowGenerator    FlagFIN current has 33 flow
2019-10-02 07:22:04 DEBUG cic.cs.unb.ca.jnetpcap.FlowGenerator    FlagFIN current has 32 flow
2019-10-02 07:22:04 DEBUG cic.cs.unb.ca.jnetpcap.FlowGenerator    FlagFIN current has 32 flow
2019-10-02 07:22:07 DEBUG cic.cs.unb.ca.jnetpcap.FlowGenerator    FlagFIN current has 38 flow
2019-10-02 07:22:07 DEBUG cic.cs.unb.ca.jnetpcap.FlowGenerator    FlagFIN current has 38 flow
2019-10-02 07:22:40 DEBUG cic.cs.unb.ca.jnetpcap.FlowGenerator    FlagFIN current has 80 flow
2019-10-02 07:22:40 DEBUG cic.cs.unb.ca.jnetpcap.FlowGenerator    FlagFIN current has 80 flow
2019-10-02 07:22:57 DEBUG cic.cs.unb.ca.jnetpcap.FlowGenerator    FlagFIN current has 100 flow
2019-10-02 07:22:57 DEBUG cic.cs.unb.ca.jnetpcap.FlowGenerator    FlagFIN current has 109 flow
2019-10-02 07:22:57 DEBUG cic.cs.unb.ca.jnetpcap.FlowGenerator    FlagFIN current has 109 flow
2019-10-02 07:23:06 DEBUG cic.cs.unb.ca.jnetpcap.FlowGenerator    FlagFIN current has 123 flow
2019-10-02 07:23:06 DEBUG cic.cs.unb.ca.jnetpcap.FlowGenerator    FlagFIN current has 123 flow
2019-10-02 07:23:22 DEBUG cic.cs.unb.ca.jnetpcap.FlowGenerator    FlagFIN current has 144 flow
2019-10-02 07:23:22 DEBUG cic.cs.unb.ca.jnetpcap.FlowGenerator    FlagFIN current has 144 flow
2019-10-02 07:24:01 DEBUG cic.cs.unb.ca.jnetpcap.FlowGenerator    FlagFIN current has 197 flow
2019-10-02 07:24:01 DEBUG cic.cs.unb.ca.jnetpcap.FlowGenerator    FlagFIN current has 197 flow
2019-10-02 07:24:03 DEBUG cic.cs.unb.ca.jnetpcap.FlowGenerator    FlagFIN current has 201 flow
2019-10-02 07:24:03 DEBUG cic.cs.unb.ca.jnetpcap.FlowGenerator    FlagFIN current has 201 flow
2019-10-02 07:24:44 DEBUG cic.cs.unb.ca.jnetpcap.FlowGenerator    FlagFIN current has 262 flow
2019-10-02 07:24:44 DEBUG cic.cs.unb.ca.jnetpcap.FlowGenerator    FlagFIN current has 262 flow
2019-10-02 07:24:59 INFO  cic.cs.unb.ca.flow.ui.FlowMonitorPane    Pcap stop listening
2019-10-02 07:24:59 INFO  cic.cs.unb.ca.flow.ui.FlowMonitorPane    path:C:\Users\Wilfred Wulbou\Desktop\BSCS4\CS402\IDS\ids\CICFlowMeter-4.0\bin\data\daily\2019-10-02_Flow.csv
2019-10-02 07:25:02 DEBUG cic.cs.unb.ca.jnetpcap.worker.TrafficFlowWorker    break Packet loop
2019-10-02 07:27:51 INFO  cic.cs.unb.ca.jnetpcap.worker.TrafficFlowWorker    Pcap is listening...
2019-10-02 07:28:08 DEBUG cic.cs.unb.ca.jnetpcap.FlowGenerator    FlagFIN current has 36 flow
2019-10-02 07:28:17 DEBUG cic.cs.unb.ca.jnetpcap.FlowGenerator    FlagFIN current has 48 flow
2019-10-02 07:28:17 DEBUG cic.cs.unb.ca.jnetpcap.FlowGenerator    FlagFIN current has 48 flow
2019-10-02 07:28:37 DEBUG cic.cs.unb.ca.jnetpcap.FlowGenerator    FlagFIN current has 79 flow
2019-10-02 07:28:59 DEBUG cic.cs.unb.ca.jnetpcap.FlowGenerator    FlagFIN current has 112 flow
2019-10-02 07:28:59 DEBUG cic.cs.unb.ca.jnetpcap.FlowGenerator    FlagFIN current has 112 flow
2019-10-02 07:29:15 DEBUG cic.cs.unb.ca.jnetpcap.FlowGenerator    FlagFIN current has 170 flow
2019-10-02 07:29:15 DEBUG cic.cs.unb.ca.jnetpcap.FlowGenerator    FlagFIN current has 170 flow
2019-10-02 07:29:15 DEBUG cic.cs.unb.ca.jnetpcap.FlowGenerator    FlagFIN current has 173 flow
2019-10-02 07:29:38 DEBUG cic.cs.unb.ca.jnetpcap.FlowGenerator    FlagFIN current has 201 flow
2019-10-02 07:29:38 DEBUG cic.cs.unb.ca.jnetpcap.FlowGenerator    FlagFIN current has 201 flow
2019-10-02 07:29:44 DEBUG cic.cs.unb.ca.jnetpcap.FlowGenerator    FlagFIN current has 213 flow
2019-10-02 07:29:47 DEBUG cic.cs.unb.ca.jnetpcap.FlowGenerator    FlagFIN current has 213 flow
2019-10-02 07:30:23 DEBUG cic.cs.unb.ca.jnetpcap.FlowGenerator    FlagFIN current has 266 flow
2019-10-02 07:30:23 DEBUG cic.cs.unb.ca.jnetpcap.FlowGenerator    FlagFIN current has 265 flow
2019-10-02 07:30:23 DEBUG cic.cs.unb.ca.jnetpcap.FlowGenerator    FlagFIN current has 265 flow
2019-10-02 07:30:55 DEBUG cic.cs.unb.ca.jnetpcap.FlowGenerator    FlagFIN current has 309 flow
2019-10-02 07:30:55 DEBUG cic.cs.unb.ca.jnetpcap.FlowGenerator    FlagFIN current has 309 flow
2019-10-02 07:30:57 DEBUG cic.cs.unb.ca.jnetpcap.FlowGenerator    FlagFIN current has 315 flow
2019-10-02 07:30:57 DEBUG cic.cs.unb.ca.jnetpcap.FlowGenerator    FlagFIN current has 315 flow
2019-10-02 07:31:23 DEBUG cic.cs.unb.ca.jnetpcap.FlowGenerator    FlagFIN current has 353 flow
2019-10-02 07:31:23 DEBUG cic.cs.unb.ca.jnetpcap.FlowGenerator    FlagFIN current has 353 flow
2019-10-02 07:31:46 DEBUG cic.cs.unb.ca.jnetpcap.FlowGenerator    FlagFIN current has 371 flow
2019-10-02 07:31:46 DEBUG cic.cs.unb.ca.jnetpcap.FlowGenerator    FlagFIN current has 371 flow
2019-10-02 07:32:00 DEBUG cic.cs.unb.ca.jnetpcap.FlowGenerator    FlagFIN current has 413 flow
2019-10-02 07:32:28 DEBUG cic.cs.unb.ca.jnetpcap.FlowGenerator    FlagFIN current has 452 flow
2019-10-02 07:32:28 DEBUG cic.cs.unb.ca.jnetpcap.FlowGenerator    FlagFIN current has 452 flow
2019-10-02 07:32:38 DEBUG cic.cs.unb.ca.jnetpcap.FlowGenerator    FlagFIN current has 472 flow
2019-10-02 07:32:38 DEBUG cic.cs.unb.ca.jnetpcap.FlowGenerator    FlagFIN current has 472 flow
2019-10-02 07:33:09 DEBUG cic.cs.unb.ca.jnetpcap.FlowGenerator    FlagFIN current has 523 flow
2019-10-02 07:33:11 DEBUG cic.cs.unb.ca.jnetpcap.FlowGenerator    FlagFIN current has 527 flow
2019-10-02 07:33:11 DEBUG cic.cs.unb.ca.jnetpcap.FlowGenerator    FlagFIN current has 527 flow
2019-10-02 07:33:53 DEBUG cic.cs.unb.ca.jnetpcap.FlowGenerator    FlagFIN current has 582 flow
2019-10-02 07:33:53 DEBUG cic.cs.unb.ca.jnetpcap.FlowGenerator    FlagFIN current has 582 flow
2019-10-02 07:34:20 DEBUG cic.cs.unb.ca.jnetpcap.FlowGenerator    FlagFIN current has 618 flow
2019-10-02 07:34:35 DEBUG cic.cs.unb.ca.jnetpcap.FlowGenerator    FlagFIN current has 653 flow
2019-10-02 07:34:35 DEBUG cic.cs.unb.ca.jnetpcap.FlowGenerator    FlagFIN current has 653 flow
2019-10-02 07:34:37 DEBUG cic.cs.unb.ca.jnetpcap.FlowGenerator    FlagFIN current has 653 flow
2019-10-02 07:34:51 DEBUG cic.cs.unb.ca.jnetpcap.FlowGenerator    Timeout current has 700 flow
2019-10-02 07:35:16 DEBUG cic.cs.unb.ca.jnetpcap.FlowGenerator    FlagFIN current has 744 flow
2019-10-02 07:35:16 DEBUG cic.cs.unb.ca.jnetpcap.FlowGenerator    FlagFIN current has 744 flow
2019-10-02 07:35:24 DEBUG cic.cs.unb.ca.jnetpcap.FlowGenerator    FlagFIN current has 761 flow
2019-10-02 07:36:01 DEBUG cic.cs.unb.ca.jnetpcap.FlowGenerator    FlagFIN current has 819 flow
2019-10-02 07:36:01 DEBUG cic.cs.unb.ca.jnetpcap.FlowGenerator    FlagFIN current has 819 flow
2019-10-02 07:36:32 DEBUG cic.cs.unb.ca.jnetpcap.FlowGenerator    FlagFIN current has 879 flow
2019-10-02 07:36:32 DEBUG cic.cs.unb.ca.jnetpcap.FlowGenerator    FlagFIN current has 879 flow
2019-10-02 07:36:37 DEBUG cic.cs.unb.ca.jnetpcap.FlowGenerator    FlagFIN current has 885 flow
2019-10-02 07:36:37 DEBUG cic.cs.unb.ca.jnetpcap.FlowGenerator    FlagFIN current has 885 flow
2019-10-02 07:36:45 DEBUG cic.cs.unb.ca.jnetpcap.FlowGenerator    FlagFIN current has 898 flow
2019-10-02 07:36:45 DEBUG cic.cs.unb.ca.jnetpcap.FlowGenerator    FlagFIN current has 898 flow
2019-10-02 07:37:25 DEBUG cic.cs.unb.ca.jnetpcap.FlowGenerator    FlagFIN current has 972 flow
2019-10-02 07:37:25 DEBUG cic.cs.unb.ca.jnetpcap.FlowGenerator    FlagFIN current has 972 flow
2019-10-02 07:37:34 DEBUG cic.cs.unb.ca.jnetpcap.FlowGenerator    FlagFIN current has 981 flow
2019-10-02 07:37:43 DEBUG cic.cs.unb.ca.jnetpcap.FlowGenerator    FlagFIN current has 999 flow
2019-10-02 07:37:43 DEBUG cic.cs.unb.ca.jnetpcap.FlowGenerator    FlagFIN current has 1002 flow
2019-10-02 07:37:43 DEBUG cic.cs.unb.ca.jnetpcap.FlowGenerator    FlagFIN current has 1002 flow
2019-10-02 07:37:43 DEBUG cic.cs.unb.ca.jnetpcap.FlowGenerator    FlagFIN current has 1002 flow
2019-10-02 07:37:48 DEBUG cic.cs.unb.ca.jnetpcap.FlowGenerator    FlagFIN current has 1002 flow
2019-10-02 07:37:48 DEBUG cic.cs.unb.ca.jnetpcap.FlowGenerator    FlagFIN current has 1004 flow
2019-10-02 07:37:48 DEBUG cic.cs.unb.ca.jnetpcap.FlowGenerator    FlagFIN current has 1003 flow
2019-10-02 07:37:48 DEBUG cic.cs.unb.ca.jnetpcap.FlowGenerator    FlagFIN current has 1004 flow
2019-10-02 07:37:48 DEBUG cic.cs.unb.ca.jnetpcap.FlowGenerator    FlagFIN current has 1009 flow
2019-10-02 07:37:48 DEBUG cic.cs.unb.ca.jnetpcap.FlowGenerator    FlagFIN current has 1009 flow
2019-10-02 07:37:48 DEBUG cic.cs.unb.ca.jnetpcap.FlowGenerator    FlagFIN current has 1009 flow
2019-10-02 07:37:52 DEBUG cic.cs.unb.ca.jnetpcap.FlowGenerator    FlagFIN current has 1016 flow
2019-10-02 07:37:52 DEBUG cic.cs.unb.ca.jnetpcap.FlowGenerator    FlagFIN current has 1016 flow
2019-10-02 07:37:55 DEBUG cic.cs.unb.ca.jnetpcap.FlowGenerator    FlagFIN current has 1025 flow
2019-10-02 07:37:55 DEBUG cic.cs.unb.ca.jnetpcap.FlowGenerator    FlagFIN current has 1024 flow
2019-10-02 07:38:01 DEBUG cic.cs.unb.ca.jnetpcap.FlowGenerator    FlagFIN current has 1024 flow
2019-10-02 07:38:01 DEBUG cic.cs.unb.ca.jnetpcap.FlowGenerator    FlagFIN current has 1025 flow
2019-10-02 07:38:01 DEBUG cic.cs.unb.ca.jnetpcap.FlowGenerator    FlagFIN current has 1025 flow
2019-10-02 07:38:33 DEBUG cic.cs.unb.ca.jnetpcap.FlowGenerator    FlagFIN current has 1091 flow
2019-10-02 07:38:39 DEBUG cic.cs.unb.ca.jnetpcap.FlowGenerator    FlagFIN current has 1091 flow
