2019-09-24 20:04:34 INFO  cic.cs.unb.ca.jnetpcap.worker.TrafficFlowWorker    Pcap is listening...
2019-09-24 20:04:54 DEBUG cic.cs.unb.ca.jnetpcap.worker.TrafficFlowWorker    break Packet loop
2019-09-24 20:04:54 INFO  cic.cs.unb.ca.flow.ui.FlowMonitorPane    Pcap stop listening
2019-09-24 20:04:54 INFO  cic.cs.unb.ca.flow.ui.FlowMonitorPane    path:D:\CIC-IDS-2017\CICFlowMeter-4.0\bin\data\daily\2019-09-24_Flow.csv
2019-09-24 20:06:25 INFO  cic.cs.unb.ca.jnetpcap.worker.TrafficFlowWorker    Pcap is listening...
2019-09-24 20:06:29 DEBUG cic.cs.unb.ca.jnetpcap.FlowGenerator    FlagFIN current has 9 flow
2019-09-24 20:06:29 DEBUG cic.cs.unb.ca.jnetpcap.FlowGenerator    FlagFIN current has 9 flow
2019-09-24 20:06:29 DEBUG cic.cs.unb.ca.jnetpcap.FlowGenerator    FlagFIN current has 16 flow
2019-09-24 20:06:29 DEBUG cic.cs.unb.ca.jnetpcap.FlowGenerator    FlagFIN current has 16 flow
2019-09-24 20:06:59 DEBUG cic.cs.unb.ca.jnetpcap.FlowGenerator    FlagFIN current has 32 flow
2019-09-24 20:07:09 DEBUG cic.cs.unb.ca.jnetpcap.FlowGenerator    FlagFIN current has 32 flow
2019-09-24 20:07:09 DEBUG cic.cs.unb.ca.jnetpcap.FlowGenerator    FlagFIN current has 33 flow
2019-09-24 20:07:09 DEBUG cic.cs.unb.ca.jnetpcap.FlowGenerator    FlagFIN current has 33 flow
2019-09-24 20:07:31 DEBUG cic.cs.unb.ca.jnetpcap.FlowGenerator    FlagFIN current has 45 flow
2019-09-24 20:07:31 DEBUG cic.cs.unb.ca.jnetpcap.FlowGenerator    FlagFIN current has 45 flow
2019-09-24 20:07:31 DEBUG cic.cs.unb.ca.jnetpcap.FlowGenerator    FlagFIN current has 46 flow
2019-09-24 20:07:59 DEBUG cic.cs.unb.ca.jnetpcap.FlowGenerator    FlagFIN current has 54 flow
2019-09-24 20:08:01 DEBUG cic.cs.unb.ca.jnetpcap.FlowGenerator    FlagFIN current has 54 flow
2019-09-24 20:08:01 DEBUG cic.cs.unb.ca.jnetpcap.FlowGenerator    FlagFIN current has 56 flow
2019-09-24 20:08:01 DEBUG cic.cs.unb.ca.jnetpcap.FlowGenerator    FlagFIN current has 56 flow
2019-09-24 20:08:29 DEBUG cic.cs.unb.ca.jnetpcap.FlowGenerator    FlagFIN current has 65 flow
2019-09-24 20:08:29 DEBUG cic.cs.unb.ca.jnetpcap.FlowGenerator    FlagFIN current has 65 flow
2019-09-24 20:08:29 DEBUG cic.cs.unb.ca.jnetpcap.FlowGenerator    FlagFIN current has 66 flow
2019-09-24 20:08:29 DEBUG cic.cs.unb.ca.jnetpcap.FlowGenerator    FlagFIN current has 66 flow
2019-09-24 20:09:05 DEBUG cic.cs.unb.ca.jnetpcap.FlowGenerator    FlagFIN current has 70 flow
2019-09-24 20:09:06 DEBUG cic.cs.unb.ca.jnetpcap.FlowGenerator    FlagFIN current has 70 flow
2019-09-24 20:09:06 DEBUG cic.cs.unb.ca.jnetpcap.FlowGenerator    FlagFIN current has 71 flow
2019-09-24 20:09:06 DEBUG cic.cs.unb.ca.jnetpcap.FlowGenerator    FlagFIN current has 71 flow
2019-09-24 20:09:06 INFO  cic.cs.unb.ca.flow.ui.FlowMonitorPane    Pcap stop listening
2019-09-24 20:09:06 INFO  cic.cs.unb.ca.flow.ui.FlowMonitorPane    path:D:\CIC-IDS-2017\CICFlowMeter-4.0\bin\data\daily\2019-09-24_Flow.csv
2019-09-24 20:09:11 DEBUG cic.cs.unb.ca.jnetpcap.worker.TrafficFlowWorker    break Packet loop
2019-09-24 20:48:49 INFO  cic.cs.unb.ca.jnetpcap.worker.TrafficFlowWorker    Pcap is listening...
2019-09-24 20:48:59 DEBUG cic.cs.unb.ca.jnetpcap.FlowGenerator    FlagFIN current has 14 flow
2019-09-24 20:48:59 DEBUG cic.cs.unb.ca.jnetpcap.FlowGenerator    FlagFIN current has 14 flow
2019-09-24 20:48:59 DEBUG cic.cs.unb.ca.jnetpcap.FlowGenerator    FlagFIN current has 15 flow
2019-09-24 20:49:05 DEBUG cic.cs.unb.ca.jnetpcap.FlowGenerator    FlagFIN current has 15 flow
2019-09-24 20:49:14 INFO  cic.cs.unb.ca.flow.ui.FlowMonitorPane    Pcap stop listening
2019-09-24 20:49:14 INFO  cic.cs.unb.ca.flow.ui.FlowMonitorPane    path:D:\CIC-IDS-2017\CICFlowMeter-4.0\bin\data\daily\2019-09-24_Flow.csv
2019-09-24 20:49:24 DEBUG cic.cs.unb.ca.jnetpcap.worker.TrafficFlowWorker    break Packet loop
2019-09-24 20:49:26 INFO  cic.cs.unb.ca.jnetpcap.worker.TrafficFlowWorker    Pcap is listening...
2019-09-24 20:49:30 DEBUG cic.cs.unb.ca.jnetpcap.FlowGenerator    FlagFIN current has 4 flow
2019-09-24 20:49:30 DEBUG cic.cs.unb.ca.jnetpcap.FlowGenerator    FlagFIN current has 4 flow
2019-09-24 20:49:30 DEBUG cic.cs.unb.ca.jnetpcap.FlowGenerator    FlagFIN current has 5 flow
2019-09-24 20:49:30 DEBUG cic.cs.unb.ca.jnetpcap.FlowGenerator    FlagFIN current has 5 flow
2019-09-24 20:49:59 DEBUG cic.cs.unb.ca.jnetpcap.FlowGenerator    FlagFIN current has 27 flow
2019-09-24 20:49:59 DEBUG cic.cs.unb.ca.jnetpcap.FlowGenerator    FlagFIN current has 27 flow
2019-09-24 20:49:59 DEBUG cic.cs.unb.ca.jnetpcap.FlowGenerator    FlagFIN current has 28 flow
2019-09-24 20:50:03 DEBUG cic.cs.unb.ca.jnetpcap.FlowGenerator    FlagFIN current has 28 flow
2019-09-24 20:50:29 DEBUG cic.cs.unb.ca.jnetpcap.FlowGenerator    FlagFIN current has 36 flow
2019-09-24 20:50:29 DEBUG cic.cs.unb.ca.jnetpcap.FlowGenerator    FlagFIN current has 36 flow
2019-09-24 20:50:42 DEBUG cic.cs.unb.ca.jnetpcap.FlowGenerator    FlagFIN current has 37 flow
2019-09-24 20:50:42 DEBUG cic.cs.unb.ca.jnetpcap.FlowGenerator    FlagFIN current has 37 flow
2019-09-24 20:50:42 DEBUG cic.cs.unb.ca.jnetpcap.FlowGenerator    FlagFIN current has 44 flow
2019-09-24 20:50:59 DEBUG cic.cs.unb.ca.jnetpcap.FlowGenerator    FlagFIN current has 50 flow
2019-09-24 20:51:03 DEBUG cic.cs.unb.ca.jnetpcap.FlowGenerator    FlagFIN current has 50 flow
2019-09-24 20:51:03 DEBUG cic.cs.unb.ca.jnetpcap.FlowGenerator    FlagFIN current has 51 flow
2019-09-24 20:51:03 DEBUG cic.cs.unb.ca.jnetpcap.FlowGenerator    FlagFIN current has 51 flow
2019-09-24 20:51:08 DEBUG cic.cs.unb.ca.jnetpcap.FlowGenerator    FlagFIN current has 58 flow
2019-09-24 20:51:08 DEBUG cic.cs.unb.ca.jnetpcap.FlowGenerator    FlagFIN current has 58 flow
2019-09-24 20:51:29 DEBUG cic.cs.unb.ca.jnetpcap.FlowGenerator    FlagFIN current has 69 flow
2019-09-24 20:51:29 DEBUG cic.cs.unb.ca.jnetpcap.FlowGenerator    FlagFIN current has 69 flow
2019-09-24 20:51:29 DEBUG cic.cs.unb.ca.jnetpcap.FlowGenerator    FlagFIN current has 70 flow
2019-09-24 20:51:29 DEBUG cic.cs.unb.ca.jnetpcap.FlowGenerator    FlagFIN current has 70 flow
2019-09-24 20:52:00 DEBUG cic.cs.unb.ca.jnetpcap.FlowGenerator    FlagFIN current has 102 flow
2019-09-24 20:52:00 DEBUG cic.cs.unb.ca.jnetpcap.FlowGenerator    FlagFIN current has 102 flow
2019-09-24 20:52:00 DEBUG cic.cs.unb.ca.jnetpcap.FlowGenerator    FlagFIN current has 103 flow
2019-09-24 20:52:00 DEBUG cic.cs.unb.ca.jnetpcap.FlowGenerator    FlagFIN current has 103 flow
2019-09-24 20:52:09 DEBUG cic.cs.unb.ca.jnetpcap.FlowGenerator    FlagFIN current has 110 flow
2019-09-24 20:52:09 DEBUG cic.cs.unb.ca.jnetpcap.FlowGenerator    FlagFIN current has 110 flow
2019-09-24 20:52:29 DEBUG cic.cs.unb.ca.jnetpcap.FlowGenerator    FlagFIN current has 121 flow
2019-09-24 20:52:29 DEBUG cic.cs.unb.ca.jnetpcap.FlowGenerator    FlagFIN current has 121 flow
2019-09-24 20:52:31 DEBUG cic.cs.unb.ca.jnetpcap.FlowGenerator    FlagFIN current has 122 flow
2019-09-24 20:52:31 DEBUG cic.cs.unb.ca.jnetpcap.FlowGenerator    FlagFIN current has 122 flow
2019-09-24 20:52:59 DEBUG cic.cs.unb.ca.jnetpcap.FlowGenerator    FlagFIN current has 132 flow
2019-09-24 20:53:11 DEBUG cic.cs.unb.ca.jnetpcap.FlowGenerator    FlagFIN current has 132 flow
2019-09-24 20:53:11 DEBUG cic.cs.unb.ca.jnetpcap.FlowGenerator    FlagFIN current has 133 flow
2019-09-24 20:53:11 DEBUG cic.cs.unb.ca.jnetpcap.FlowGenerator    FlagFIN current has 133 flow
2019-09-24 20:53:32 DEBUG cic.cs.unb.ca.jnetpcap.FlowGenerator    FlagFIN current has 138 flow
2019-09-24 20:53:32 DEBUG cic.cs.unb.ca.jnetpcap.FlowGenerator    FlagFIN current has 138 flow
2019-09-24 20:53:32 DEBUG cic.cs.unb.ca.jnetpcap.FlowGenerator    FlagFIN current has 139 flow
2019-09-24 20:53:32 DEBUG cic.cs.unb.ca.jnetpcap.FlowGenerator    FlagFIN current has 139 flow
2019-09-24 20:53:59 DEBUG cic.cs.unb.ca.jnetpcap.FlowGenerator    FlagFIN current has 147 flow
2019-09-24 20:53:59 DEBUG cic.cs.unb.ca.jnetpcap.FlowGenerator    FlagFIN current has 147 flow
2019-09-24 20:53:59 DEBUG cic.cs.unb.ca.jnetpcap.FlowGenerator    FlagFIN current has 148 flow
2019-09-24 20:53:59 DEBUG cic.cs.unb.ca.jnetpcap.FlowGenerator    FlagFIN current has 148 flow
2019-09-24 20:54:30 DEBUG cic.cs.unb.ca.jnetpcap.FlowGenerator    FlagFIN current has 152 flow
2019-09-24 20:54:30 DEBUG cic.cs.unb.ca.jnetpcap.FlowGenerator    FlagFIN current has 152 flow
2019-09-24 20:54:30 DEBUG cic.cs.unb.ca.jnetpcap.FlowGenerator    FlagFIN current has 153 flow
2019-09-24 20:54:30 DEBUG cic.cs.unb.ca.jnetpcap.FlowGenerator    FlagFIN current has 153 flow
2019-09-24 20:55:16 DEBUG cic.cs.unb.ca.jnetpcap.FlowGenerator    FlagFIN current has 162 flow
2019-09-24 20:55:16 DEBUG cic.cs.unb.ca.jnetpcap.FlowGenerator    FlagFIN current has 162 flow
2019-09-24 20:55:16 DEBUG cic.cs.unb.ca.jnetpcap.FlowGenerator    FlagFIN current has 163 flow
2019-09-24 20:55:16 DEBUG cic.cs.unb.ca.jnetpcap.FlowGenerator    FlagFIN current has 163 flow
2019-09-24 20:55:35 DEBUG cic.cs.unb.ca.jnetpcap.FlowGenerator    FlagFIN current has 166 flow
2019-09-24 20:55:35 DEBUG cic.cs.unb.ca.jnetpcap.FlowGenerator    FlagFIN current has 166 flow
2019-09-24 20:55:35 DEBUG cic.cs.unb.ca.jnetpcap.FlowGenerator    FlagFIN current has 168 flow
2019-09-24 20:55:35 DEBUG cic.cs.unb.ca.jnetpcap.FlowGenerator    FlagFIN current has 168 flow
2019-09-24 20:55:50 INFO  cic.cs.unb.ca.flow.ui.FlowMonitorPane    Pcap stop listening
2019-09-24 20:55:50 INFO  cic.cs.unb.ca.flow.ui.FlowMonitorPane    path:D:\CIC-IDS-2017\CICFlowMeter-4.0\bin\data\daily\2019-09-24_Flow.csv
2019-09-24 20:55:58 DEBUG cic.cs.unb.ca.jnetpcap.worker.TrafficFlowWorker    break Packet loop
