2019-09-30 19:34:39 INFO  cic.cs.unb.ca.jnetpcap.worker.TrafficFlowWorker    Pcap is listening...
2019-09-30 19:34:49 DEBUG cic.cs.unb.ca.jnetpcap.FlowGenerator    FlagFIN current has 81 flow
2019-09-30 19:34:49 DEBUG cic.cs.unb.ca.jnetpcap.FlowGenerator    FlagFIN current has 81 flow
2019-09-30 19:34:49 DEBUG cic.cs.unb.ca.jnetpcap.FlowGenerator    FlagFIN current has 83 flow
2019-09-30 19:34:49 DEBUG cic.cs.unb.ca.jnetpcap.FlowGenerator    FlagFIN current has 83 flow
2019-09-30 19:35:17 INFO  cic.cs.unb.ca.flow.ui.FlowMonitorPane    Pcap stop listening
2019-09-30 19:35:17 INFO  cic.cs.unb.ca.flow.ui.FlowMonitorPane    path:C:\Users\Wilfred Wulbou\Desktop\BSCS4\CS402\IDS\ids\CICFlowMeter-4.0\bin\data\daily\2019-09-30_Flow.csv
2019-09-30 19:35:19 DEBUG cic.cs.unb.ca.jnetpcap.worker.TrafficFlowWorker    break Packet loop
2019-09-30 20:40:55 INFO  cic.cs.unb.ca.flow.ui.FlowMonitorPane    path:C:\Users\Wilfred Wulbou\Desktop\BSCS4\CS402\IDS\ids\CICFlowMeter-4.0\bin\data\daily\2019-09-30_Flow.csv
2019-09-30 20:41:03 INFO  cic.cs.unb.ca.jnetpcap.worker.TrafficFlowWorker    Pcap is listening...
2019-09-30 20:41:08 DEBUG cic.cs.unb.ca.jnetpcap.FlowGenerator    FlagFIN current has 36 flow
2019-09-30 20:41:08 DEBUG cic.cs.unb.ca.jnetpcap.FlowGenerator    FlagFIN current has 43 flow
2019-09-30 20:41:08 DEBUG cic.cs.unb.ca.jnetpcap.FlowGenerator    FlagFIN current has 48 flow
2019-09-30 20:41:08 DEBUG cic.cs.unb.ca.jnetpcap.FlowGenerator    FlagFIN current has 48 flow
2019-09-30 20:41:09 DEBUG cic.cs.unb.ca.jnetpcap.FlowGenerator    FlagFIN current has 49 flow
2019-09-30 20:41:09 DEBUG cic.cs.unb.ca.jnetpcap.FlowGenerator    FlagFIN current has 49 flow
2019-09-30 20:41:23 DEBUG cic.cs.unb.ca.jnetpcap.FlowGenerator    FlagFIN current has 117 flow
2019-09-30 20:41:24 DEBUG cic.cs.unb.ca.jnetpcap.FlowGenerator    FlagFIN current has 119 flow
2019-09-30 20:41:26 INFO  cic.cs.unb.ca.flow.ui.FlowMonitorPane    Pcap stop listening
2019-09-30 20:41:26 INFO  cic.cs.unb.ca.flow.ui.FlowMonitorPane    path:C:\Users\Wilfred Wulbou\Desktop\BSCS4\CS402\IDS\ids\CICFlowMeter-4.0\bin\data\daily\2019-09-30_Flow.csv
2019-09-30 20:41:26 DEBUG cic.cs.unb.ca.jnetpcap.worker.TrafficFlowWorker    break Packet loop
2019-09-30 20:44:14 INFO  cic.cs.unb.ca.flow.ui.FlowMonitorPane    path:C:\Users\Wilfred Wulbou\Desktop\BSCS4\CS402\IDS\ids\CICFlowMeter-4.0\bin\data\daily\2019-09-30_Flow.csv
2019-09-30 20:44:18 INFO  cic.cs.unb.ca.jnetpcap.worker.TrafficFlowWorker    Pcap is listening...
2019-09-30 20:44:23 DEBUG cic.cs.unb.ca.jnetpcap.FlowGenerator    FlagFIN current has 28 flow
2019-09-30 20:44:23 DEBUG cic.cs.unb.ca.jnetpcap.FlowGenerator    FlagFIN current has 28 flow
2019-09-30 20:44:23 DEBUG cic.cs.unb.ca.jnetpcap.FlowGenerator    FlagFIN current has 32 flow
2019-09-30 20:44:23 DEBUG cic.cs.unb.ca.jnetpcap.FlowGenerator    FlagFIN current has 32 flow
2019-09-30 20:44:36 DEBUG cic.cs.unb.ca.jnetpcap.FlowGenerator    FlagFIN current has 51 flow
2019-09-30 20:44:36 DEBUG cic.cs.unb.ca.jnetpcap.FlowGenerator    FlagFIN current has 51 flow
2019-09-30 20:44:53 DEBUG cic.cs.unb.ca.jnetpcap.FlowGenerator    FlagFIN current has 78 flow
2019-09-30 20:44:53 DEBUG cic.cs.unb.ca.jnetpcap.FlowGenerator    FlagFIN current has 78 flow
2019-09-30 20:44:53 DEBUG cic.cs.unb.ca.jnetpcap.FlowGenerator    FlagFIN current has 78 flow
2019-09-30 20:45:00 DEBUG cic.cs.unb.ca.jnetpcap.FlowGenerator    FlagFIN current has 79 flow
2019-09-30 20:45:00 DEBUG cic.cs.unb.ca.jnetpcap.FlowGenerator    FlagFIN current has 79 flow
2019-09-30 20:45:23 DEBUG cic.cs.unb.ca.jnetpcap.FlowGenerator    FlagFIN current has 129 flow
2019-09-30 20:45:23 DEBUG cic.cs.unb.ca.jnetpcap.FlowGenerator    FlagFIN current has 129 flow
2019-09-30 20:45:23 DEBUG cic.cs.unb.ca.jnetpcap.FlowGenerator    FlagFIN current has 129 flow
2019-09-30 20:45:23 DEBUG cic.cs.unb.ca.jnetpcap.FlowGenerator    FlagFIN current has 130 flow
2019-09-30 20:45:23 DEBUG cic.cs.unb.ca.jnetpcap.FlowGenerator    FlagFIN current has 130 flow
2019-09-30 20:45:26 DEBUG cic.cs.unb.ca.jnetpcap.FlowGenerator    FlagFIN current has 137 flow
2019-09-30 20:45:26 DEBUG cic.cs.unb.ca.jnetpcap.FlowGenerator    FlagFIN current has 137 flow
2019-09-30 20:45:29 DEBUG cic.cs.unb.ca.jnetpcap.FlowGenerator    FlagFIN current has 141 flow
2019-09-30 20:45:29 DEBUG cic.cs.unb.ca.jnetpcap.FlowGenerator    FlagFIN current has 141 flow
2019-09-30 20:45:39 DEBUG cic.cs.unb.ca.jnetpcap.FlowGenerator    FlagFIN current has 156 flow
2019-09-30 20:45:39 DEBUG cic.cs.unb.ca.jnetpcap.FlowGenerator    FlagFIN current has 156 flow
2019-09-30 20:45:40 DEBUG cic.cs.unb.ca.jnetpcap.FlowGenerator    FlagFIN current has 167 flow
2019-09-30 20:45:40 DEBUG cic.cs.unb.ca.jnetpcap.FlowGenerator    FlagFIN current has 167 flow
2019-09-30 20:45:54 DEBUG cic.cs.unb.ca.jnetpcap.FlowGenerator    FlagFIN current has 210 flow
2019-09-30 20:45:54 DEBUG cic.cs.unb.ca.jnetpcap.FlowGenerator    FlagFIN current has 210 flow
2019-09-30 20:45:55 DEBUG cic.cs.unb.ca.jnetpcap.FlowGenerator    FlagFIN current has 215 flow
2019-09-30 20:45:55 DEBUG cic.cs.unb.ca.jnetpcap.FlowGenerator    FlagFIN current has 215 flow
2019-09-30 20:45:56 DEBUG cic.cs.unb.ca.jnetpcap.FlowGenerator    FlagFIN current has 230 flow
2019-09-30 20:45:56 DEBUG cic.cs.unb.ca.jnetpcap.FlowGenerator    FlagFIN current has 230 flow
2019-09-30 20:45:56 DEBUG cic.cs.unb.ca.jnetpcap.FlowGenerator    FlagFIN current has 230 flow
2019-09-30 20:45:56 DEBUG cic.cs.unb.ca.jnetpcap.FlowGenerator    FlagFIN current has 230 flow
2019-09-30 20:45:56 DEBUG cic.cs.unb.ca.jnetpcap.FlowGenerator    FlagFIN current has 231 flow
2019-09-30 20:45:56 DEBUG cic.cs.unb.ca.jnetpcap.FlowGenerator    FlagFIN current has 231 flow
2019-09-30 20:45:56 DEBUG cic.cs.unb.ca.jnetpcap.FlowGenerator    FlagFIN current has 231 flow
2019-09-30 20:45:56 DEBUG cic.cs.unb.ca.jnetpcap.FlowGenerator    FlagFIN current has 231 flow
2019-09-30 20:45:56 DEBUG cic.cs.unb.ca.jnetpcap.FlowGenerator    FlagFIN current has 232 flow
2019-09-30 20:45:56 DEBUG cic.cs.unb.ca.jnetpcap.FlowGenerator    FlagFIN current has 232 flow
2019-09-30 20:46:25 DEBUG cic.cs.unb.ca.jnetpcap.FlowGenerator    FlagFIN current has 317 flow
2019-09-30 20:46:25 DEBUG cic.cs.unb.ca.jnetpcap.FlowGenerator    FlagFIN current has 317 flow
2019-09-30 20:46:25 DEBUG cic.cs.unb.ca.jnetpcap.FlowGenerator    FlagFIN current has 323 flow
2019-09-30 20:46:25 DEBUG cic.cs.unb.ca.jnetpcap.FlowGenerator    FlagFIN current has 323 flow
2019-09-30 20:46:25 DEBUG cic.cs.unb.ca.jnetpcap.FlowGenerator    FlagFIN current has 323 flow
2019-09-30 20:46:54 DEBUG cic.cs.unb.ca.jnetpcap.FlowGenerator    FlagFIN current has 406 flow
2019-09-30 20:46:54 DEBUG cic.cs.unb.ca.jnetpcap.FlowGenerator    FlagFIN current has 406 flow
2019-09-30 20:46:54 DEBUG cic.cs.unb.ca.jnetpcap.FlowGenerator    FlagFIN current has 406 flow
2019-09-30 20:46:54 DEBUG cic.cs.unb.ca.jnetpcap.FlowGenerator    FlagFIN current has 407 flow
2019-09-30 20:46:54 DEBUG cic.cs.unb.ca.jnetpcap.FlowGenerator    FlagFIN current has 407 flow
2019-09-30 20:47:01 DEBUG cic.cs.unb.ca.jnetpcap.FlowGenerator    FlagFIN current has 416 flow
2019-09-30 20:47:01 DEBUG cic.cs.unb.ca.jnetpcap.FlowGenerator    FlagFIN current has 416 flow
2019-09-30 20:47:01 DEBUG cic.cs.unb.ca.jnetpcap.FlowGenerator    FlagFIN current has 416 flow
2019-09-30 20:47:06 DEBUG cic.cs.unb.ca.jnetpcap.FlowGenerator    FlagFIN current has 424 flow
2019-09-30 20:47:06 DEBUG cic.cs.unb.ca.jnetpcap.FlowGenerator    FlagFIN current has 424 flow
2019-09-30 20:47:06 DEBUG cic.cs.unb.ca.jnetpcap.FlowGenerator    FlagFIN current has 424 flow
2019-09-30 20:47:07 DEBUG cic.cs.unb.ca.jnetpcap.FlowGenerator    FlagFIN current has 438 flow
2019-09-30 20:47:07 DEBUG cic.cs.unb.ca.jnetpcap.FlowGenerator    FlagFIN current has 438 flow
2019-09-30 20:47:16 DEBUG cic.cs.unb.ca.jnetpcap.FlowGenerator    FlagFIN current has 456 flow
2019-09-30 20:47:16 DEBUG cic.cs.unb.ca.jnetpcap.FlowGenerator    FlagFIN current has 456 flow
2019-09-30 20:47:16 DEBUG cic.cs.unb.ca.jnetpcap.FlowGenerator    FlagFIN current has 456 flow
2019-09-30 20:47:20 DEBUG cic.cs.unb.ca.jnetpcap.FlowGenerator    FlagFIN current has 466 flow
2019-09-30 20:47:20 DEBUG cic.cs.unb.ca.jnetpcap.FlowGenerator    FlagFIN current has 466 flow
2019-09-30 20:47:20 DEBUG cic.cs.unb.ca.jnetpcap.FlowGenerator    FlagFIN current has 467 flow
2019-09-30 20:47:20 DEBUG cic.cs.unb.ca.jnetpcap.FlowGenerator    FlagFIN current has 467 flow
2019-09-30 20:47:26 DEBUG cic.cs.unb.ca.jnetpcap.FlowGenerator    FlagFIN current has 470 flow
2019-09-30 20:47:26 DEBUG cic.cs.unb.ca.jnetpcap.FlowGenerator    FlagFIN current has 470 flow
2019-09-30 20:47:26 DEBUG cic.cs.unb.ca.jnetpcap.FlowGenerator    FlagFIN current has 472 flow
2019-09-30 20:47:26 DEBUG cic.cs.unb.ca.jnetpcap.FlowGenerator    FlagFIN current has 472 flow
2019-09-30 20:47:30 DEBUG cic.cs.unb.ca.jnetpcap.FlowGenerator    FlagFIN current has 476 flow
2019-09-30 20:47:30 DEBUG cic.cs.unb.ca.jnetpcap.FlowGenerator    FlagFIN current has 476 flow
2019-09-30 20:47:30 DEBUG cic.cs.unb.ca.jnetpcap.FlowGenerator    FlagFIN current has 476 flow
2019-09-30 20:47:31 DEBUG cic.cs.unb.ca.jnetpcap.FlowGenerator    FlagFIN current has 475 flow
2019-09-30 20:47:31 DEBUG cic.cs.unb.ca.jnetpcap.FlowGenerator    FlagFIN current has 475 flow
2019-09-30 20:47:53 DEBUG cic.cs.unb.ca.jnetpcap.FlowGenerator    FlagFIN current has 513 flow
2019-09-30 20:47:53 DEBUG cic.cs.unb.ca.jnetpcap.FlowGenerator    FlagFIN current has 513 flow
2019-09-30 20:47:53 DEBUG cic.cs.unb.ca.jnetpcap.FlowGenerator    FlagFIN current has 515 flow
2019-09-30 20:47:53 DEBUG cic.cs.unb.ca.jnetpcap.FlowGenerator    FlagFIN current has 515 flow
2019-09-30 20:47:53 DEBUG cic.cs.unb.ca.jnetpcap.FlowGenerator    FlagFIN current has 515 flow
2019-09-30 20:48:04 DEBUG cic.cs.unb.ca.jnetpcap.FlowGenerator    FlagFIN current has 530 flow
2019-09-30 20:48:04 DEBUG cic.cs.unb.ca.jnetpcap.FlowGenerator    FlagFIN current has 530 flow
2019-09-30 20:48:11 DEBUG cic.cs.unb.ca.jnetpcap.FlowGenerator    FlagFIN current has 550 flow
2019-09-30 20:48:11 DEBUG cic.cs.unb.ca.jnetpcap.FlowGenerator    FlagFIN current has 550 flow
2019-09-30 20:48:19 DEBUG cic.cs.unb.ca.jnetpcap.FlowGenerator    FlagFIN current has 557 flow
2019-09-30 20:48:19 DEBUG cic.cs.unb.ca.jnetpcap.FlowGenerator    FlagFIN current has 557 flow
2019-09-30 20:48:23 DEBUG cic.cs.unb.ca.jnetpcap.FlowGenerator    FlagFIN current has 572 flow
2019-09-30 20:48:23 DEBUG cic.cs.unb.ca.jnetpcap.FlowGenerator    FlagFIN current has 572 flow
2019-09-30 20:48:23 DEBUG cic.cs.unb.ca.jnetpcap.FlowGenerator    FlagFIN current has 572 flow
2019-09-30 20:48:31 DEBUG cic.cs.unb.ca.jnetpcap.FlowGenerator    FlagFIN current has 580 flow
2019-09-30 20:48:31 DEBUG cic.cs.unb.ca.jnetpcap.FlowGenerator    FlagFIN current has 580 flow
2019-09-30 20:58:48 DEBUG cic.cs.unb.ca.jnetpcap.FlowGenerator    FlagFIN current has 978 flow
2019-09-30 20:58:48 DEBUG cic.cs.unb.ca.jnetpcap.FlowGenerator    FlagFIN current has 978 flow
2019-09-30 20:58:48 DEBUG cic.cs.unb.ca.jnetpcap.FlowGenerator    FlagFIN current has 978 flow
2019-09-30 20:58:49 DEBUG cic.cs.unb.ca.jnetpcap.FlowGenerator    FlagFIN current has 994 flow
2019-09-30 20:58:49 DEBUG cic.cs.unb.ca.jnetpcap.FlowGenerator    FlagFIN current has 995 flow
2019-09-30 20:58:51 DEBUG cic.cs.unb.ca.jnetpcap.FlowGenerator    FlagFIN current has 1001 flow
2019-09-30 20:58:51 DEBUG cic.cs.unb.ca.jnetpcap.FlowGenerator    FlagFIN current has 1001 flow
2019-09-30 20:58:55 DEBUG cic.cs.unb.ca.jnetpcap.FlowGenerator    FlagFIN current has 1006 flow
2019-09-30 20:58:55 DEBUG cic.cs.unb.ca.jnetpcap.FlowGenerator    FlagFIN current has 1006 flow
2019-09-30 20:59:00 DEBUG cic.cs.unb.ca.jnetpcap.FlowGenerator    FlagFIN current has 1011 flow
2019-09-30 20:59:00 DEBUG cic.cs.unb.ca.jnetpcap.FlowGenerator    FlagFIN current has 1011 flow
2019-09-30 20:59:00 DEBUG cic.cs.unb.ca.jnetpcap.FlowGenerator    FlagFIN current has 1014 flow
2019-09-30 20:59:00 DEBUG cic.cs.unb.ca.jnetpcap.FlowGenerator    FlagFIN current has 1014 flow
2019-09-30 20:59:01 DEBUG cic.cs.unb.ca.jnetpcap.FlowGenerator    FlagFIN current has 1027 flow
2019-09-30 20:59:01 DEBUG cic.cs.unb.ca.jnetpcap.FlowGenerator    FlagFIN current has 1027 flow
2019-09-30 20:59:06 DEBUG cic.cs.unb.ca.jnetpcap.FlowGenerator    FlagFIN current has 1030 flow
2019-09-30 20:59:06 DEBUG cic.cs.unb.ca.jnetpcap.FlowGenerator    FlagFIN current has 1030 flow
2019-09-30 20:59:10 DEBUG cic.cs.unb.ca.jnetpcap.FlowGenerator    FlagFIN current has 1039 flow
2019-09-30 20:59:10 DEBUG cic.cs.unb.ca.jnetpcap.FlowGenerator    FlagFIN current has 1039 flow
2019-09-30 20:59:20 DEBUG cic.cs.unb.ca.jnetpcap.FlowGenerator    FlagFIN current has 1043 flow
2019-09-30 20:59:20 DEBUG cic.cs.unb.ca.jnetpcap.FlowGenerator    FlagFIN current has 1043 flow
2019-09-30 20:59:20 DEBUG cic.cs.unb.ca.jnetpcap.FlowGenerator    FlagFIN current has 1046 flow
2019-09-30 20:59:20 DEBUG cic.cs.unb.ca.jnetpcap.FlowGenerator    FlagFIN current has 1046 flow
2019-09-30 20:59:20 DEBUG cic.cs.unb.ca.jnetpcap.FlowGenerator    FlagFIN current has 1050 flow
2019-09-30 20:59:20 DEBUG cic.cs.unb.ca.jnetpcap.FlowGenerator    FlagFIN current has 1050 flow
2019-09-30 20:59:20 DEBUG cic.cs.unb.ca.jnetpcap.FlowGenerator    FlagFIN current has 1053 flow
2019-09-30 20:59:21 DEBUG cic.cs.unb.ca.jnetpcap.FlowGenerator    FlagFIN current has 1053 flow
2019-09-30 20:59:21 DEBUG cic.cs.unb.ca.jnetpcap.FlowGenerator    FlagFIN current has 1069 flow
2019-09-30 20:59:21 DEBUG cic.cs.unb.ca.jnetpcap.FlowGenerator    FlagFIN current has 1068 flow
2019-09-30 20:59:21 DEBUG cic.cs.unb.ca.jnetpcap.FlowGenerator    FlagFIN current has 1068 flow
2019-09-30 20:59:21 DEBUG cic.cs.unb.ca.jnetpcap.FlowGenerator    FlagFIN current has 1069 flow
2019-09-30 20:59:21 DEBUG cic.cs.unb.ca.jnetpcap.FlowGenerator    FlagFIN current has 1068 flow
2019-09-30 20:59:24 DEBUG cic.cs.unb.ca.jnetpcap.FlowGenerator    FlagFIN current has 1072 flow
2019-09-30 20:59:24 DEBUG cic.cs.unb.ca.jnetpcap.FlowGenerator    FlagFIN current has 1072 flow
2019-09-30 20:59:30 DEBUG cic.cs.unb.ca.jnetpcap.FlowGenerator    FlagFIN current has 1073 flow
2019-09-30 20:59:30 DEBUG cic.cs.unb.ca.jnetpcap.FlowGenerator    FlagFIN current has 1073 flow
2019-09-30 20:59:30 DEBUG cic.cs.unb.ca.jnetpcap.FlowGenerator    FlagFIN current has 1075 flow
2019-09-30 20:59:30 DEBUG cic.cs.unb.ca.jnetpcap.FlowGenerator    FlagFIN current has 1075 flow
2019-09-30 20:59:36 DEBUG cic.cs.unb.ca.jnetpcap.FlowGenerator    FlagFIN current has 1080 flow
2019-09-30 20:59:36 DEBUG cic.cs.unb.ca.jnetpcap.FlowGenerator    FlagFIN current has 1080 flow
2019-09-30 20:59:41 DEBUG cic.cs.unb.ca.jnetpcap.FlowGenerator    FlagFIN current has 1084 flow
2019-09-30 20:59:41 DEBUG cic.cs.unb.ca.jnetpcap.FlowGenerator    FlagFIN current has 1084 flow
2019-09-30 20:59:41 DEBUG cic.cs.unb.ca.jnetpcap.FlowGenerator    FlagFIN current has 1091 flow
2019-09-30 20:59:41 DEBUG cic.cs.unb.ca.jnetpcap.FlowGenerator    FlagFIN current has 1091 flow
2019-09-30 20:59:41 DEBUG cic.cs.unb.ca.jnetpcap.FlowGenerator    FlagFIN current has 1098 flow
2019-09-30 20:59:41 DEBUG cic.cs.unb.ca.jnetpcap.FlowGenerator    FlagFIN current has 1098 flow
2019-09-30 20:59:41 DEBUG cic.cs.unb.ca.jnetpcap.FlowGenerator    FlagFIN current has 1106 flow
2019-09-30 20:59:41 DEBUG cic.cs.unb.ca.jnetpcap.FlowGenerator    FlagFIN current has 1106 flow
2019-09-30 20:59:41 DEBUG cic.cs.unb.ca.jnetpcap.FlowGenerator    FlagFIN current has 1106 flow
2019-09-30 20:59:41 DEBUG cic.cs.unb.ca.jnetpcap.FlowGenerator    FlagFIN current has 1110 flow
2019-09-30 20:59:41 DEBUG cic.cs.unb.ca.jnetpcap.FlowGenerator    FlagFIN current has 1111 flow
2019-09-30 20:59:41 DEBUG cic.cs.unb.ca.jnetpcap.FlowGenerator    FlagFIN current has 1111 flow
2019-09-30 20:59:41 DEBUG cic.cs.unb.ca.jnetpcap.FlowGenerator    FlagFIN current has 1111 flow
2019-09-30 20:59:41 DEBUG cic.cs.unb.ca.jnetpcap.FlowGenerator    FlagFIN current has 1111 flow
2019-09-30 20:59:41 DEBUG cic.cs.unb.ca.jnetpcap.FlowGenerator    FlagFIN current has 1113 flow
2019-09-30 20:59:41 DEBUG cic.cs.unb.ca.jnetpcap.FlowGenerator    FlagFIN current has 1113 flow
2019-09-30 20:59:42 DEBUG cic.cs.unb.ca.jnetpcap.FlowGenerator    FlagFIN current has 1115 flow
2019-09-30 20:59:42 DEBUG cic.cs.unb.ca.jnetpcap.FlowGenerator    FlagFIN current has 1115 flow
2019-09-30 20:59:42 DEBUG cic.cs.unb.ca.jnetpcap.FlowGenerator    FlagFIN current has 1115 flow
2019-09-30 20:59:43 DEBUG cic.cs.unb.ca.jnetpcap.FlowGenerator    FlagFIN current has 1117 flow
2019-09-30 20:59:43 DEBUG cic.cs.unb.ca.jnetpcap.FlowGenerator    FlagFIN current has 1117 flow
2019-09-30 20:59:43 DEBUG cic.cs.unb.ca.jnetpcap.FlowGenerator    FlagFIN current has 1117 flow
2019-09-30 20:59:43 DEBUG cic.cs.unb.ca.jnetpcap.FlowGenerator    FlagFIN current has 1119 flow
2019-09-30 20:59:43 DEBUG cic.cs.unb.ca.jnetpcap.FlowGenerator    FlagFIN current has 1119 flow
2019-09-30 20:59:43 DEBUG cic.cs.unb.ca.jnetpcap.FlowGenerator    FlagFIN current has 1119 flow
2019-09-30 20:59:44 DEBUG cic.cs.unb.ca.jnetpcap.FlowGenerator    FlagFIN current has 1120 flow
2019-09-30 20:59:44 DEBUG cic.cs.unb.ca.jnetpcap.FlowGenerator    FlagFIN current has 1120 flow
2019-09-30 20:59:45 DEBUG cic.cs.unb.ca.jnetpcap.FlowGenerator    FlagFIN current has 1123 flow
2019-09-30 20:59:45 DEBUG cic.cs.unb.ca.jnetpcap.FlowGenerator    FlagFIN current has 1123 flow
2019-09-30 20:59:45 DEBUG cic.cs.unb.ca.jnetpcap.FlowGenerator    FlagFIN current has 1123 flow
2019-09-30 20:59:45 DEBUG cic.cs.unb.ca.jnetpcap.FlowGenerator    FlagFIN current has 1125 flow
2019-09-30 20:59:45 DEBUG cic.cs.unb.ca.jnetpcap.FlowGenerator    FlagFIN current has 1125 flow
2019-09-30 20:59:45 DEBUG cic.cs.unb.ca.jnetpcap.FlowGenerator    FlagFIN current has 1125 flow
2019-09-30 20:59:46 DEBUG cic.cs.unb.ca.jnetpcap.FlowGenerator    FlagFIN current has 1125 flow
2019-09-30 20:59:46 DEBUG cic.cs.unb.ca.jnetpcap.FlowGenerator    FlagFIN current has 1125 flow
2019-09-30 20:59:46 DEBUG cic.cs.unb.ca.jnetpcap.FlowGenerator    FlagFIN current has 1126 flow
2019-09-30 20:59:46 DEBUG cic.cs.unb.ca.jnetpcap.FlowGenerator    FlagFIN current has 1126 flow
2019-09-30 20:59:46 DEBUG cic.cs.unb.ca.jnetpcap.FlowGenerator    FlagFIN current has 1127 flow
2019-09-30 20:59:46 DEBUG cic.cs.unb.ca.jnetpcap.FlowGenerator    FlagFIN current has 1127 flow
2019-09-30 20:59:46 DEBUG cic.cs.unb.ca.jnetpcap.FlowGenerator    FlagFIN current has 1129 flow
2019-09-30 20:59:46 DEBUG cic.cs.unb.ca.jnetpcap.FlowGenerator    FlagFIN current has 1129 flow
2019-09-30 20:59:46 DEBUG cic.cs.unb.ca.jnetpcap.FlowGenerator    FlagFIN current has 1129 flow
2019-09-30 20:59:46 DEBUG cic.cs.unb.ca.jnetpcap.FlowGenerator    FlagFIN current has 1132 flow
2019-09-30 20:59:47 DEBUG cic.cs.unb.ca.jnetpcap.FlowGenerator    FlagFIN current has 1132 flow
2019-09-30 20:59:47 DEBUG cic.cs.unb.ca.jnetpcap.FlowGenerator    FlagFIN current has 1135 flow
2019-09-30 20:59:47 DEBUG cic.cs.unb.ca.jnetpcap.FlowGenerator    FlagFIN current has 1135 flow
2019-09-30 20:59:52 DEBUG cic.cs.unb.ca.jnetpcap.FlowGenerator    FlagFIN current has 1137 flow
2019-09-30 20:59:52 DEBUG cic.cs.unb.ca.jnetpcap.FlowGenerator    FlagFIN current has 1137 flow
2019-09-30 20:59:52 DEBUG cic.cs.unb.ca.jnetpcap.FlowGenerator    FlagFIN current has 1143 flow
2019-09-30 20:59:59 DEBUG cic.cs.unb.ca.jnetpcap.FlowGenerator    FlagFIN current has 1143 flow
2019-09-30 20:59:59 DEBUG cic.cs.unb.ca.jnetpcap.FlowGenerator    FlagFIN current has 1146 flow
2019-09-30 20:59:59 DEBUG cic.cs.unb.ca.jnetpcap.FlowGenerator    FlagFIN current has 1146 flow
2019-09-30 21:00:06 DEBUG cic.cs.unb.ca.jnetpcap.FlowGenerator    FlagFIN current has 1149 flow
2019-09-30 21:00:06 DEBUG cic.cs.unb.ca.jnetpcap.FlowGenerator    FlagFIN current has 1149 flow
2019-09-30 21:00:06 DEBUG cic.cs.unb.ca.jnetpcap.FlowGenerator    FlagFIN current has 1153 flow
2019-09-30 21:00:06 DEBUG cic.cs.unb.ca.jnetpcap.FlowGenerator    FlagFIN current has 1153 flow
2019-09-30 21:00:06 DEBUG cic.cs.unb.ca.jnetpcap.FlowGenerator    FlagFIN current has 1154 flow
2019-09-30 21:00:06 DEBUG cic.cs.unb.ca.jnetpcap.FlowGenerator    FlagFIN current has 1154 flow
2019-09-30 21:00:06 DEBUG cic.cs.unb.ca.jnetpcap.FlowGenerator    FlagFIN current has 1167 flow
2019-09-30 21:00:06 DEBUG cic.cs.unb.ca.jnetpcap.FlowGenerator    FlagFIN current has 1167 flow
2019-09-30 21:00:06 DEBUG cic.cs.unb.ca.jnetpcap.FlowGenerator    FlagFIN current has 1168 flow
2019-09-30 21:00:12 DEBUG cic.cs.unb.ca.jnetpcap.FlowGenerator    FlagFIN current has 1168 flow
2019-09-30 21:00:12 DEBUG cic.cs.unb.ca.jnetpcap.FlowGenerator    FlagFIN current has 1170 flow
2019-09-30 21:00:12 DEBUG cic.cs.unb.ca.jnetpcap.FlowGenerator    FlagFIN current has 1170 flow
2019-09-30 21:00:16 DEBUG cic.cs.unb.ca.jnetpcap.FlowGenerator    FlagFIN current has 1173 flow
2019-09-30 21:00:16 DEBUG cic.cs.unb.ca.jnetpcap.FlowGenerator    FlagFIN current has 1173 flow
2019-09-30 21:00:20 DEBUG cic.cs.unb.ca.jnetpcap.FlowGenerator    FlagFIN current has 1181 flow
2019-09-30 21:00:20 DEBUG cic.cs.unb.ca.jnetpcap.FlowGenerator    FlagFIN current has 1181 flow
2019-09-30 21:00:20 DEBUG cic.cs.unb.ca.jnetpcap.FlowGenerator    FlagFIN current has 1186 flow
2019-09-30 21:00:20 DEBUG cic.cs.unb.ca.jnetpcap.FlowGenerator    FlagFIN current has 1186 flow
2019-09-30 21:00:26 DEBUG cic.cs.unb.ca.jnetpcap.FlowGenerator    FlagFIN current has 1188 flow
2019-09-30 21:00:26 DEBUG cic.cs.unb.ca.jnetpcap.FlowGenerator    FlagFIN current has 1188 flow
2019-09-30 21:00:29 DEBUG cic.cs.unb.ca.jnetpcap.FlowGenerator    FlagFIN current has 1203 flow
2019-09-30 21:00:29 DEBUG cic.cs.unb.ca.jnetpcap.FlowGenerator    FlagFIN current has 1203 flow
2019-09-30 21:00:35 DEBUG cic.cs.unb.ca.jnetpcap.FlowGenerator    FlagFIN current has 1204 flow
2019-09-30 21:00:35 DEBUG cic.cs.unb.ca.jnetpcap.FlowGenerator    FlagFIN current has 1204 flow
2019-09-30 21:00:35 DEBUG cic.cs.unb.ca.jnetpcap.FlowGenerator    FlagFIN current has 1204 flow
2019-09-30 21:00:35 DEBUG cic.cs.unb.ca.jnetpcap.FlowGenerator    FlagFIN current has 1205 flow
2019-09-30 21:00:35 DEBUG cic.cs.unb.ca.jnetpcap.FlowGenerator    FlagFIN current has 1205 flow
2019-09-30 21:00:40 DEBUG cic.cs.unb.ca.jnetpcap.FlowGenerator    FlagFIN current has 1209 flow
2019-09-30 21:00:40 DEBUG cic.cs.unb.ca.jnetpcap.FlowGenerator    FlagFIN current has 1209 flow
2019-09-30 21:00:42 DEBUG cic.cs.unb.ca.jnetpcap.FlowGenerator    FlagFIN current has 1213 flow
2019-09-30 21:00:42 DEBUG cic.cs.unb.ca.jnetpcap.FlowGenerator    FlagFIN current has 1213 flow
2019-09-30 21:00:46 DEBUG cic.cs.unb.ca.jnetpcap.FlowGenerator    FlagFIN current has 1216 flow
2019-09-30 21:00:46 DEBUG cic.cs.unb.ca.jnetpcap.FlowGenerator    FlagFIN current has 1216 flow
2019-09-30 21:00:47 DEBUG cic.cs.unb.ca.jnetpcap.FlowGenerator    FlagFIN current has 1224 flow
2019-09-30 21:00:47 DEBUG cic.cs.unb.ca.jnetpcap.FlowGenerator    FlagFIN current has 1224 flow
2019-09-30 21:00:49 DEBUG cic.cs.unb.ca.jnetpcap.FlowGenerator    FlagFIN current has 1230 flow
2019-09-30 21:00:49 DEBUG cic.cs.unb.ca.jnetpcap.FlowGenerator    FlagFIN current has 1230 flow
2019-09-30 21:00:56 DEBUG cic.cs.unb.ca.jnetpcap.FlowGenerator    FlagFIN current has 1233 flow
2019-09-30 21:00:56 DEBUG cic.cs.unb.ca.jnetpcap.FlowGenerator    FlagFIN current has 1233 flow
2019-09-30 21:01:02 DEBUG cic.cs.unb.ca.jnetpcap.FlowGenerator    FlagFIN current has 1239 flow
2019-09-30 21:01:02 DEBUG cic.cs.unb.ca.jnetpcap.FlowGenerator    FlagFIN current has 1239 flow
2019-09-30 21:01:02 DEBUG cic.cs.unb.ca.jnetpcap.FlowGenerator    FlagFIN current has 1242 flow
2019-09-30 21:01:02 DEBUG cic.cs.unb.ca.jnetpcap.FlowGenerator    FlagFIN current has 1242 flow
2019-09-30 21:01:06 DEBUG cic.cs.unb.ca.jnetpcap.FlowGenerator    FlagFIN current has 1246 flow
2019-09-30 21:01:06 DEBUG cic.cs.unb.ca.jnetpcap.FlowGenerator    FlagFIN current has 1246 flow
2019-09-30 21:01:11 DEBUG cic.cs.unb.ca.jnetpcap.FlowGenerator    FlagFIN current has 1250 flow
2019-09-30 21:01:11 DEBUG cic.cs.unb.ca.jnetpcap.FlowGenerator    FlagFIN current has 1250 flow
2019-09-30 21:01:14 DEBUG cic.cs.unb.ca.jnetpcap.FlowGenerator    FlagFIN current has 1264 flow
2019-09-30 21:01:14 DEBUG cic.cs.unb.ca.jnetpcap.FlowGenerator    FlagFIN current has 1264 flow
2019-09-30 21:01:18 DEBUG cic.cs.unb.ca.jnetpcap.FlowGenerator    FlagFIN current has 1268 flow
2019-09-30 21:01:18 DEBUG cic.cs.unb.ca.jnetpcap.FlowGenerator    FlagFIN current has 1268 flow
2019-09-30 21:01:24 DEBUG cic.cs.unb.ca.jnetpcap.FlowGenerator    FlagFIN current has 1272 flow
2019-09-30 21:01:24 DEBUG cic.cs.unb.ca.jnetpcap.FlowGenerator    FlagFIN current has 1272 flow
2019-09-30 21:01:31 DEBUG cic.cs.unb.ca.jnetpcap.FlowGenerator    FlagFIN current has 1275 flow
2019-09-30 21:01:31 DEBUG cic.cs.unb.ca.jnetpcap.FlowGenerator    FlagFIN current has 1275 flow
2019-09-30 21:01:31 DEBUG cic.cs.unb.ca.jnetpcap.FlowGenerator    FlagFIN current has 1279 flow
2019-09-30 21:01:31 DEBUG cic.cs.unb.ca.jnetpcap.FlowGenerator    FlagFIN current has 1279 flow
2019-09-30 21:01:31 DEBUG cic.cs.unb.ca.jnetpcap.FlowGenerator    FlagFIN current has 1281 flow
2019-09-30 21:01:31 DEBUG cic.cs.unb.ca.jnetpcap.FlowGenerator    FlagFIN current has 1281 flow
2019-09-30 21:01:31 DEBUG cic.cs.unb.ca.jnetpcap.FlowGenerator    FlagFIN current has 1294 flow
2019-09-30 21:01:31 DEBUG cic.cs.unb.ca.jnetpcap.FlowGenerator    FlagFIN current has 1294 flow
2019-09-30 21:01:31 DEBUG cic.cs.unb.ca.jnetpcap.FlowGenerator    FlagFIN current has 1294 flow
2019-09-30 21:01:32 DEBUG cic.cs.unb.ca.jnetpcap.FlowGenerator    FlagFIN current has 1295 flow
2019-09-30 21:01:32 DEBUG cic.cs.unb.ca.jnetpcap.FlowGenerator    FlagFIN current has 1295 flow
2019-09-30 21:01:32 DEBUG cic.cs.unb.ca.jnetpcap.FlowGenerator    FlagFIN current has 1295 flow
2019-09-30 21:01:32 DEBUG cic.cs.unb.ca.jnetpcap.FlowGenerator    FlagFIN current has 1296 flow
2019-09-30 21:01:32 DEBUG cic.cs.unb.ca.jnetpcap.FlowGenerator    FlagFIN current has 1296 flow
2019-09-30 21:01:32 DEBUG cic.cs.unb.ca.jnetpcap.FlowGenerator    FlagFIN current has 1299 flow
2019-09-30 21:01:32 DEBUG cic.cs.unb.ca.jnetpcap.FlowGenerator    FlagFIN current has 1299 flow
2019-09-30 21:01:32 DEBUG cic.cs.unb.ca.jnetpcap.FlowGenerator    FlagFIN current has 1299 flow
2019-09-30 21:01:32 DEBUG cic.cs.unb.ca.jnetpcap.FlowGenerator    FlagFIN current has 1299 flow
2019-09-30 21:01:32 DEBUG cic.cs.unb.ca.jnetpcap.FlowGenerator    FlagFIN current has 1299 flow
2019-09-30 21:01:32 DEBUG cic.cs.unb.ca.jnetpcap.FlowGenerator    FlagFIN current has 1300 flow
2019-09-30 21:01:32 DEBUG cic.cs.unb.ca.jnetpcap.FlowGenerator    FlagFIN current has 1300 flow
2019-09-30 21:01:32 DEBUG cic.cs.unb.ca.jnetpcap.FlowGenerator    FlagFIN current has 1300 flow
2019-09-30 21:01:32 DEBUG cic.cs.unb.ca.jnetpcap.FlowGenerator    FlagFIN current has 1302 flow
2019-09-30 21:01:32 DEBUG cic.cs.unb.ca.jnetpcap.FlowGenerator    FlagFIN current has 1302 flow
2019-09-30 21:01:32 DEBUG cic.cs.unb.ca.jnetpcap.FlowGenerator    FlagFIN current has 1302 flow
2019-09-30 21:01:32 DEBUG cic.cs.unb.ca.jnetpcap.FlowGenerator    FlagFIN current has 1303 flow
2019-09-30 21:01:32 DEBUG cic.cs.unb.ca.jnetpcap.FlowGenerator    FlagFIN current has 1303 flow
2019-09-30 21:01:32 DEBUG cic.cs.unb.ca.jnetpcap.FlowGenerator    FlagFIN current has 1303 flow
2019-09-30 21:01:32 DEBUG cic.cs.unb.ca.jnetpcap.FlowGenerator    FlagFIN current has 1305 flow
2019-09-30 21:01:32 DEBUG cic.cs.unb.ca.jnetpcap.FlowGenerator    FlagFIN current has 1305 flow
2019-09-30 21:01:32 DEBUG cic.cs.unb.ca.jnetpcap.FlowGenerator    FlagFIN current has 1305 flow
2019-09-30 21:01:32 DEBUG cic.cs.unb.ca.jnetpcap.FlowGenerator    FlagFIN current has 1306 flow
2019-09-30 21:01:32 DEBUG cic.cs.unb.ca.jnetpcap.FlowGenerator    FlagFIN current has 1306 flow
2019-09-30 21:01:33 DEBUG cic.cs.unb.ca.jnetpcap.FlowGenerator    FlagFIN current has 1307 flow
2019-09-30 21:01:33 DEBUG cic.cs.unb.ca.jnetpcap.FlowGenerator    FlagFIN current has 1307 flow
2019-09-30 21:01:33 DEBUG cic.cs.unb.ca.jnetpcap.FlowGenerator    FlagFIN current has 1310 flow
2019-09-30 21:01:33 DEBUG cic.cs.unb.ca.jnetpcap.FlowGenerator    FlagFIN current has 1310 flow
2019-09-30 21:01:33 DEBUG cic.cs.unb.ca.jnetpcap.FlowGenerator    FlagFIN current has 1310 flow
2019-09-30 21:01:33 DEBUG cic.cs.unb.ca.jnetpcap.FlowGenerator    FlagFIN current has 1311 flow
2019-09-30 21:01:34 DEBUG cic.cs.unb.ca.jnetpcap.FlowGenerator    FlagFIN current has 1311 flow
2019-09-30 21:01:34 DEBUG cic.cs.unb.ca.jnetpcap.FlowGenerator    FlagFIN current has 1313 flow
2019-09-30 21:01:34 DEBUG cic.cs.unb.ca.jnetpcap.FlowGenerator    FlagFIN current has 1313 flow
2019-09-30 21:01:34 DEBUG cic.cs.unb.ca.jnetpcap.FlowGenerator    FlagFIN current has 1313 flow
2019-09-30 21:01:35 DEBUG cic.cs.unb.ca.jnetpcap.FlowGenerator    FlagFIN current has 1314 flow
2019-09-30 21:01:35 DEBUG cic.cs.unb.ca.jnetpcap.FlowGenerator    FlagFIN current has 1314 flow
2019-09-30 21:01:35 DEBUG cic.cs.unb.ca.jnetpcap.FlowGenerator    FlagFIN current has 1316 flow
2019-09-30 21:01:35 DEBUG cic.cs.unb.ca.jnetpcap.FlowGenerator    FlagFIN current has 1316 flow
2019-09-30 21:01:35 DEBUG cic.cs.unb.ca.jnetpcap.FlowGenerator    FlagFIN current has 1318 flow
2019-09-30 21:01:35 DEBUG cic.cs.unb.ca.jnetpcap.FlowGenerator    FlagFIN current has 1318 flow
2019-09-30 21:01:35 DEBUG cic.cs.unb.ca.jnetpcap.FlowGenerator    FlagFIN current has 1318 flow
2019-09-30 21:01:35 DEBUG cic.cs.unb.ca.jnetpcap.FlowGenerator    FlagFIN current has 1319 flow
2019-09-30 21:01:36 DEBUG cic.cs.unb.ca.jnetpcap.FlowGenerator    FlagFIN current has 1319 flow
2019-09-30 21:01:36 DEBUG cic.cs.unb.ca.jnetpcap.FlowGenerator    FlagFIN current has 1324 flow
2019-09-30 21:01:36 DEBUG cic.cs.unb.ca.jnetpcap.FlowGenerator    FlagFIN current has 1324 flow
2019-09-30 21:01:36 DEBUG cic.cs.unb.ca.jnetpcap.FlowGenerator    FlagFIN current has 1324 flow
2019-09-30 21:01:36 DEBUG cic.cs.unb.ca.jnetpcap.FlowGenerator    FlagFIN current has 1328 flow
2019-09-30 21:01:38 DEBUG cic.cs.unb.ca.jnetpcap.FlowGenerator    FlagFIN current has 1328 flow
2019-09-30 21:01:38 DEBUG cic.cs.unb.ca.jnetpcap.FlowGenerator    FlagFIN current has 1330 flow
2019-09-30 21:01:38 DEBUG cic.cs.unb.ca.jnetpcap.FlowGenerator    FlagFIN current has 1330 flow
2019-09-30 21:01:43 DEBUG cic.cs.unb.ca.jnetpcap.FlowGenerator    FlagFIN current has 1336 flow
2019-09-30 21:01:43 DEBUG cic.cs.unb.ca.jnetpcap.FlowGenerator    FlagFIN current has 1336 flow
2019-09-30 21:01:49 DEBUG cic.cs.unb.ca.jnetpcap.FlowGenerator    FlagFIN current has 1337 flow
2019-09-30 21:01:49 DEBUG cic.cs.unb.ca.jnetpcap.FlowGenerator    FlagFIN current has 1337 flow
2019-09-30 21:01:51 DEBUG cic.cs.unb.ca.jnetpcap.FlowGenerator    FlagFIN current has 1341 flow
2019-09-30 21:01:51 DEBUG cic.cs.unb.ca.jnetpcap.FlowGenerator    FlagFIN current has 1348 flow
2019-09-30 21:01:51 DEBUG cic.cs.unb.ca.jnetpcap.FlowGenerator    FlagFIN current has 1349 flow
2019-09-30 21:01:54 DEBUG cic.cs.unb.ca.jnetpcap.FlowGenerator    FlagFIN current has 1356 flow
2019-09-30 21:01:54 DEBUG cic.cs.unb.ca.jnetpcap.FlowGenerator    FlagFIN current has 1356 flow
2019-09-30 21:01:57 DEBUG cic.cs.unb.ca.jnetpcap.FlowGenerator    FlagFIN current has 1368 flow
2019-09-30 21:01:57 DEBUG cic.cs.unb.ca.jnetpcap.FlowGenerator    FlagFIN current has 1368 flow
2019-09-30 21:01:57 DEBUG cic.cs.unb.ca.jnetpcap.FlowGenerator    FlagFIN current has 1369 flow
2019-09-30 21:01:57 DEBUG cic.cs.unb.ca.jnetpcap.FlowGenerator    FlagFIN current has 1369 flow
2019-09-30 21:01:57 DEBUG cic.cs.unb.ca.jnetpcap.FlowGenerator    FlagFIN current has 1369 flow
2019-09-30 21:01:57 DEBUG cic.cs.unb.ca.jnetpcap.FlowGenerator    FlagFIN current has 1369 flow
2019-09-30 21:02:00 DEBUG cic.cs.unb.ca.jnetpcap.FlowGenerator    FlagFIN current has 1369 flow
2019-09-30 21:02:27 DEBUG cic.cs.unb.ca.jnetpcap.FlowGenerator    FlagFIN current has 1396 flow
2019-09-30 21:02:27 DEBUG cic.cs.unb.ca.jnetpcap.FlowGenerator    FlagFIN current has 1396 flow
2019-09-30 21:02:27 DEBUG cic.cs.unb.ca.jnetpcap.FlowGenerator    FlagFIN current has 1396 flow
2019-09-30 21:02:27 DEBUG cic.cs.unb.ca.jnetpcap.FlowGenerator    FlagFIN current has 1396 flow
2019-09-30 21:02:27 DEBUG cic.cs.unb.ca.jnetpcap.FlowGenerator    FlagFIN current has 1396 flow
2019-09-30 21:02:27 DEBUG cic.cs.unb.ca.jnetpcap.FlowGenerator    FlagFIN current has 1396 flow
2019-09-30 21:02:27 DEBUG cic.cs.unb.ca.jnetpcap.FlowGenerator    FlagFIN current has 1396 flow
2019-09-30 21:02:27 DEBUG cic.cs.unb.ca.jnetpcap.FlowGenerator    FlagFIN current has 1395 flow
2019-09-30 21:02:27 DEBUG cic.cs.unb.ca.jnetpcap.FlowGenerator    FlagFIN current has 1397 flow
2019-09-30 21:02:27 DEBUG cic.cs.unb.ca.jnetpcap.FlowGenerator    FlagFIN current has 1397 flow
2019-09-30 21:11:08 DEBUG cic.cs.unb.ca.jnetpcap.FlowGenerator    Timeout current has 1650 flow
2019-09-30 21:13:49 DEBUG cic.cs.unb.ca.jnetpcap.FlowGenerator    FlagFIN current has 1732 flow
2019-09-30 21:13:49 DEBUG cic.cs.unb.ca.jnetpcap.FlowGenerator    FlagFIN current has 1732 flow
2019-09-30 21:13:49 DEBUG cic.cs.unb.ca.jnetpcap.FlowGenerator    FlagFIN current has 1742 flow
2019-09-30 21:13:49 DEBUG cic.cs.unb.ca.jnetpcap.FlowGenerator    FlagFIN current has 1742 flow
2019-09-30 21:14:01 DEBUG cic.cs.unb.ca.jnetpcap.FlowGenerator    FlagFIN current has 1749 flow
2019-09-30 21:14:01 DEBUG cic.cs.unb.ca.jnetpcap.FlowGenerator    FlagFIN current has 1749 flow
2019-09-30 21:14:01 DEBUG cic.cs.unb.ca.jnetpcap.FlowGenerator    FlagFIN current has 1760 flow
2019-09-30 21:14:01 DEBUG cic.cs.unb.ca.jnetpcap.FlowGenerator    FlagFIN current has 1760 flow
2019-09-30 21:35:50 DEBUG cic.cs.unb.ca.jnetpcap.FlowGenerator    Timeout current has 2350 flow
2019-09-30 21:40:26 DEBUG cic.cs.unb.ca.jnetpcap.FlowGenerator    FlagFIN current has 2504 flow
2019-09-30 21:40:26 DEBUG cic.cs.unb.ca.jnetpcap.FlowGenerator    FlagFIN current has 2505 flow
2019-09-30 21:40:29 DEBUG cic.cs.unb.ca.jnetpcap.FlowGenerator    FlagFIN current has 2507 flow
2019-09-30 21:40:29 DEBUG cic.cs.unb.ca.jnetpcap.FlowGenerator    FlagFIN current has 2507 flow
2019-09-30 21:40:33 DEBUG cic.cs.unb.ca.jnetpcap.FlowGenerator    FlagFIN current has 2510 flow
2019-09-30 21:40:33 DEBUG cic.cs.unb.ca.jnetpcap.FlowGenerator    FlagFIN current has 2510 flow
2019-09-30 21:40:33 INFO  cic.cs.unb.ca.flow.ui.FlowMonitorPane    Pcap stop listening
2019-09-30 21:40:33 INFO  cic.cs.unb.ca.flow.ui.FlowMonitorPane    path:C:\Users\Wilfred Wulbou\Desktop\BSCS4\CS402\IDS\ids\CICFlowMeter-4.0\bin\data\daily\2019-09-30_Flow.csv
2019-09-30 21:40:34 DEBUG cic.cs.unb.ca.jnetpcap.worker.TrafficFlowWorker    break Packet loop
2019-09-30 21:40:55 INFO  cic.cs.unb.ca.jnetpcap.worker.TrafficFlowWorker    Pcap is listening...
2019-09-30 21:41:43 INFO  cic.cs.unb.ca.flow.ui.FlowMonitorPane    path:C:\Users\Wilfred Wulbou\Desktop\BSCS4\CS402\IDS\ids\CICFlowMeter-4.0\bin\data\daily\2019-09-30_Flow.csv
2019-09-30 21:42:48 INFO  cic.cs.unb.ca.flow.ui.FlowMonitorPane    path:C:\Users\Wilfred Wulbou\Desktop\BSCS4\CS402\IDS\ids\CICFlowMeter-4.0\bin\data\daily\2019-09-30_Flow.csv
2019-09-30 21:42:48 INFO  cic.cs.unb.ca.flow.ui.FlowMonitorPane    path:C:\Users\Wilfred Wulbou\Desktop\BSCS4\CS402\IDS\ids\CICFlowMeter-4.0\bin\data\daily\2019-09-30_Flow.csv
2019-09-30 21:42:49 INFO  cic.cs.unb.ca.flow.ui.FlowMonitorPane    path:C:\Users\Wilfred Wulbou\Desktop\BSCS4\CS402\IDS\ids\CICFlowMeter-4.0\bin\data\daily\2019-09-30_Flow.csv
2019-09-30 21:42:49 INFO  cic.cs.unb.ca.flow.ui.FlowMonitorPane    path:C:\Users\Wilfred Wulbou\Desktop\BSCS4\CS402\IDS\ids\CICFlowMeter-4.0\bin\data\daily\2019-09-30_Flow.csv
2019-09-30 21:42:57 DEBUG swing.common.SwingUtils    C:\Users\Wilfred Wulbou\Desktop\BSCS4\CS402\IDS\ids\CICFlowMeter-4.0\bin\data (Access is denied)
2019-09-30 21:42:57 DEBUG swing.common.SwingUtils    C:\Users\Wilfred Wulbou\Desktop\BSCS4\CS402\IDS\ids\CICFlowMeter-4.0\bin\logs (Access is denied)
2019-09-30 21:43:02 INFO  cic.cs.unb.ca.jnetpcap.worker.TrafficFlowWorker    Pcap is listening...
2019-09-30 21:43:26 DEBUG cic.cs.unb.ca.jnetpcap.FlowGenerator    FlagFIN current has 89 flow
2019-09-30 21:43:27 DEBUG cic.cs.unb.ca.jnetpcap.FlowGenerator    FlagFIN current has 96 flow
2019-09-30 21:43:27 DEBUG cic.cs.unb.ca.jnetpcap.FlowGenerator    FlagFIN current has 96 flow
2019-09-30 21:43:30 DEBUG cic.cs.unb.ca.jnetpcap.FlowGenerator    FlagFIN current has 103 flow
2019-09-30 21:43:30 DEBUG cic.cs.unb.ca.jnetpcap.FlowGenerator    FlagFIN current has 104 flow
2019-09-30 21:43:42 DEBUG cic.cs.unb.ca.jnetpcap.FlowGenerator    FlagFIN current has 128 flow
2019-09-30 21:43:53 DEBUG cic.cs.unb.ca.jnetpcap.FlowGenerator    FlagFIN current has 166 flow
2019-09-30 21:43:53 DEBUG cic.cs.unb.ca.jnetpcap.FlowGenerator    FlagFIN current has 166 flow
2019-09-30 21:43:54 DEBUG cic.cs.unb.ca.jnetpcap.FlowGenerator    FlagFIN current has 167 flow
2019-09-30 21:43:54 DEBUG cic.cs.unb.ca.jnetpcap.FlowGenerator    FlagFIN current has 167 flow
2019-09-30 21:43:58 DEBUG cic.cs.unb.ca.jnetpcap.FlowGenerator    FlagFIN current has 182 flow
2019-09-30 21:44:27 DEBUG cic.cs.unb.ca.jnetpcap.FlowGenerator    FlagFIN current has 249 flow
2019-09-30 21:44:27 DEBUG cic.cs.unb.ca.jnetpcap.FlowGenerator    FlagFIN current has 249 flow
2019-09-30 21:44:31 DEBUG cic.cs.unb.ca.jnetpcap.FlowGenerator    FlagFIN current has 262 flow
2019-09-30 21:44:31 DEBUG cic.cs.unb.ca.jnetpcap.FlowGenerator    FlagFIN current has 262 flow
2019-09-30 21:44:53 DEBUG cic.cs.unb.ca.jnetpcap.FlowGenerator    FlagFIN current has 309 flow
2019-09-30 21:44:53 DEBUG cic.cs.unb.ca.jnetpcap.FlowGenerator    FlagFIN current has 309 flow
2019-09-30 21:44:55 DEBUG cic.cs.unb.ca.jnetpcap.FlowGenerator    FlagFIN current has 310 flow
2019-09-30 21:44:55 DEBUG cic.cs.unb.ca.jnetpcap.FlowGenerator    FlagFIN current has 310 flow
2019-09-30 21:45:20 DEBUG cic.cs.unb.ca.jnetpcap.FlowGenerator    FlagFIN current has 362 flow
2019-09-30 21:45:23 DEBUG cic.cs.unb.ca.jnetpcap.FlowGenerator    FlagFIN current has 370 flow
2019-09-30 21:45:23 DEBUG cic.cs.unb.ca.jnetpcap.FlowGenerator    FlagFIN current has 370 flow
2019-09-30 21:45:23 DEBUG cic.cs.unb.ca.jnetpcap.FlowGenerator    FlagFIN current has 372 flow
2019-09-30 21:45:23 DEBUG cic.cs.unb.ca.jnetpcap.FlowGenerator    FlagFIN current has 372 flow
2019-09-30 21:45:54 DEBUG cic.cs.unb.ca.jnetpcap.FlowGenerator    FlagFIN current has 429 flow
2019-09-30 21:45:54 DEBUG cic.cs.unb.ca.jnetpcap.FlowGenerator    FlagFIN current has 429 flow
2019-09-30 21:45:54 DEBUG cic.cs.unb.ca.jnetpcap.FlowGenerator    FlagFIN current has 430 flow
2019-09-30 21:45:54 DEBUG cic.cs.unb.ca.jnetpcap.FlowGenerator    FlagFIN current has 430 flow
2019-09-30 21:46:23 DEBUG cic.cs.unb.ca.jnetpcap.FlowGenerator    FlagFIN current has 493 flow
2019-09-30 21:46:23 DEBUG cic.cs.unb.ca.jnetpcap.FlowGenerator    FlagFIN current has 493 flow
2019-09-30 21:46:24 DEBUG cic.cs.unb.ca.jnetpcap.FlowGenerator    FlagFIN current has 498 flow
2019-09-30 21:46:24 DEBUG cic.cs.unb.ca.jnetpcap.FlowGenerator    FlagFIN current has 498 flow
2019-09-30 21:46:53 DEBUG cic.cs.unb.ca.jnetpcap.FlowGenerator    FlagFIN current has 545 flow
2019-09-30 21:46:53 DEBUG cic.cs.unb.ca.jnetpcap.FlowGenerator    FlagFIN current has 547 flow
2019-09-30 21:46:53 DEBUG cic.cs.unb.ca.jnetpcap.FlowGenerator    FlagFIN current has 547 flow
2019-09-30 21:46:54 DEBUG cic.cs.unb.ca.jnetpcap.FlowGenerator    FlagFIN current has 548 flow
2019-09-30 21:46:54 DEBUG cic.cs.unb.ca.jnetpcap.FlowGenerator    FlagFIN current has 548 flow
2019-09-30 21:47:23 DEBUG cic.cs.unb.ca.jnetpcap.FlowGenerator    FlagFIN current has 594 flow
2019-09-30 21:47:23 DEBUG cic.cs.unb.ca.jnetpcap.FlowGenerator    FlagFIN current has 594 flow
2019-09-30 21:47:24 DEBUG cic.cs.unb.ca.jnetpcap.FlowGenerator    FlagFIN current has 596 flow
2019-09-30 21:47:24 DEBUG cic.cs.unb.ca.jnetpcap.FlowGenerator    FlagFIN current has 596 flow
2019-09-30 21:47:27 INFO  cic.cs.unb.ca.flow.ui.FlowMonitorPane    Pcap stop listening
2019-09-30 21:47:27 INFO  cic.cs.unb.ca.flow.ui.FlowMonitorPane    path:C:\Users\Wilfred Wulbou\Desktop\BSCS4\CS402\IDS\ids\CICFlowMeter-4.0\bin\data\daily\2019-09-30_Flow.csv
2019-09-30 21:47:28 DEBUG cic.cs.unb.ca.jnetpcap.worker.TrafficFlowWorker    break Packet loop
