2019-07-12 14:55:03 - Please select pcap!
2019-07-12 14:55:11 - Please select pcap!
2019-08-13 03:23:34 - Pcap is listening...
2019-08-13 03:23:54 - Pcap stop listening
2019-08-13 03:23:54 - path:D:\CIC-IDS-2017\CICFlowMeter-4.0\bin\data\daily\2019-08-13_Flow.csv
2019-08-13 04:01:59 - Pcap is listening...
2019-08-13 04:03:21 - Pcap stop listening
2019-08-13 04:03:21 - path:D:\CIC-IDS-2017\CICFlowMeter-4.0\bin\data\daily\2019-08-13_Flow.csv
2019-09-24 20:04:34 - Pcap is listening...
2019-09-24 20:04:54 - Pcap stop listening
2019-09-24 20:04:54 - path:D:\CIC-IDS-2017\CICFlowMeter-4.0\bin\data\daily\2019-09-24_Flow.csv
2019-09-24 20:06:25 - Pcap is listening...
2019-09-24 20:09:06 - Pcap stop listening
2019-09-24 20:09:06 - path:D:\CIC-IDS-2017\CICFlowMeter-4.0\bin\data\daily\2019-09-24_Flow.csv
2019-09-24 20:48:49 - Pcap is listening...
2019-09-24 20:49:14 - Pcap stop listening
2019-09-24 20:49:14 - path:D:\CIC-IDS-2017\CICFlowMeter-4.0\bin\data\daily\2019-09-24_Flow.csv
2019-09-24 20:49:26 - Pcap is listening...
2019-09-24 20:55:50 - Pcap stop listening
2019-09-24 20:55:50 - path:D:\CIC-IDS-2017\CICFlowMeter-4.0\bin\data\daily\2019-09-24_Flow.csv
2019-09-25 02:12:42 - Pcap is listening...
2019-09-25 02:13:32 - Pcap stop listening
2019-09-25 02:13:32 - path:D:\CIC-IDS-2017\CICFlowMeter-4.0\bin\data\daily\2019-09-25_Flow.csv
2019-09-25 02:14:14 - Pcap is listening...
2019-09-25 02:16:45 - Pcap stop listening
2019-09-25 02:16:45 - path:D:\CIC-IDS-2017\CICFlowMeter-4.0\bin\data\daily\2019-09-25_Flow.csv
2019-09-25 02:16:52 - Pcap is listening...
2019-09-25 02:43:45 - Pcap stop listening
2019-09-25 02:43:45 - path:D:\CIC-IDS-2017\CICFlowMeter-4.0\bin\data\daily\2019-09-25_Flow.csv
2019-09-28 21:09:01 - Pcap is listening...
2019-09-28 21:11:23 - Pcap stop listening
2019-09-28 21:11:23 - path:C:\Users\Wilfred Wulbou\Desktop\BSCS4\CS402\IDS\ids\CICFlowMeter-4.0\bin\data\daily\2019-09-28_Flow.csv
2019-09-28 23:00:29 - Pcap is listening...
2019-09-28 23:04:06 - Pcap stop listening
2019-09-28 23:04:06 - path:C:\Users\Wilfred Wulbou\Desktop\BSCS4\CS402\IDS\ids\CICFlowMeter-4.0\bin\data\daily\2019-09-28_Flow.csv
2019-09-29 00:06:01 - Pcap is listening...
2019-09-29 00:07:39 - Pcap stop listening
2019-09-29 00:07:39 - path:C:\Users\Wilfred Wulbou\Desktop\BSCS4\CS402\IDS\ids\CICFlowMeter-4.0\bin\data\daily\2019-09-29_Flow.csv
2019-09-29 00:08:01 - Pcap is listening...
2019-09-29 00:08:10 - Pcap stop listening
2019-09-29 00:08:10 - path:C:\Users\Wilfred Wulbou\Desktop\BSCS4\CS402\IDS\ids\CICFlowMeter-4.0\bin\data\daily\2019-09-29_Flow.csv
2019-09-29 00:08:35 - Pcap is listening...
2019-09-29 00:09:39 - Pcap stop listening
2019-09-29 00:09:39 - path:C:\Users\Wilfred Wulbou\Desktop\BSCS4\CS402\IDS\ids\CICFlowMeter-4.0\bin\data\daily\2019-09-29_Flow.csv
2019-09-29 00:38:26 - Pcap is listening...
2019-09-29 00:42:27 - path:C:\Users\Wilfred Wulbou\Desktop\BSCS4\CS402\IDS\ids\CICFlowMeter-4.0\bin\data\daily\2019-09-29_Flow.csv
2019-09-29 00:47:15 - path:C:\Users\Wilfred Wulbou\Desktop\BSCS4\CS402\IDS\ids\CICFlowMeter-4.0\bin\data\daily\2019-09-29_Flow.csv
2019-09-29 00:48:43 - Pcap is listening...
2019-09-29 00:49:26 - Pcap stop listening
2019-09-29 00:49:26 - path:C:\Users\Wilfred Wulbou\Desktop\BSCS4\CS402\IDS\ids\CICFlowMeter-4.0\bin\data\daily\2019-09-29_Flow.csv
2019-09-29 00:51:30 - Pcap is listening...
2019-09-29 00:54:45 - Pcap stop listening
2019-09-29 00:54:45 - path:C:\Users\Wilfred Wulbou\Desktop\BSCS4\CS402\IDS\ids\CICFlowMeter-4.0\bin\data\daily\2019-09-29_Flow.csv
2019-09-30 19:34:39 - Pcap is listening...
2019-09-30 19:35:17 - Pcap stop listening
2019-09-30 19:35:17 - path:C:\Users\Wilfred Wulbou\Desktop\BSCS4\CS402\IDS\ids\CICFlowMeter-4.0\bin\data\daily\2019-09-30_Flow.csv
2019-09-30 20:40:55 - path:C:\Users\Wilfred Wulbou\Desktop\BSCS4\CS402\IDS\ids\CICFlowMeter-4.0\bin\data\daily\2019-09-30_Flow.csv
2019-09-30 20:41:03 - Pcap is listening...
2019-09-30 20:41:26 - Pcap stop listening
2019-09-30 20:41:26 - path:C:\Users\Wilfred Wulbou\Desktop\BSCS4\CS402\IDS\ids\CICFlowMeter-4.0\bin\data\daily\2019-09-30_Flow.csv
2019-09-30 20:44:14 - path:C:\Users\Wilfred Wulbou\Desktop\BSCS4\CS402\IDS\ids\CICFlowMeter-4.0\bin\data\daily\2019-09-30_Flow.csv
2019-09-30 20:44:18 - Pcap is listening...
2019-09-30 21:40:33 - Pcap stop listening
2019-09-30 21:40:33 - path:C:\Users\Wilfred Wulbou\Desktop\BSCS4\CS402\IDS\ids\CICFlowMeter-4.0\bin\data\daily\2019-09-30_Flow.csv
2019-09-30 21:40:55 - Pcap is listening...
2019-09-30 21:41:43 - path:C:\Users\Wilfred Wulbou\Desktop\BSCS4\CS402\IDS\ids\CICFlowMeter-4.0\bin\data\daily\2019-09-30_Flow.csv
2019-09-30 21:42:48 - path:C:\Users\Wilfred Wulbou\Desktop\BSCS4\CS402\IDS\ids\CICFlowMeter-4.0\bin\data\daily\2019-09-30_Flow.csv
2019-09-30 21:42:48 - path:C:\Users\Wilfred Wulbou\Desktop\BSCS4\CS402\IDS\ids\CICFlowMeter-4.0\bin\data\daily\2019-09-30_Flow.csv
2019-09-30 21:42:49 - path:C:\Users\Wilfred Wulbou\Desktop\BSCS4\CS402\IDS\ids\CICFlowMeter-4.0\bin\data\daily\2019-09-30_Flow.csv
2019-09-30 21:42:49 - path:C:\Users\Wilfred Wulbou\Desktop\BSCS4\CS402\IDS\ids\CICFlowMeter-4.0\bin\data\daily\2019-09-30_Flow.csv
2019-09-30 21:43:02 - Pcap is listening...
2019-09-30 21:47:27 - Pcap stop listening
2019-09-30 21:47:27 - path:C:\Users\Wilfred Wulbou\Desktop\BSCS4\CS402\IDS\ids\CICFlowMeter-4.0\bin\data\daily\2019-09-30_Flow.csv
2019-10-01 22:58:41 - Pcap is listening...
2019-10-02 01:30:06 - Pcap stop listening
2019-10-02 01:30:06 - path:C:\Users\Wilfred Wulbou\Desktop\BSCS4\CS402\IDS\ids\CICFlowMeter-4.0\bin\data\daily\2019-10-02_Flow.csv
2019-10-02 06:49:01 - Pcap is listening...
2019-10-02 06:50:09 - Pcap stop listening
2019-10-02 06:50:09 - path:C:\Users\Wilfred Wulbou\Desktop\BSCS4\CS402\IDS\ids\CICFlowMeter-4.0\bin\data\daily\2019-10-02_Flow.csv
2019-10-02 06:50:12 - Pcap is listening...
2019-10-02 06:50:50 - Pcap stop listening
2019-10-02 06:50:50 - path:C:\Users\Wilfred Wulbou\Desktop\BSCS4\CS402\IDS\ids\CICFlowMeter-4.0\bin\data\daily\2019-10-02_Flow.csv
2019-10-02 06:51:27 - Pcap is listening...
2019-10-02 07:21:44 - Pcap is listening...
2019-10-02 07:24:59 - Pcap stop listening
2019-10-02 07:24:59 - path:C:\Users\Wilfred Wulbou\Desktop\BSCS4\CS402\IDS\ids\CICFlowMeter-4.0\bin\data\daily\2019-10-02_Flow.csv
2019-10-02 07:27:51 - Pcap is listening...
2019-10-03 18:53:19 - Please select pcap!
2019-10-03 18:53:23 - Please select pcap!
2019-10-03 18:53:48 - Please select pcap!
2019-10-03 18:54:54 - Pcap is listening...
2019-10-03 22:00:30 - Pcap is listening...
2019-10-03 22:23:34 - Pcap is listening...
2019-10-03 22:23:47 - Pcap stop listening
2019-10-03 22:23:47 - path:C:\Users\Wilfred Wulbou\Desktop\BSCS4\CS402\IDS\ids\CICFlowMeter-4.0\bin\data\daily\2019-10-03_Flow.csv
2019-10-03 22:34:31 - Pcap is listening...
2019-10-03 22:45:56 - Pcap is listening...
2019-10-03 22:46:14 - Pcap stop listening
2019-10-03 22:46:14 - path:C:\Users\Wilfred Wulbou\Desktop\BSCS4\CS402\IDS\ids\CICFlowMeter-4.0\bin\data\daily\2019-10-03_Flow.csv
2019-10-03 22:47:46 - Pcap is listening...
2019-10-03 22:47:54 - Pcap stop listening
2019-10-03 22:47:54 - path:C:\Users\Wilfred Wulbou\Desktop\BSCS4\CS402\IDS\ids\CICFlowMeter-4.0\bin\data\daily\2019-10-03_Flow.csv
2019-10-03 23:03:36 - Pcap is listening...
2019-10-03 23:04:04 - Pcap stop listening
2019-10-03 23:04:04 - path:C:\Users\Wilfred Wulbou\Desktop\BSCS4\CS402\IDS\ids\CICFlowMeter-4.0\bin\data\daily\2019-10-03_Flow.csv
2019-10-04 00:13:35 - Pcap is listening...
2019-10-04 00:13:46 - Pcap stop listening
2019-10-04 00:13:46 - path:C:\Users\Wilfred Wulbou\Desktop\BSCS4\CS402\IDS\ids\CICFlowMeter-4.0\bin\data\daily\2019-10-04_Flow.csv
2019-10-04 00:32:09 - Pcap is listening...
2019-10-04 01:01:41 - Pcap is listening...
2019-10-04 01:06:12 - Pcap is listening...
2019-10-04 01:47:11 - Pcap is listening...
2019-10-04 01:47:33 - Pcap stop listening
2019-10-04 01:47:33 - path:C:\Users\Wilfred Wulbou\Desktop\BSCS4\CS402\IDS\ids\CICFlowMeter-4.0\bin\data\daily\2019-10-04_Flow.csv
2019-10-04 02:58:14 - Pcap is listening...
2019-10-04 02:59:30 - Pcap stop listening
2019-10-04 02:59:50 - path:C:\Users\Wilfred Wulbou\Desktop\BSCS4\CS402\IDS\ids\CICFlowMeter-4.0\bin\data\daily\2019-10-04_Flow.csv
2019-10-04 03:16:42 - Pcap is listening...
2019-10-04 03:25:57 - Pcap is listening...
2019-10-04 03:26:06 - Pcap stop listening
2019-10-04 03:26:06 - path:C:\Users\Wilfred Wulbou\Desktop\BSCS4\CS402\IDS\ids\CICFlowMeter-4.0\bin\data\daily\2019-10-04_Flow.csv
2019-10-04 03:31:36 - Pcap is listening...
2019-10-04 03:31:48 - Pcap stop listening
2019-10-04 03:31:48 - path:C:\Users\Wilfred Wulbou\Desktop\BSCS4\CS402\IDS\ids\CICFlowMeter-4.0\bin\data\daily\2019-10-04_Flow.csv
2019-10-04 03:34:39 - Pcap is listening...
2019-10-04 04:07:36 - Pcap is listening...
2019-10-04 04:15:52 - Pcap is listening...
2019-10-04 04:17:25 - Pcap is listening...
2019-10-04 04:19:38 - Pcap is listening...
2019-10-08 14:46:30 - Pcap is listening...
2019-10-08 14:49:05 - path:C:\Users\Wilfred Wulbou\Desktop\BSCS4\CS402\IDS\ids\CICFlowMeter-4.0\bin\data\daily\2019-10-08_Flow.csv
2019-10-08 14:50:22 - Pcap is listening...
2019-10-08 14:50:31 - Pcap stop listening
2019-10-08 14:50:31 - path:C:\Users\Wilfred Wulbou\Desktop\BSCS4\CS402\IDS\ids\CICFlowMeter-4.0\bin\data\daily\2019-10-08_Flow.csv
2019-10-08 14:50:42 - path:C:\Users\Wilfred Wulbou\Desktop\BSCS4\CS402\IDS\ids\CICFlowMeter-4.0\bin\data\daily\2019-10-08_Flow.csv
2019-10-08 14:50:54 - Pcap is listening...
2019-10-08 14:51:07 - Pcap stop listening
2019-10-08 14:51:07 - path:C:\Users\Wilfred Wulbou\Desktop\BSCS4\CS402\IDS\ids\CICFlowMeter-4.0\bin\data\daily\2019-10-08_Flow.csv
2019-10-08 14:52:19 - Pcap is listening...
2019-10-08 14:56:16 - Pcap is listening...
2019-10-08 14:56:50 - Pcap stop listening
2019-10-08 14:56:50 - path:C:\Users\Wilfred Wulbou\Desktop\BSCS4\CS402\IDS\ids\CICFlowMeter-4.0\bin\data\daily\2019-10-08_Flow.csv
2019-10-08 15:23:58 - Pcap is listening...
2019-10-08 15:25:11 - path:C:\Users\Wilfred Wulbou\Desktop\BSCS4\CS402\IDS\ids\CICFlowMeter-4.0\bin\data\daily\2019-10-08_Flow.csv
2019-10-08 15:25:49 - Pcap is listening...
2019-10-08 16:01:06 - path:C:\Users\Wilfred Wulbou\Desktop\BSCS4\CS402\IDS\ids\CICFlowMeter-4.0\bin\data\daily\2019-10-08_Flow.csv
2019-10-08 16:02:48 - Pcap is listening...
2019-10-10 21:47:50 - Pcap is listening...
2019-10-15 02:13:39 - Pcap is listening...
2019-10-15 02:14:29 - Pcap is listening...
2019-10-16 03:51:00 - Pcap is listening...
2019-10-16 21:48:41 - Pcap is listening...
2019-10-16 21:48:47 - Pcap stop listening
2019-10-16 21:48:47 - path:C:\Users\Wilfred Wulbou\Desktop\BSCS4\CS402\IDS\ids\CICFlowMeter-4.0\bin\data\daily\2019-10-16_Flow.csv
2019-10-17 09:39:40 - Pcap is listening...
2019-10-17 09:43:59 - Pcap stop listening
2019-10-17 09:43:59 - path:C:\Users\Wilfred Wulbou\Desktop\BSCS4\CS402\IDS\ids\CICFlowMeter-4.0\bin\data\daily\2019-10-17_Flow.csv
2019-10-17 09:44:42 - Pcap is listening...
2019-10-17 09:45:22 - Pcap stop listening
2019-10-17 09:45:22 - path:C:\Users\Wilfred Wulbou\Desktop\BSCS4\CS402\IDS\ids\CICFlowMeter-4.0\bin\data\daily\2019-10-17_Flow.csv
2019-10-17 09:45:25 - Pcap is listening...
2019-10-17 09:49:54 - Pcap stop listening
2019-10-17 09:49:54 - path:C:\Users\Wilfred Wulbou\Desktop\BSCS4\CS402\IDS\ids\CICFlowMeter-4.0\bin\data\daily\2019-10-17_Flow.csv
2019-10-17 09:58:05 - Pcap is listening...
2019-10-17 09:58:55 - Pcap stop listening
2019-10-17 09:58:55 - path:C:\Users\Wilfred Wulbou\Desktop\BSCS4\CS402\IDS\ids\CICFlowMeter-4.0\bin\data\daily\2019-10-17_Flow.csv
2019-10-17 10:02:20 - Pcap is listening...
2019-10-17 10:10:10 - Pcap is listening...
2019-10-17 10:12:28 - Pcap is listening...
2019-10-17 13:35:41 - Pcap is listening...
2019-10-17 15:07:20 - Pcap is listening...
2019-10-28 12:47:29 - Pcap is listening...
2019-10-28 12:49:49 - Pcap stop listening
2019-10-28 12:49:49 - path:C:\Users\Wilfred Wulbou\Desktop\BSCS4\CS402\IDS\ids\CICFlowMeter-4.0\bin\data\daily\2019-10-28_Flow.csv
